<?xml version="1.0" encoding="UTF-8"?>
<testsuite xmlns:xsi="http://www.w3.org/2001/XMLSchema-instance" xsi:noNamespaceSchemaLocation="https://maven.apache.org/surefire/maven-failsafe-plugin/xsd/failsafe-test-report-3.0.xsd" version="3.0" name="starter.CucumberTestSuite" time="54.038" tests="3" errors="0" skipped="0" failures="0">
  <properties>
    <property name="sun.desktop" value="windows"/>
    <property name="awt.toolkit" value="sun.awt.windows.WToolkit"/>
    <property name="java.specification.version" value="1.8"/>
    <property name="file.encoding.pkg" value="sun.io"/>
    <property name="webdriver.chrome.driver" value="D:\AUTOMATION TEST\web-automation-kompas-with-serenity\src\test\resources\webdriver\chromedriver.exe"/>
    <property name="sun.cpu.isalist" value="pentium_pro+mmx pentium_pro pentium+mmx pentium i486 i386 i86"/>
    <property name="sun.jnu.encoding" value="Cp1252"/>
    <property name="java.class.path" value="D:\AUTOMATION TEST\web-automation-kompas-with-serenity\target\test-classes;D:\AUTOMATION TEST\web-automation-kompas-with-serenity\target\web-automation-kompas-with-serenity-1.0-SNAPSHOT.jar;C:\Users\ASUS\.m2\repository\net\serenity-bdd\serenity-core\3.2.1\serenity-core-3.2.1.jar;C:\Users\ASUS\.m2\repository\net\serenity-bdd\serenity-model\3.2.1\serenity-model-3.2.1.jar;C:\Users\ASUS\.m2\repository\org\apache\commons\commons-text\1.9\commons-text-1.9.jar;C:\Users\ASUS\.m2\repository\commons-net\commons-net\3.8.0\commons-net-3.8.0.jar;C:\Users\ASUS\.m2\repository\com\google\guava\guava\31.1-jre\guava-31.1-jre.jar;C:\Users\ASUS\.m2\repository\com\google\guava\failureaccess\1.0.1\failureaccess-1.0.1.jar;C:\Users\ASUS\.m2\repository\com\google\guava\listenablefuture\9999.0-empty-to-avoid-conflict-with-guava\listenablefuture-9999.0-empty-to-avoid-conflict-with-guava.jar;C:\Users\ASUS\.m2\repository\com\google\code\findbugs\jsr305\3.0.2\jsr305-3.0.2.jar;C:\Users\ASUS\.m2\repository\org\checkerframework\checker-qual\3.12.0\checker-qual-3.12.0.jar;C:\Users\ASUS\.m2\repository\com\google\errorprone\error_prone_annotations\2.11.0\error_prone_annotations-2.11.0.jar;C:\Users\ASUS\.m2\repository\com\google\j2objc\j2objc-annotations\1.3\j2objc-annotations-1.3.jar;C:\Users\ASUS\.m2\repository\com\google\inject\guice\5.1.0\guice-5.1.0.jar;C:\Users\ASUS\.m2\repository\javax\inject\javax.inject\1\javax.inject-1.jar;C:\Users\ASUS\.m2\repository\aopalliance\aopalliance\1.0\aopalliance-1.0.jar;C:\Users\ASUS\.m2\repository\org\jsoup\jsoup\1.14.3\jsoup-1.14.3.jar;C:\Users\ASUS\.m2\repository\com\thoughtworks\xstream\xstream\1.4.19\xstream-1.4.19.jar;C:\Users\ASUS\.m2\repository\io\github\x-stream\mxparser\1.2.2\mxparser-1.2.2.jar;C:\Users\ASUS\.m2\repository\xmlpull\xmlpull\1.1.3.1\xmlpull-1.1.3.1.jar;C:\Users\ASUS\.m2\repository\io\cucumber\cucumber-java\7.2.3\cucumber-java-7.2.3.jar;C:\Users\ASUS\.m2\repository\com\typesafe\config\1.4.2\config-1.4.2.jar;C:\Users\ASUS\.m2\repository\org\imgscalr\imgscalr-lib\4.2\imgscalr-lib-4.2.jar;C:\Users\ASUS\.m2\repository\org\awaitility\awaitility\4.2.0\awaitility-4.2.0.jar;C:\Users\ASUS\.m2\repository\org\freemarker\freemarker\2.3.31\freemarker-2.3.31.jar;C:\Users\ASUS\.m2\repository\io\github\classgraph\classgraph\4.8.138\classgraph-4.8.138.jar;C:\Users\ASUS\.m2\repository\net\sourceforge\jexcelapi\jxl\2.6.12\jxl-2.6.12.jar;C:\Users\ASUS\.m2\repository\net\bytebuddy\byte-buddy\1.12.8\byte-buddy-1.12.8.jar;C:\Users\ASUS\.m2\repository\net\bytebuddy\byte-buddy-agent\1.12.8\byte-buddy-agent-1.12.8.jar;C:\Users\ASUS\.m2\repository\org\objenesis\objenesis\3.1\objenesis-3.1.jar;C:\Users\ASUS\.m2\repository\net\serenity-bdd\serenity-reports\3.2.1\serenity-reports-3.2.1.jar;C:\Users\ASUS\.m2\repository\net\serenity-bdd\serenity-stats\3.2.1\serenity-stats-3.2.1.jar;C:\Users\ASUS\.m2\repository\net\serenity-bdd\serenity-reports-configuration\3.2.1\serenity-reports-configuration-3.2.1.jar;C:\Users\ASUS\.m2\repository\com\vladsch\flexmark\flexmark-all\0.34.30\flexmark-all-0.34.30.jar;C:\Users\ASUS\.m2\repository\com\vladsch\flexmark\flexmark\0.34.30\flexmark-0.34.30.jar;C:\Users\ASUS\.m2\repository\com\vladsch\flexmark\flexmark-ext-abbreviation\0.34.30\flexmark-ext-abbreviation-0.34.30.jar;C:\Users\ASUS\.m2\repository\com\vladsch\flexmark\flexmark-ext-admonition\0.34.30\flexmark-ext-admonition-0.34.30.jar;C:\Users\ASUS\.m2\repository\com\vladsch\flexmark\flexmark-ext-anchorlink\0.34.30\flexmark-ext-anchorlink-0.34.30.jar;C:\Users\ASUS\.m2\repository\com\vladsch\flexmark\flexmark-ext-aside\0.34.30\flexmark-ext-aside-0.34.30.jar;C:\Users\ASUS\.m2\repository\com\vladsch\flexmark\flexmark-ext-attributes\0.34.30\flexmark-ext-attributes-0.34.30.jar;C:\Users\ASUS\.m2\repository\com\vladsch\flexmark\flexmark-ext-autolink\0.34.30\flexmark-ext-autolink-0.34.30.jar;C:\Users\ASUS\.m2\repository\org\nibor\autolink\autolink\0.6.0\autolink-0.6.0.jar;C:\Users\ASUS\.m2\repository\com\vladsch\flexmark\flexmark-ext-definition\0.34.30\flexmark-ext-definition-0.34.30.jar;C:\Users\ASUS\.m2\repository\com\vladsch\flexmark\flexmark-ext-emoji\0.34.30\flexmark-ext-emoji-0.34.30.jar;C:\Users\ASUS\.m2\repository\com\vladsch\flexmark\flexmark-ext-enumerated-reference\0.34.30\flexmark-ext-enumerated-reference-0.34.30.jar;C:\Users\ASUS\.m2\repository\com\vladsch\flexmark\flexmark-ext-escaped-character\0.34.30\flexmark-ext-escaped-character-0.34.30.jar;C:\Users\ASUS\.m2\repository\com\vladsch\flexmark\flexmark-ext-footnotes\0.34.30\flexmark-ext-footnotes-0.34.30.jar;C:\Users\ASUS\.m2\repository\com\vladsch\flexmark\flexmark-ext-gfm-issues\0.34.30\flexmark-ext-gfm-issues-0.34.30.jar;C:\Users\ASUS\.m2\repository\com\vladsch\flexmark\flexmark-ext-gfm-strikethrough\0.34.30\flexmark-ext-gfm-strikethrough-0.34.30.jar;C:\Users\ASUS\.m2\repository\com\vladsch\flexmark\flexmark-ext-gfm-tables\0.34.30\flexmark-ext-gfm-tables-0.34.30.jar;C:\Users\ASUS\.m2\repository\com\vladsch\flexmark\flexmark-ext-gfm-tasklist\0.34.30\flexmark-ext-gfm-tasklist-0.34.30.jar;C:\Users\ASUS\.m2\repository\com\vladsch\flexmark\flexmark-ext-gfm-users\0.34.30\flexmark-ext-gfm-users-0.34.30.jar;C:\Users\ASUS\.m2\repository\com\vladsch\flexmark\flexmark-ext-gitlab\0.34.30\flexmark-ext-gitlab-0.34.30.jar;C:\Users\ASUS\.m2\repository\com\vladsch\flexmark\flexmark-ext-jekyll-front-matter\0.34.30\flexmark-ext-jekyll-front-matter-0.34.30.jar;C:\Users\ASUS\.m2\repository\com\vladsch\flexmark\flexmark-ext-jekyll-tag\0.34.30\flexmark-ext-jekyll-tag-0.34.30.jar;C:\Users\ASUS\.m2\repository\com\vladsch\flexmark\flexmark-ext-media-tags\0.34.30\flexmark-ext-media-tags-0.34.30.jar;C:\Users\ASUS\.m2\repository\com\vladsch\flexmark\flexmark-test-util\0.34.30\flexmark-test-util-0.34.30.jar;C:\Users\ASUS\.m2\repository\com\vladsch\flexmark\flexmark-ext-ins\0.34.30\flexmark-ext-ins-0.34.30.jar;C:\Users\ASUS\.m2\repository\com\vladsch\flexmark\flexmark-ext-xwiki-macros\0.34.30\flexmark-ext-xwiki-macros-0.34.30.jar;C:\Users\ASUS\.m2\repository\com\vladsch\flexmark\flexmark-ext-superscript\0.34.30\flexmark-ext-superscript-0.34.30.jar;C:\Users\ASUS\.m2\repository\com\vladsch\flexmark\flexmark-ext-tables\0.34.30\flexmark-ext-tables-0.34.30.jar;C:\Users\ASUS\.m2\repository\com\vladsch\flexmark\flexmark-ext-toc\0.34.30\flexmark-ext-toc-0.34.30.jar;C:\Users\ASUS\.m2\repository\com\vladsch\flexmark\flexmark-ext-typographic\0.34.30\flexmark-ext-typographic-0.34.30.jar;C:\Users\ASUS\.m2\repository\com\vladsch\flexmark\flexmark-ext-wikilink\0.34.30\flexmark-ext-wikilink-0.34.30.jar;C:\Users\ASUS\.m2\repository\com\vladsch\flexmark\flexmark-ext-yaml-front-matter\0.34.30\flexmark-ext-yaml-front-matter-0.34.30.jar;C:\Users\ASUS\.m2\repository\com\vladsch\flexmark\flexmark-ext-youtube-embedded\0.34.30\flexmark-ext-youtube-embedded-0.34.30.jar;C:\Users\ASUS\.m2\repository\com\vladsch\flexmark\flexmark-formatter\0.34.30\flexmark-formatter-0.34.30.jar;C:\Users\ASUS\.m2\repository\com\vladsch\flexmark\flexmark-html-parser\0.34.30\flexmark-html-parser-0.34.30.jar;C:\Users\ASUS\.m2\repository\com\vladsch\flexmark\flexmark-jira-converter\0.34.30\flexmark-jira-converter-0.34.30.jar;C:\Users\ASUS\.m2\repository\com\vladsch\flexmark\flexmark-pdf-converter\0.34.30\flexmark-pdf-converter-0.34.30.jar;C:\Users\ASUS\.m2\repository\com\openhtmltopdf\openhtmltopdf-core\0.0.1-RC13\openhtmltopdf-core-0.0.1-RC13.jar;C:\Users\ASUS\.m2\repository\com\openhtmltopdf\openhtmltopdf-pdfbox\0.0.1-RC13\openhtmltopdf-pdfbox-0.0.1-RC13.jar;C:\Users\ASUS\.m2\repository\org\apache\pdfbox\pdfbox\2.0.8\pdfbox-2.0.8.jar;C:\Users\ASUS\.m2\repository\org\apache\pdfbox\fontbox\2.0.8\fontbox-2.0.8.jar;C:\Users\ASUS\.m2\repository\commons-logging\commons-logging\1.2\commons-logging-1.2.jar;C:\Users\ASUS\.m2\repository\org\apache\pdfbox\xmpbox\2.0.8\xmpbox-2.0.8.jar;C:\Users\ASUS\.m2\repository\de\rototor\pdfbox\graphics2d\0.12\graphics2d-0.12.jar;C:\Users\ASUS\.m2\repository\com\openhtmltopdf\openhtmltopdf-rtl-support\0.0.1-RC13\openhtmltopdf-rtl-support-0.0.1-RC13.jar;C:\Users\ASUS\.m2\repository\com\ibm\icu\icu4j\59.1\icu4j-59.1.jar;C:\Users\ASUS\.m2\repository\com\openhtmltopdf\openhtmltopdf-jsoup-dom-converter\0.0.1-RC13\openhtmltopdf-jsoup-dom-converter-0.0.1-RC13.jar;C:\Users\ASUS\.m2\repository\com\vladsch\flexmark\flexmark-profile-pegdown\0.34.30\flexmark-profile-pegdown-0.34.30.jar;C:\Users\ASUS\.m2\repository\com\vladsch\flexmark\flexmark-util\0.34.30\flexmark-util-0.34.30.jar;C:\Users\ASUS\.m2\repository\com\vladsch\flexmark\flexmark-youtrack-converter\0.34.30\flexmark-youtrack-converter-0.34.30.jar;C:\Users\ASUS\.m2\repository\es\nitaur\markdown\txtmark\0.16\txtmark-0.16.jar;C:\Users\ASUS\.m2\repository\net\serenity-bdd\serenity-report-resources\3.2.1\serenity-report-resources-3.2.1.jar;C:\Users\ASUS\.m2\repository\com\google\code\gson\gson\2.9.0\gson-2.9.0.jar;C:\Users\ASUS\.m2\repository\com\fasterxml\jackson\core\jackson-core\2.13.2\jackson-core-2.13.2.jar;C:\Users\ASUS\.m2\repository\com\fasterxml\jackson\core\jackson-databind\2.13.2\jackson-databind-2.13.2.jar;C:\Users\ASUS\.m2\repository\com\fasterxml\jackson\core\jackson-annotations\2.13.2\jackson-annotations-2.13.2.jar;C:\Users\ASUS\.m2\repository\commons-codec\commons-codec\1.15\commons-codec-1.15.jar;C:\Users\ASUS\.m2\repository\commons-io\commons-io\2.11.0\commons-io-2.11.0.jar;C:\Users\ASUS\.m2\repository\org\seleniumhq\selenium\selenium-java\4.1.2\selenium-java-4.1.2.jar;C:\Users\ASUS\.m2\repository\org\seleniumhq\selenium\selenium-devtools-v85\4.1.2\selenium-devtools-v85-4.1.2.jar;C:\Users\ASUS\.m2\repository\org\seleniumhq\selenium\selenium-devtools-v95\4.1.2\selenium-devtools-v95-4.1.2.jar;C:\Users\ASUS\.m2\repository\org\seleniumhq\selenium\selenium-devtools-v96\4.1.2\selenium-devtools-v96-4.1.2.jar;C:\Users\ASUS\.m2\repository\org\seleniumhq\selenium\selenium-devtools-v97\4.1.2\selenium-devtools-v97-4.1.2.jar;C:\Users\ASUS\.m2\repository\org\seleniumhq\selenium\selenium-firefox-xpi-driver\4.1.2\selenium-firefox-xpi-driver-4.1.2.jar;C:\Users\ASUS\.m2\repository\org\seleniumhq\selenium\selenium-opera-driver\4.1.2\selenium-opera-driver-4.1.2.jar;C:\Users\ASUS\.m2\repository\org\seleniumhq\selenium\selenium-remote-driver\4.1.2\selenium-remote-driver-4.1.2.jar;C:\Users\ASUS\.m2\repository\com\beust\jcommander\1.82\jcommander-1.82.jar;C:\Users\ASUS\.m2\repository\io\netty\netty-buffer\4.1.73.Final\netty-buffer-4.1.73.Final.jar;C:\Users\ASUS\.m2\repository\io\netty\netty-codec-http\4.1.73.Final\netty-codec-http-4.1.73.Final.jar;C:\Users\ASUS\.m2\repository\io\netty\netty-codec\4.1.73.Final\netty-codec-4.1.73.Final.jar;C:\Users\ASUS\.m2\repository\io\netty\netty-handler\4.1.73.Final\netty-handler-4.1.73.Final.jar;C:\Users\ASUS\.m2\repository\io\netty\netty-tcnative-classes\2.0.46.Final\netty-tcnative-classes-2.0.46.Final.jar;C:\Users\ASUS\.m2\repository\io\netty\netty-common\4.1.73.Final\netty-common-4.1.73.Final.jar;C:\Users\ASUS\.m2\repository\io\netty\netty-transport-classes-epoll\4.1.73.Final\netty-transport-classes-epoll-4.1.73.Final.jar;C:\Users\ASUS\.m2\repository\io\netty\netty-transport-classes-kqueue\4.1.73.Final\netty-transport-classes-kqueue-4.1.73.Final.jar;C:\Users\ASUS\.m2\repository\io\netty\netty-transport-native-epoll\4.1.73.Final\netty-transport-native-epoll-4.1.73.Final.jar;C:\Users\ASUS\.m2\repository\io\netty\netty-transport-native-kqueue\4.1.73.Final\netty-transport-native-kqueue-4.1.73.Final.jar;C:\Users\ASUS\.m2\repository\io\netty\netty-transport-native-unix-common\4.1.73.Final\netty-transport-native-unix-common-4.1.73.Final.jar;C:\Users\ASUS\.m2\repository\io\netty\netty-transport\4.1.73.Final\netty-transport-4.1.73.Final.jar;C:\Users\ASUS\.m2\repository\io\netty\netty-resolver\4.1.73.Final\netty-resolver-4.1.73.Final.jar;C:\Users\ASUS\.m2\repository\io\opentelemetry\opentelemetry-api\1.10.1\opentelemetry-api-1.10.1.jar;C:\Users\ASUS\.m2\repository\io\opentelemetry\opentelemetry-context\1.10.1\opentelemetry-context-1.10.1.jar;C:\Users\ASUS\.m2\repository\io\opentelemetry\opentelemetry-exporter-logging\1.10.1\opentelemetry-exporter-logging-1.10.1.jar;C:\Users\ASUS\.m2\repository\io\opentelemetry\opentelemetry-sdk-metrics\1.10.1-alpha\opentelemetry-sdk-metrics-1.10.1-alpha.jar;C:\Users\ASUS\.m2\repository\io\opentelemetry\opentelemetry-sdk-logs\1.10.1-alpha\opentelemetry-sdk-logs-1.10.1-alpha.jar;C:\Users\ASUS\.m2\repository\io\opentelemetry\opentelemetry-sdk-common\1.10.1\opentelemetry-sdk-common-1.10.1.jar;C:\Users\ASUS\.m2\repository\io\opentelemetry\opentelemetry-sdk-extension-autoconfigure-spi\1.10.1\opentelemetry-sdk-extension-autoconfigure-spi-1.10.1.jar;C:\Users\ASUS\.m2\repository\io\opentelemetry\opentelemetry-sdk-extension-autoconfigure\1.10.1-alpha\opentelemetry-sdk-extension-autoconfigure-1.10.1-alpha.jar;C:\Users\ASUS\.m2\repository\io\opentelemetry\opentelemetry-sdk-trace\1.10.1\opentelemetry-sdk-trace-1.10.1.jar;C:\Users\ASUS\.m2\repository\io\opentelemetry\opentelemetry-sdk\1.10.1\opentelemetry-sdk-1.10.1.jar;C:\Users\ASUS\.m2\repository\io\opentelemetry\opentelemetry-semconv\1.10.1-alpha\opentelemetry-semconv-1.10.1-alpha.jar;C:\Users\ASUS\.m2\repository\io\ous\jtoml\2.0.0\jtoml-2.0.0.jar;C:\Users\ASUS\.m2\repository\org\apache\commons\commons-exec\1.3\commons-exec-1.3.jar;C:\Users\ASUS\.m2\repository\org\asynchttpclient\async-http-client\2.12.3\async-http-client-2.12.3.jar;C:\Users\ASUS\.m2\repository\org\asynchttpclient\async-http-client-netty-utils\2.12.3\async-http-client-netty-utils-2.12.3.jar;C:\Users\ASUS\.m2\repository\io\netty\netty-codec-socks\4.1.60.Final\netty-codec-socks-4.1.60.Final.jar;C:\Users\ASUS\.m2\repository\io\netty\netty-handler-proxy\4.1.60.Final\netty-handler-proxy-4.1.60.Final.jar;C:\Users\ASUS\.m2\repository\io\netty\netty-transport-native-epoll\4.1.60.Final\netty-transport-native-epoll-4.1.60.Final-linux-x86_64.jar;C:\Users\ASUS\.m2\repository\io\netty\netty-transport-native-kqueue\4.1.60.Final\netty-transport-native-kqueue-4.1.60.Final-osx-x86_64.jar;C:\Users\ASUS\.m2\repository\org\reactivestreams\reactive-streams\1.0.3\reactive-streams-1.0.3.jar;C:\Users\ASUS\.m2\repository\com\typesafe\netty\netty-reactive-streams\2.0.4\netty-reactive-streams-2.0.4.jar;C:\Users\ASUS\.m2\repository\org\seleniumhq\selenium\selenium-http\4.1.2\selenium-http-4.1.2.jar;C:\Users\ASUS\.m2\repository\net\jodah\failsafe\2.4.4\failsafe-2.4.4.jar;C:\Users\ASUS\.m2\repository\org\seleniumhq\selenium\selenium-safari-driver\4.1.2\selenium-safari-driver-4.1.2.jar;C:\Users\ASUS\.m2\repository\org\seleniumhq\selenium\selenium-api\4.1.2\selenium-api-4.1.2.jar;C:\Users\ASUS\.m2\repository\org\seleniumhq\selenium\selenium-support\4.1.2\selenium-support-4.1.2.jar;C:\Users\ASUS\.m2\repository\com\google\auto\service\auto-service-annotations\1.0.1\auto-service-annotations-1.0.1.jar;C:\Users\ASUS\.m2\repository\com\google\auto\service\auto-service\1.0.1\auto-service-1.0.1.jar;C:\Users\ASUS\.m2\repository\com\google\auto\auto-common\1.2\auto-common-1.2.jar;C:\Users\ASUS\.m2\repository\org\seleniumhq\selenium\selenium-json\4.1.2\selenium-json-4.1.2.jar;C:\Users\ASUS\.m2\repository\org\seleniumhq\selenium\selenium-chrome-driver\4.1.2\selenium-chrome-driver-4.1.2.jar;C:\Users\ASUS\.m2\repository\org\seleniumhq\selenium\selenium-chromium-driver\4.1.2\selenium-chromium-driver-4.1.2.jar;C:\Users\ASUS\.m2\repository\org\seleniumhq\selenium\selenium-firefox-driver\4.1.2\selenium-firefox-driver-4.1.2.jar;C:\Users\ASUS\.m2\repository\org\seleniumhq\selenium\selenium-edge-driver\4.1.2\selenium-edge-driver-4.1.2.jar;C:\Users\ASUS\.m2\repository\org\seleniumhq\selenium\selenium-ie-driver\4.1.2\selenium-ie-driver-4.1.2.jar;C:\Users\ASUS\.m2\repository\org\projectlombok\lombok\1.18.20\lombok-1.18.20.jar;C:\Users\ASUS\.m2\repository\io\appium\java-client\8.0.0\java-client-8.0.0.jar;C:\Users\ASUS\.m2\repository\commons-validator\commons-validator\1.7\commons-validator-1.7.jar;C:\Users\ASUS\.m2\repository\commons-digester\commons-digester\2.1\commons-digester-2.1.jar;C:\Users\ASUS\.m2\repository\org\aspectj\aspectjweaver\1.9.8\aspectjweaver-1.9.8.jar;C:\Users\ASUS\.m2\repository\org\codehaus\groovy\groovy\3.0.10\groovy-3.0.10.jar;C:\Users\ASUS\.m2\repository\net\sf\opencsv\opencsv\2.0\opencsv-2.0.jar;C:\Users\ASUS\.m2\repository\commons-beanutils\commons-beanutils\1.9.4\commons-beanutils-1.9.4.jar;C:\Users\ASUS\.m2\repository\org\apache\commons\commons-lang3\3.12.0\commons-lang3-3.12.0.jar;C:\Users\ASUS\.m2\repository\commons-collections\commons-collections\3.2.2\commons-collections-3.2.2.jar;C:\Users\ASUS\.m2\repository\org\fluentlenium\fluentlenium-core\0.10.2\fluentlenium-core-0.10.2.jar;C:\Users\ASUS\.m2\repository\io\github\bonigarcia\webdrivermanager\5.1.0\webdrivermanager-5.1.0.jar;C:\Users\ASUS\.m2\repository\com\github\docker-java\docker-java\3.2.13\docker-java-3.2.13.jar;C:\Users\ASUS\.m2\repository\com\github\docker-java\docker-java-core\3.2.13\docker-java-core-3.2.13.jar;C:\Users\ASUS\.m2\repository\com\github\docker-java\docker-java-api\3.2.13\docker-java-api-3.2.13.jar;C:\Users\ASUS\.m2\repository\org\apache\commons\commons-compress\1.21\commons-compress-1.21.jar;C:\Users\ASUS\.m2\repository\org\bouncycastle\bcpkix-jdk15on\1.64\bcpkix-jdk15on-1.64.jar;C:\Users\ASUS\.m2\repository\org\bouncycastle\bcprov-jdk15on\1.64\bcprov-jdk15on-1.64.jar;C:\Users\ASUS\.m2\repository\org\slf4j\jcl-over-slf4j\1.7.30\jcl-over-slf4j-1.7.30.jar;C:\Users\ASUS\.m2\repository\com\github\docker-java\docker-java-transport-httpclient5\3.2.13\docker-java-transport-httpclient5-3.2.13.jar;C:\Users\ASUS\.m2\repository\com\github\docker-java\docker-java-transport\3.2.13\docker-java-transport-3.2.13.jar;C:\Users\ASUS\.m2\repository\org\apache\httpcomponents\client5\httpclient5\5.0.3\httpclient5-5.0.3.jar;C:\Users\ASUS\.m2\repository\org\apache\httpcomponents\core5\httpcore5\5.0.2\httpcore5-5.0.2.jar;C:\Users\ASUS\.m2\repository\net\java\dev\jna\jna\5.8.0\jna-5.8.0.jar;C:\Users\ASUS\.m2\repository\org\brotli\dec\0.1.2\dec-0.1.2.jar;C:\Users\ASUS\.m2\repository\com\jhlabs\filters\2.0.235\filters-2.0.235.jar;C:\Users\ASUS\.m2\repository\com\paulhammant\ngwebdriver\1.1.6\ngwebdriver-1.1.6.jar;C:\Users\ASUS\.m2\repository\joda-time\joda-time\2.8.2\joda-time-2.8.2.jar;C:\Users\ASUS\.m2\repository\org\hamcrest\hamcrest\2.2\hamcrest-2.2.jar;C:\Users\ASUS\.m2\repository\com\google\jimfs\jimfs\1.2\jimfs-1.2.jar;C:\Users\ASUS\.m2\repository\org\mockito\mockito-core\3.3.3\mockito-core-3.3.3.jar;C:\Users\ASUS\.m2\repository\javax\xml\bind\jaxb-api\2.3.1\jaxb-api-2.3.1.jar;C:\Users\ASUS\.m2\repository\javax\activation\javax.activation-api\1.2.0\javax.activation-api-1.2.0.jar;C:\Users\ASUS\.m2\repository\com\sun\xml\bind\jaxb-core\2.3.0.1\jaxb-core-2.3.0.1.jar;C:\Users\ASUS\.m2\repository\com\sun\xml\bind\jaxb-impl\2.3.3\jaxb-impl-2.3.3.jar;C:\Users\ASUS\.m2\repository\jakarta\xml\bind\jakarta.xml.bind-api\2.3.3\jakarta.xml.bind-api-2.3.3.jar;C:\Users\ASUS\.m2\repository\com\sun\activation\jakarta.activation\1.2.2\jakarta.activation-1.2.2.jar;C:\Users\ASUS\.m2\repository\javax\activation\activation\1.1.1\activation-1.1.1.jar;C:\Users\ASUS\.m2\repository\net\serenity-bdd\serenity-cucumber\3.2.1\serenity-cucumber-3.2.1.jar;C:\Users\ASUS\.m2\repository\io\cucumber\cucumber-core\7.2.3\cucumber-core-7.2.3.jar;C:\Users\ASUS\.m2\repository\io\cucumber\cucumber-gherkin\7.2.3\cucumber-gherkin-7.2.3.jar;C:\Users\ASUS\.m2\repository\io\cucumber\cucumber-gherkin-messages\7.2.3\cucumber-gherkin-messages-7.2.3.jar;C:\Users\ASUS\.m2\repository\io\cucumber\messages\17.1.1\messages-17.1.1.jar;C:\Users\ASUS\.m2\repository\io\cucumber\tag-expressions\4.1.0\tag-expressions-4.1.0.jar;C:\Users\ASUS\.m2\repository\io\cucumber\cucumber-expressions\15.0.1\cucumber-expressions-15.0.1.jar;C:\Users\ASUS\.m2\repository\io\cucumber\datatable\7.2.3\datatable-7.2.3.jar;C:\Users\ASUS\.m2\repository\io\cucumber\cucumber-plugin\7.2.3\cucumber-plugin-7.2.3.jar;C:\Users\ASUS\.m2\repository\io\cucumber\docstring\7.2.3\docstring-7.2.3.jar;C:\Users\ASUS\.m2\repository\io\cucumber\html-formatter\17.0.0\html-formatter-17.0.0.jar;C:\Users\ASUS\.m2\repository\io\cucumber\ci-environment\8.1.0\ci-environment-8.1.0.jar;C:\Users\ASUS\.m2\repository\io\cucumber\cucumber-junit\7.2.3\cucumber-junit-7.2.3.jar;C:\Users\ASUS\.m2\repository\org\apache\commons\commons-csv\1.5\commons-csv-1.5.jar;C:\Users\ASUS\.m2\repository\net\serenity-bdd\serenity-screenplay\3.2.1\serenity-screenplay-3.2.1.jar;C:\Users\ASUS\.m2\repository\net\serenity-bdd\serenity-screenplay-webdriver\3.2.1\serenity-screenplay-webdriver-3.2.1.jar;C:\Users\ASUS\.m2\repository\net\serenity-bdd\serenity-ensure\3.2.1\serenity-ensure-3.2.1.jar;C:\Users\ASUS\.m2\repository\net\serenity-bdd\serenity-junit\3.2.1\serenity-junit-3.2.1.jar;C:\Users\ASUS\.m2\repository\org\jetbrains\kotlin\kotlin-stdlib\1.6.0\kotlin-stdlib-1.6.0.jar;C:\Users\ASUS\.m2\repository\org\jetbrains\annotations\13.0\annotations-13.0.jar;C:\Users\ASUS\.m2\repository\org\jetbrains\kotlin\kotlin-stdlib-common\1.6.0\kotlin-stdlib-common-1.6.0.jar;C:\Users\ASUS\.m2\repository\org\junit\platform\junit-platform-launcher\1.8.1\junit-platform-launcher-1.8.1.jar;C:\Users\ASUS\.m2\repository\org\junit\platform\junit-platform-engine\1.8.1\junit-platform-engine-1.8.1.jar;C:\Users\ASUS\.m2\repository\org\opentest4j\opentest4j\1.2.0\opentest4j-1.2.0.jar;C:\Users\ASUS\.m2\repository\org\junit\platform\junit-platform-commons\1.8.1\junit-platform-commons-1.8.1.jar;C:\Users\ASUS\.m2\repository\org\apiguardian\apiguardian-api\1.1.2\apiguardian-api-1.1.2.jar;C:\Users\ASUS\.m2\repository\org\junit\jupiter\junit-jupiter-engine\5.8.2\junit-jupiter-engine-5.8.2.jar;C:\Users\ASUS\.m2\repository\org\junit\jupiter\junit-jupiter-api\5.8.2\junit-jupiter-api-5.8.2.jar;C:\Users\ASUS\.m2\repository\org\junit\vintage\junit-vintage-engine\5.8.2\junit-vintage-engine-5.8.2.jar;C:\Users\ASUS\.m2\repository\junit\junit\4.13.2\junit-4.13.2.jar;C:\Users\ASUS\.m2\repository\org\hamcrest\hamcrest-core\1.3\hamcrest-core-1.3.jar;C:\Users\ASUS\.m2\repository\ch\qos\logback\logback-classic\1.2.10\logback-classic-1.2.10.jar;C:\Users\ASUS\.m2\repository\ch\qos\logback\logback-core\1.2.10\logback-core-1.2.10.jar;C:\Users\ASUS\.m2\repository\org\slf4j\slf4j-api\1.7.32\slf4j-api-1.7.32.jar;C:\Users\ASUS\.m2\repository\org\assertj\assertj-core\3.6.2\assertj-core-3.6.2.jar;"/>
    <property name="java.vm.vendor" value="Oracle Corporation"/>
    <property name="sun.arch.data.model" value="32"/>
    <property name="user.variant" value=""/>
    <property name="java.vendor.url" value="http://java.oracle.com/"/>
    <property name="user.timezone" value="Asia/Bangkok"/>
    <property name="java.vm.specification.version" value="1.8"/>
    <property name="os.name" value="Windows 11"/>
    <property name="user.country" value="US"/>
    <property name="sun.java.launcher" value="SUN_STANDARD"/>
    <property name="sun.boot.library.path" value="C:\Program Files (x86)\Java\jdk1.8.0_321\jre\bin"/>
    <property name="sun.java.command" value="C:\Users\ASUS\AppData\Local\Temp\surefire6539122508798433236\surefirebooter4688468946952110632.jar C:\Users\ASUS\AppData\Local\Temp\surefire6539122508798433236 2022-06-21T21-09-48_822-jvmRun1 surefire7833378605655507664tmp surefire_01177388189009053027tmp"/>
    <property name="surefire.test.class.path" value="D:\AUTOMATION TEST\web-automation-kompas-with-serenity\target\test-classes;D:\AUTOMATION TEST\web-automation-kompas-with-serenity\target\web-automation-kompas-with-serenity-1.0-SNAPSHOT.jar;C:\Users\ASUS\.m2\repository\net\serenity-bdd\serenity-core\3.2.1\serenity-core-3.2.1.jar;C:\Users\ASUS\.m2\repository\net\serenity-bdd\serenity-model\3.2.1\serenity-model-3.2.1.jar;C:\Users\ASUS\.m2\repository\org\apache\commons\commons-text\1.9\commons-text-1.9.jar;C:\Users\ASUS\.m2\repository\commons-net\commons-net\3.8.0\commons-net-3.8.0.jar;C:\Users\ASUS\.m2\repository\com\google\guava\guava\31.1-jre\guava-31.1-jre.jar;C:\Users\ASUS\.m2\repository\com\google\guava\failureaccess\1.0.1\failureaccess-1.0.1.jar;C:\Users\ASUS\.m2\repository\com\google\guava\listenablefuture\9999.0-empty-to-avoid-conflict-with-guava\listenablefuture-9999.0-empty-to-avoid-conflict-with-guava.jar;C:\Users\ASUS\.m2\repository\com\google\code\findbugs\jsr305\3.0.2\jsr305-3.0.2.jar;C:\Users\ASUS\.m2\repository\org\checkerframework\checker-qual\3.12.0\checker-qual-3.12.0.jar;C:\Users\ASUS\.m2\repository\com\google\errorprone\error_prone_annotations\2.11.0\error_prone_annotations-2.11.0.jar;C:\Users\ASUS\.m2\repository\com\google\j2objc\j2objc-annotations\1.3\j2objc-annotations-1.3.jar;C:\Users\ASUS\.m2\repository\com\google\inject\guice\5.1.0\guice-5.1.0.jar;C:\Users\ASUS\.m2\repository\javax\inject\javax.inject\1\javax.inject-1.jar;C:\Users\ASUS\.m2\repository\aopalliance\aopalliance\1.0\aopalliance-1.0.jar;C:\Users\ASUS\.m2\repository\org\jsoup\jsoup\1.14.3\jsoup-1.14.3.jar;C:\Users\ASUS\.m2\repository\com\thoughtworks\xstream\xstream\1.4.19\xstream-1.4.19.jar;C:\Users\ASUS\.m2\repository\io\github\x-stream\mxparser\1.2.2\mxparser-1.2.2.jar;C:\Users\ASUS\.m2\repository\xmlpull\xmlpull\1.1.3.1\xmlpull-1.1.3.1.jar;C:\Users\ASUS\.m2\repository\io\cucumber\cucumber-java\7.2.3\cucumber-java-7.2.3.jar;C:\Users\ASUS\.m2\repository\com\typesafe\config\1.4.2\config-1.4.2.jar;C:\Users\ASUS\.m2\repository\org\imgscalr\imgscalr-lib\4.2\imgscalr-lib-4.2.jar;C:\Users\ASUS\.m2\repository\org\awaitility\awaitility\4.2.0\awaitility-4.2.0.jar;C:\Users\ASUS\.m2\repository\org\freemarker\freemarker\2.3.31\freemarker-2.3.31.jar;C:\Users\ASUS\.m2\repository\io\github\classgraph\classgraph\4.8.138\classgraph-4.8.138.jar;C:\Users\ASUS\.m2\repository\net\sourceforge\jexcelapi\jxl\2.6.12\jxl-2.6.12.jar;C:\Users\ASUS\.m2\repository\net\bytebuddy\byte-buddy\1.12.8\byte-buddy-1.12.8.jar;C:\Users\ASUS\.m2\repository\net\bytebuddy\byte-buddy-agent\1.12.8\byte-buddy-agent-1.12.8.jar;C:\Users\ASUS\.m2\repository\org\objenesis\objenesis\3.1\objenesis-3.1.jar;C:\Users\ASUS\.m2\repository\net\serenity-bdd\serenity-reports\3.2.1\serenity-reports-3.2.1.jar;C:\Users\ASUS\.m2\repository\net\serenity-bdd\serenity-stats\3.2.1\serenity-stats-3.2.1.jar;C:\Users\ASUS\.m2\repository\net\serenity-bdd\serenity-reports-configuration\3.2.1\serenity-reports-configuration-3.2.1.jar;C:\Users\ASUS\.m2\repository\com\vladsch\flexmark\flexmark-all\0.34.30\flexmark-all-0.34.30.jar;C:\Users\ASUS\.m2\repository\com\vladsch\flexmark\flexmark\0.34.30\flexmark-0.34.30.jar;C:\Users\ASUS\.m2\repository\com\vladsch\flexmark\flexmark-ext-abbreviation\0.34.30\flexmark-ext-abbreviation-0.34.30.jar;C:\Users\ASUS\.m2\repository\com\vladsch\flexmark\flexmark-ext-admonition\0.34.30\flexmark-ext-admonition-0.34.30.jar;C:\Users\ASUS\.m2\repository\com\vladsch\flexmark\flexmark-ext-anchorlink\0.34.30\flexmark-ext-anchorlink-0.34.30.jar;C:\Users\ASUS\.m2\repository\com\vladsch\flexmark\flexmark-ext-aside\0.34.30\flexmark-ext-aside-0.34.30.jar;C:\Users\ASUS\.m2\repository\com\vladsch\flexmark\flexmark-ext-attributes\0.34.30\flexmark-ext-attributes-0.34.30.jar;C:\Users\ASUS\.m2\repository\com\vladsch\flexmark\flexmark-ext-autolink\0.34.30\flexmark-ext-autolink-0.34.30.jar;C:\Users\ASUS\.m2\repository\org\nibor\autolink\autolink\0.6.0\autolink-0.6.0.jar;C:\Users\ASUS\.m2\repository\com\vladsch\flexmark\flexmark-ext-definition\0.34.30\flexmark-ext-definition-0.34.30.jar;C:\Users\ASUS\.m2\repository\com\vladsch\flexmark\flexmark-ext-emoji\0.34.30\flexmark-ext-emoji-0.34.30.jar;C:\Users\ASUS\.m2\repository\com\vladsch\flexmark\flexmark-ext-enumerated-reference\0.34.30\flexmark-ext-enumerated-reference-0.34.30.jar;C:\Users\ASUS\.m2\repository\com\vladsch\flexmark\flexmark-ext-escaped-character\0.34.30\flexmark-ext-escaped-character-0.34.30.jar;C:\Users\ASUS\.m2\repository\com\vladsch\flexmark\flexmark-ext-footnotes\0.34.30\flexmark-ext-footnotes-0.34.30.jar;C:\Users\ASUS\.m2\repository\com\vladsch\flexmark\flexmark-ext-gfm-issues\0.34.30\flexmark-ext-gfm-issues-0.34.30.jar;C:\Users\ASUS\.m2\repository\com\vladsch\flexmark\flexmark-ext-gfm-strikethrough\0.34.30\flexmark-ext-gfm-strikethrough-0.34.30.jar;C:\Users\ASUS\.m2\repository\com\vladsch\flexmark\flexmark-ext-gfm-tables\0.34.30\flexmark-ext-gfm-tables-0.34.30.jar;C:\Users\ASUS\.m2\repository\com\vladsch\flexmark\flexmark-ext-gfm-tasklist\0.34.30\flexmark-ext-gfm-tasklist-0.34.30.jar;C:\Users\ASUS\.m2\repository\com\vladsch\flexmark\flexmark-ext-gfm-users\0.34.30\flexmark-ext-gfm-users-0.34.30.jar;C:\Users\ASUS\.m2\repository\com\vladsch\flexmark\flexmark-ext-gitlab\0.34.30\flexmark-ext-gitlab-0.34.30.jar;C:\Users\ASUS\.m2\repository\com\vladsch\flexmark\flexmark-ext-jekyll-front-matter\0.34.30\flexmark-ext-jekyll-front-matter-0.34.30.jar;C:\Users\ASUS\.m2\repository\com\vladsch\flexmark\flexmark-ext-jekyll-tag\0.34.30\flexmark-ext-jekyll-tag-0.34.30.jar;C:\Users\ASUS\.m2\repository\com\vladsch\flexmark\flexmark-ext-media-tags\0.34.30\flexmark-ext-media-tags-0.34.30.jar;C:\Users\ASUS\.m2\repository\com\vladsch\flexmark\flexmark-test-util\0.34.30\flexmark-test-util-0.34.30.jar;C:\Users\ASUS\.m2\repository\com\vladsch\flexmark\flexmark-ext-ins\0.34.30\flexmark-ext-ins-0.34.30.jar;C:\Users\ASUS\.m2\repository\com\vladsch\flexmark\flexmark-ext-xwiki-macros\0.34.30\flexmark-ext-xwiki-macros-0.34.30.jar;C:\Users\ASUS\.m2\repository\com\vladsch\flexmark\flexmark-ext-superscript\0.34.30\flexmark-ext-superscript-0.34.30.jar;C:\Users\ASUS\.m2\repository\com\vladsch\flexmark\flexmark-ext-tables\0.34.30\flexmark-ext-tables-0.34.30.jar;C:\Users\ASUS\.m2\repository\com\vladsch\flexmark\flexmark-ext-toc\0.34.30\flexmark-ext-toc-0.34.30.jar;C:\Users\ASUS\.m2\repository\com\vladsch\flexmark\flexmark-ext-typographic\0.34.30\flexmark-ext-typographic-0.34.30.jar;C:\Users\ASUS\.m2\repository\com\vladsch\flexmark\flexmark-ext-wikilink\0.34.30\flexmark-ext-wikilink-0.34.30.jar;C:\Users\ASUS\.m2\repository\com\vladsch\flexmark\flexmark-ext-yaml-front-matter\0.34.30\flexmark-ext-yaml-front-matter-0.34.30.jar;C:\Users\ASUS\.m2\repository\com\vladsch\flexmark\flexmark-ext-youtube-embedded\0.34.30\flexmark-ext-youtube-embedded-0.34.30.jar;C:\Users\ASUS\.m2\repository\com\vladsch\flexmark\flexmark-formatter\0.34.30\flexmark-formatter-0.34.30.jar;C:\Users\ASUS\.m2\repository\com\vladsch\flexmark\flexmark-html-parser\0.34.30\flexmark-html-parser-0.34.30.jar;C:\Users\ASUS\.m2\repository\com\vladsch\flexmark\flexmark-jira-converter\0.34.30\flexmark-jira-converter-0.34.30.jar;C:\Users\ASUS\.m2\repository\com\vladsch\flexmark\flexmark-pdf-converter\0.34.30\flexmark-pdf-converter-0.34.30.jar;C:\Users\ASUS\.m2\repository\com\openhtmltopdf\openhtmltopdf-core\0.0.1-RC13\openhtmltopdf-core-0.0.1-RC13.jar;C:\Users\ASUS\.m2\repository\com\openhtmltopdf\openhtmltopdf-pdfbox\0.0.1-RC13\openhtmltopdf-pdfbox-0.0.1-RC13.jar;C:\Users\ASUS\.m2\repository\org\apache\pdfbox\pdfbox\2.0.8\pdfbox-2.0.8.jar;C:\Users\ASUS\.m2\repository\org\apache\pdfbox\fontbox\2.0.8\fontbox-2.0.8.jar;C:\Users\ASUS\.m2\repository\commons-logging\commons-logging\1.2\commons-logging-1.2.jar;C:\Users\ASUS\.m2\repository\org\apache\pdfbox\xmpbox\2.0.8\xmpbox-2.0.8.jar;C:\Users\ASUS\.m2\repository\de\rototor\pdfbox\graphics2d\0.12\graphics2d-0.12.jar;C:\Users\ASUS\.m2\repository\com\openhtmltopdf\openhtmltopdf-rtl-support\0.0.1-RC13\openhtmltopdf-rtl-support-0.0.1-RC13.jar;C:\Users\ASUS\.m2\repository\com\ibm\icu\icu4j\59.1\icu4j-59.1.jar;C:\Users\ASUS\.m2\repository\com\openhtmltopdf\openhtmltopdf-jsoup-dom-converter\0.0.1-RC13\openhtmltopdf-jsoup-dom-converter-0.0.1-RC13.jar;C:\Users\ASUS\.m2\repository\com\vladsch\flexmark\flexmark-profile-pegdown\0.34.30\flexmark-profile-pegdown-0.34.30.jar;C:\Users\ASUS\.m2\repository\com\vladsch\flexmark\flexmark-util\0.34.30\flexmark-util-0.34.30.jar;C:\Users\ASUS\.m2\repository\com\vladsch\flexmark\flexmark-youtrack-converter\0.34.30\flexmark-youtrack-converter-0.34.30.jar;C:\Users\ASUS\.m2\repository\es\nitaur\markdown\txtmark\0.16\txtmark-0.16.jar;C:\Users\ASUS\.m2\repository\net\serenity-bdd\serenity-report-resources\3.2.1\serenity-report-resources-3.2.1.jar;C:\Users\ASUS\.m2\repository\com\google\code\gson\gson\2.9.0\gson-2.9.0.jar;C:\Users\ASUS\.m2\repository\com\fasterxml\jackson\core\jackson-core\2.13.2\jackson-core-2.13.2.jar;C:\Users\ASUS\.m2\repository\com\fasterxml\jackson\core\jackson-databind\2.13.2\jackson-databind-2.13.2.jar;C:\Users\ASUS\.m2\repository\com\fasterxml\jackson\core\jackson-annotations\2.13.2\jackson-annotations-2.13.2.jar;C:\Users\ASUS\.m2\repository\commons-codec\commons-codec\1.15\commons-codec-1.15.jar;C:\Users\ASUS\.m2\repository\commons-io\commons-io\2.11.0\commons-io-2.11.0.jar;C:\Users\ASUS\.m2\repository\org\seleniumhq\selenium\selenium-java\4.1.2\selenium-java-4.1.2.jar;C:\Users\ASUS\.m2\repository\org\seleniumhq\selenium\selenium-devtools-v85\4.1.2\selenium-devtools-v85-4.1.2.jar;C:\Users\ASUS\.m2\repository\org\seleniumhq\selenium\selenium-devtools-v95\4.1.2\selenium-devtools-v95-4.1.2.jar;C:\Users\ASUS\.m2\repository\org\seleniumhq\selenium\selenium-devtools-v96\4.1.2\selenium-devtools-v96-4.1.2.jar;C:\Users\ASUS\.m2\repository\org\seleniumhq\selenium\selenium-devtools-v97\4.1.2\selenium-devtools-v97-4.1.2.jar;C:\Users\ASUS\.m2\repository\org\seleniumhq\selenium\selenium-firefox-xpi-driver\4.1.2\selenium-firefox-xpi-driver-4.1.2.jar;C:\Users\ASUS\.m2\repository\org\seleniumhq\selenium\selenium-opera-driver\4.1.2\selenium-opera-driver-4.1.2.jar;C:\Users\ASUS\.m2\repository\org\seleniumhq\selenium\selenium-remote-driver\4.1.2\selenium-remote-driver-4.1.2.jar;C:\Users\ASUS\.m2\repository\com\beust\jcommander\1.82\jcommander-1.82.jar;C:\Users\ASUS\.m2\repository\io\netty\netty-buffer\4.1.73.Final\netty-buffer-4.1.73.Final.jar;C:\Users\ASUS\.m2\repository\io\netty\netty-codec-http\4.1.73.Final\netty-codec-http-4.1.73.Final.jar;C:\Users\ASUS\.m2\repository\io\netty\netty-codec\4.1.73.Final\netty-codec-4.1.73.Final.jar;C:\Users\ASUS\.m2\repository\io\netty\netty-handler\4.1.73.Final\netty-handler-4.1.73.Final.jar;C:\Users\ASUS\.m2\repository\io\netty\netty-tcnative-classes\2.0.46.Final\netty-tcnative-classes-2.0.46.Final.jar;C:\Users\ASUS\.m2\repository\io\netty\netty-common\4.1.73.Final\netty-common-4.1.73.Final.jar;C:\Users\ASUS\.m2\repository\io\netty\netty-transport-classes-epoll\4.1.73.Final\netty-transport-classes-epoll-4.1.73.Final.jar;C:\Users\ASUS\.m2\repository\io\netty\netty-transport-classes-kqueue\4.1.73.Final\netty-transport-classes-kqueue-4.1.73.Final.jar;C:\Users\ASUS\.m2\repository\io\netty\netty-transport-native-epoll\4.1.73.Final\netty-transport-native-epoll-4.1.73.Final.jar;C:\Users\ASUS\.m2\repository\io\netty\netty-transport-native-kqueue\4.1.73.Final\netty-transport-native-kqueue-4.1.73.Final.jar;C:\Users\ASUS\.m2\repository\io\netty\netty-transport-native-unix-common\4.1.73.Final\netty-transport-native-unix-common-4.1.73.Final.jar;C:\Users\ASUS\.m2\repository\io\netty\netty-transport\4.1.73.Final\netty-transport-4.1.73.Final.jar;C:\Users\ASUS\.m2\repository\io\netty\netty-resolver\4.1.73.Final\netty-resolver-4.1.73.Final.jar;C:\Users\ASUS\.m2\repository\io\opentelemetry\opentelemetry-api\1.10.1\opentelemetry-api-1.10.1.jar;C:\Users\ASUS\.m2\repository\io\opentelemetry\opentelemetry-context\1.10.1\opentelemetry-context-1.10.1.jar;C:\Users\ASUS\.m2\repository\io\opentelemetry\opentelemetry-exporter-logging\1.10.1\opentelemetry-exporter-logging-1.10.1.jar;C:\Users\ASUS\.m2\repository\io\opentelemetry\opentelemetry-sdk-metrics\1.10.1-alpha\opentelemetry-sdk-metrics-1.10.1-alpha.jar;C:\Users\ASUS\.m2\repository\io\opentelemetry\opentelemetry-sdk-logs\1.10.1-alpha\opentelemetry-sdk-logs-1.10.1-alpha.jar;C:\Users\ASUS\.m2\repository\io\opentelemetry\opentelemetry-sdk-common\1.10.1\opentelemetry-sdk-common-1.10.1.jar;C:\Users\ASUS\.m2\repository\io\opentelemetry\opentelemetry-sdk-extension-autoconfigure-spi\1.10.1\opentelemetry-sdk-extension-autoconfigure-spi-1.10.1.jar;C:\Users\ASUS\.m2\repository\io\opentelemetry\opentelemetry-sdk-extension-autoconfigure\1.10.1-alpha\opentelemetry-sdk-extension-autoconfigure-1.10.1-alpha.jar;C:\Users\ASUS\.m2\repository\io\opentelemetry\opentelemetry-sdk-trace\1.10.1\opentelemetry-sdk-trace-1.10.1.jar;C:\Users\ASUS\.m2\repository\io\opentelemetry\opentelemetry-sdk\1.10.1\opentelemetry-sdk-1.10.1.jar;C:\Users\ASUS\.m2\repository\io\opentelemetry\opentelemetry-semconv\1.10.1-alpha\opentelemetry-semconv-1.10.1-alpha.jar;C:\Users\ASUS\.m2\repository\io\ous\jtoml\2.0.0\jtoml-2.0.0.jar;C:\Users\ASUS\.m2\repository\org\apache\commons\commons-exec\1.3\commons-exec-1.3.jar;C:\Users\ASUS\.m2\repository\org\asynchttpclient\async-http-client\2.12.3\async-http-client-2.12.3.jar;C:\Users\ASUS\.m2\repository\org\asynchttpclient\async-http-client-netty-utils\2.12.3\async-http-client-netty-utils-2.12.3.jar;C:\Users\ASUS\.m2\repository\io\netty\netty-codec-socks\4.1.60.Final\netty-codec-socks-4.1.60.Final.jar;C:\Users\ASUS\.m2\repository\io\netty\netty-handler-proxy\4.1.60.Final\netty-handler-proxy-4.1.60.Final.jar;C:\Users\ASUS\.m2\repository\io\netty\netty-transport-native-epoll\4.1.60.Final\netty-transport-native-epoll-4.1.60.Final-linux-x86_64.jar;C:\Users\ASUS\.m2\repository\io\netty\netty-transport-native-kqueue\4.1.60.Final\netty-transport-native-kqueue-4.1.60.Final-osx-x86_64.jar;C:\Users\ASUS\.m2\repository\org\reactivestreams\reactive-streams\1.0.3\reactive-streams-1.0.3.jar;C:\Users\ASUS\.m2\repository\com\typesafe\netty\netty-reactive-streams\2.0.4\netty-reactive-streams-2.0.4.jar;C:\Users\ASUS\.m2\repository\org\seleniumhq\selenium\selenium-http\4.1.2\selenium-http-4.1.2.jar;C:\Users\ASUS\.m2\repository\net\jodah\failsafe\2.4.4\failsafe-2.4.4.jar;C:\Users\ASUS\.m2\repository\org\seleniumhq\selenium\selenium-safari-driver\4.1.2\selenium-safari-driver-4.1.2.jar;C:\Users\ASUS\.m2\repository\org\seleniumhq\selenium\selenium-api\4.1.2\selenium-api-4.1.2.jar;C:\Users\ASUS\.m2\repository\org\seleniumhq\selenium\selenium-support\4.1.2\selenium-support-4.1.2.jar;C:\Users\ASUS\.m2\repository\com\google\auto\service\auto-service-annotations\1.0.1\auto-service-annotations-1.0.1.jar;C:\Users\ASUS\.m2\repository\com\google\auto\service\auto-service\1.0.1\auto-service-1.0.1.jar;C:\Users\ASUS\.m2\repository\com\google\auto\auto-common\1.2\auto-common-1.2.jar;C:\Users\ASUS\.m2\repository\org\seleniumhq\selenium\selenium-json\4.1.2\selenium-json-4.1.2.jar;C:\Users\ASUS\.m2\repository\org\seleniumhq\selenium\selenium-chrome-driver\4.1.2\selenium-chrome-driver-4.1.2.jar;C:\Users\ASUS\.m2\repository\org\seleniumhq\selenium\selenium-chromium-driver\4.1.2\selenium-chromium-driver-4.1.2.jar;C:\Users\ASUS\.m2\repository\org\seleniumhq\selenium\selenium-firefox-driver\4.1.2\selenium-firefox-driver-4.1.2.jar;C:\Users\ASUS\.m2\repository\org\seleniumhq\selenium\selenium-edge-driver\4.1.2\selenium-edge-driver-4.1.2.jar;C:\Users\ASUS\.m2\repository\org\seleniumhq\selenium\selenium-ie-driver\4.1.2\selenium-ie-driver-4.1.2.jar;C:\Users\ASUS\.m2\repository\org\projectlombok\lombok\1.18.20\lombok-1.18.20.jar;C:\Users\ASUS\.m2\repository\io\appium\java-client\8.0.0\java-client-8.0.0.jar;C:\Users\ASUS\.m2\repository\commons-validator\commons-validator\1.7\commons-validator-1.7.jar;C:\Users\ASUS\.m2\repository\commons-digester\commons-digester\2.1\commons-digester-2.1.jar;C:\Users\ASUS\.m2\repository\org\aspectj\aspectjweaver\1.9.8\aspectjweaver-1.9.8.jar;C:\Users\ASUS\.m2\repository\org\codehaus\groovy\groovy\3.0.10\groovy-3.0.10.jar;C:\Users\ASUS\.m2\repository\net\sf\opencsv\opencsv\2.0\opencsv-2.0.jar;C:\Users\ASUS\.m2\repository\commons-beanutils\commons-beanutils\1.9.4\commons-beanutils-1.9.4.jar;C:\Users\ASUS\.m2\repository\org\apache\commons\commons-lang3\3.12.0\commons-lang3-3.12.0.jar;C:\Users\ASUS\.m2\repository\commons-collections\commons-collections\3.2.2\commons-collections-3.2.2.jar;C:\Users\ASUS\.m2\repository\org\fluentlenium\fluentlenium-core\0.10.2\fluentlenium-core-0.10.2.jar;C:\Users\ASUS\.m2\repository\io\github\bonigarcia\webdrivermanager\5.1.0\webdrivermanager-5.1.0.jar;C:\Users\ASUS\.m2\repository\com\github\docker-java\docker-java\3.2.13\docker-java-3.2.13.jar;C:\Users\ASUS\.m2\repository\com\github\docker-java\docker-java-core\3.2.13\docker-java-core-3.2.13.jar;C:\Users\ASUS\.m2\repository\com\github\docker-java\docker-java-api\3.2.13\docker-java-api-3.2.13.jar;C:\Users\ASUS\.m2\repository\org\apache\commons\commons-compress\1.21\commons-compress-1.21.jar;C:\Users\ASUS\.m2\repository\org\bouncycastle\bcpkix-jdk15on\1.64\bcpkix-jdk15on-1.64.jar;C:\Users\ASUS\.m2\repository\org\bouncycastle\bcprov-jdk15on\1.64\bcprov-jdk15on-1.64.jar;C:\Users\ASUS\.m2\repository\org\slf4j\jcl-over-slf4j\1.7.30\jcl-over-slf4j-1.7.30.jar;C:\Users\ASUS\.m2\repository\com\github\docker-java\docker-java-transport-httpclient5\3.2.13\docker-java-transport-httpclient5-3.2.13.jar;C:\Users\ASUS\.m2\repository\com\github\docker-java\docker-java-transport\3.2.13\docker-java-transport-3.2.13.jar;C:\Users\ASUS\.m2\repository\org\apache\httpcomponents\client5\httpclient5\5.0.3\httpclient5-5.0.3.jar;C:\Users\ASUS\.m2\repository\org\apache\httpcomponents\core5\httpcore5\5.0.2\httpcore5-5.0.2.jar;C:\Users\ASUS\.m2\repository\net\java\dev\jna\jna\5.8.0\jna-5.8.0.jar;C:\Users\ASUS\.m2\repository\org\brotli\dec\0.1.2\dec-0.1.2.jar;C:\Users\ASUS\.m2\repository\com\jhlabs\filters\2.0.235\filters-2.0.235.jar;C:\Users\ASUS\.m2\repository\com\paulhammant\ngwebdriver\1.1.6\ngwebdriver-1.1.6.jar;C:\Users\ASUS\.m2\repository\joda-time\joda-time\2.8.2\joda-time-2.8.2.jar;C:\Users\ASUS\.m2\repository\org\hamcrest\hamcrest\2.2\hamcrest-2.2.jar;C:\Users\ASUS\.m2\repository\com\google\jimfs\jimfs\1.2\jimfs-1.2.jar;C:\Users\ASUS\.m2\repository\org\mockito\mockito-core\3.3.3\mockito-core-3.3.3.jar;C:\Users\ASUS\.m2\repository\javax\xml\bind\jaxb-api\2.3.1\jaxb-api-2.3.1.jar;C:\Users\ASUS\.m2\repository\javax\activation\javax.activation-api\1.2.0\javax.activation-api-1.2.0.jar;C:\Users\ASUS\.m2\repository\com\sun\xml\bind\jaxb-core\2.3.0.1\jaxb-core-2.3.0.1.jar;C:\Users\ASUS\.m2\repository\com\sun\xml\bind\jaxb-impl\2.3.3\jaxb-impl-2.3.3.jar;C:\Users\ASUS\.m2\repository\jakarta\xml\bind\jakarta.xml.bind-api\2.3.3\jakarta.xml.bind-api-2.3.3.jar;C:\Users\ASUS\.m2\repository\com\sun\activation\jakarta.activation\1.2.2\jakarta.activation-1.2.2.jar;C:\Users\ASUS\.m2\repository\javax\activation\activation\1.1.1\activation-1.1.1.jar;C:\Users\ASUS\.m2\repository\net\serenity-bdd\serenity-cucumber\3.2.1\serenity-cucumber-3.2.1.jar;C:\Users\ASUS\.m2\repository\io\cucumber\cucumber-core\7.2.3\cucumber-core-7.2.3.jar;C:\Users\ASUS\.m2\repository\io\cucumber\cucumber-gherkin\7.2.3\cucumber-gherkin-7.2.3.jar;C:\Users\ASUS\.m2\repository\io\cucumber\cucumber-gherkin-messages\7.2.3\cucumber-gherkin-messages-7.2.3.jar;C:\Users\ASUS\.m2\repository\io\cucumber\messages\17.1.1\messages-17.1.1.jar;C:\Users\ASUS\.m2\repository\io\cucumber\tag-expressions\4.1.0\tag-expressions-4.1.0.jar;C:\Users\ASUS\.m2\repository\io\cucumber\cucumber-expressions\15.0.1\cucumber-expressions-15.0.1.jar;C:\Users\ASUS\.m2\repository\io\cucumber\datatable\7.2.3\datatable-7.2.3.jar;C:\Users\ASUS\.m2\repository\io\cucumber\cucumber-plugin\7.2.3\cucumber-plugin-7.2.3.jar;C:\Users\ASUS\.m2\repository\io\cucumber\docstring\7.2.3\docstring-7.2.3.jar;C:\Users\ASUS\.m2\repository\io\cucumber\html-formatter\17.0.0\html-formatter-17.0.0.jar;C:\Users\ASUS\.m2\repository\io\cucumber\ci-environment\8.1.0\ci-environment-8.1.0.jar;C:\Users\ASUS\.m2\repository\io\cucumber\cucumber-junit\7.2.3\cucumber-junit-7.2.3.jar;C:\Users\ASUS\.m2\repository\org\apache\commons\commons-csv\1.5\commons-csv-1.5.jar;C:\Users\ASUS\.m2\repository\net\serenity-bdd\serenity-screenplay\3.2.1\serenity-screenplay-3.2.1.jar;C:\Users\ASUS\.m2\repository\net\serenity-bdd\serenity-screenplay-webdriver\3.2.1\serenity-screenplay-webdriver-3.2.1.jar;C:\Users\ASUS\.m2\repository\net\serenity-bdd\serenity-ensure\3.2.1\serenity-ensure-3.2.1.jar;C:\Users\ASUS\.m2\repository\net\serenity-bdd\serenity-junit\3.2.1\serenity-junit-3.2.1.jar;C:\Users\ASUS\.m2\repository\org\jetbrains\kotlin\kotlin-stdlib\1.6.0\kotlin-stdlib-1.6.0.jar;C:\Users\ASUS\.m2\repository\org\jetbrains\annotations\13.0\annotations-13.0.jar;C:\Users\ASUS\.m2\repository\org\jetbrains\kotlin\kotlin-stdlib-common\1.6.0\kotlin-stdlib-common-1.6.0.jar;C:\Users\ASUS\.m2\repository\org\junit\platform\junit-platform-launcher\1.8.1\junit-platform-launcher-1.8.1.jar;C:\Users\ASUS\.m2\repository\org\junit\platform\junit-platform-engine\1.8.1\junit-platform-engine-1.8.1.jar;C:\Users\ASUS\.m2\repository\org\opentest4j\opentest4j\1.2.0\opentest4j-1.2.0.jar;C:\Users\ASUS\.m2\repository\org\junit\platform\junit-platform-commons\1.8.1\junit-platform-commons-1.8.1.jar;C:\Users\ASUS\.m2\repository\org\apiguardian\apiguardian-api\1.1.2\apiguardian-api-1.1.2.jar;C:\Users\ASUS\.m2\repository\org\junit\jupiter\junit-jupiter-engine\5.8.2\junit-jupiter-engine-5.8.2.jar;C:\Users\ASUS\.m2\repository\org\junit\jupiter\junit-jupiter-api\5.8.2\junit-jupiter-api-5.8.2.jar;C:\Users\ASUS\.m2\repository\org\junit\vintage\junit-vintage-engine\5.8.2\junit-vintage-engine-5.8.2.jar;C:\Users\ASUS\.m2\repository\junit\junit\4.13.2\junit-4.13.2.jar;C:\Users\ASUS\.m2\repository\org\hamcrest\hamcrest-core\1.3\hamcrest-core-1.3.jar;C:\Users\ASUS\.m2\repository\ch\qos\logback\logback-classic\1.2.10\logback-classic-1.2.10.jar;C:\Users\ASUS\.m2\repository\ch\qos\logback\logback-core\1.2.10\logback-core-1.2.10.jar;C:\Users\ASUS\.m2\repository\org\slf4j\slf4j-api\1.7.32\slf4j-api-1.7.32.jar;C:\Users\ASUS\.m2\repository\org\assertj\assertj-core\3.6.2\assertj-core-3.6.2.jar;"/>
    <property name="sun.cpu.endian" value="little"/>
    <property name="user.home" value="C:\Users\ASUS"/>
    <property name="user.language" value="en"/>
    <property name="java.specification.vendor" value="Oracle Corporation"/>
    <property name="java.home" value="C:\Program Files (x86)\Java\jdk1.8.0_321\jre"/>
    <property name="basedir" value="D:\AUTOMATION TEST\web-automation-kompas-with-serenity"/>
    <property name="file.separator" value="\"/>
    <property name="line.separator" value="&#10;"/>
    <property name="java.vm.specification.vendor" value="Oracle Corporation"/>
    <property name="java.specification.name" value="Java Platform API Specification"/>
    <property name="java.awt.graphicsenv" value="sun.awt.Win32GraphicsEnvironment"/>
    <property name="surefire.real.class.path" value="C:\Users\ASUS\AppData\Local\Temp\surefire6539122508798433236\surefirebooter4688468946952110632.jar"/>
    <property name="sun.boot.class.path" value="C:\Program Files (x86)\Java\jdk1.8.0_321\jre\lib\resources.jar;C:\Program Files (x86)\Java\jdk1.8.0_321\jre\lib\rt.jar;C:\Program Files (x86)\Java\jdk1.8.0_321\jre\lib\sunrsasign.jar;C:\Program Files (x86)\Java\jdk1.8.0_321\jre\lib\jsse.jar;C:\Program Files (x86)\Java\jdk1.8.0_321\jre\lib\jce.jar;C:\Program Files (x86)\Java\jdk1.8.0_321\jre\lib\charsets.jar;C:\Program Files (x86)\Java\jdk1.8.0_321\jre\lib\jfr.jar;C:\Program Files (x86)\Java\jdk1.8.0_321\jre\classes"/>
    <property name="user.script" value=""/>
    <property name="java.protocol.handler.pkgs" value="com.google.common"/>
    <property name="sun.management.compiler" value="HotSpot Client Compiler"/>
    <property name="java.runtime.version" value="1.8.0_321-b07"/>
    <property name="user.name" value="ASUS"/>
    <property name="path.separator" value=";"/>
    <property name="os.version" value="10.0"/>
    <property name="java.endorsed.dirs" value="C:\Program Files (x86)\Java\jdk1.8.0_321\jre\lib\endorsed"/>
    <property name="java.runtime.name" value="Java(TM) SE Runtime Environment"/>
    <property name="file.encoding" value="Cp1252"/>
    <property name="webdriver.base.url" value=""/>
    <property name="java.vm.name" value="Java HotSpot(TM) Client VM"/>
    <property name="localRepository" value="C:\Users\ASUS\.m2\repository"/>
    <property name="java.vendor.url.bug" value="http://bugreport.sun.com/bugreport/"/>
    <property name="java.io.tmpdir" value="C:\Users\ASUS\AppData\Local\Temp\"/>
    <property name="java.version" value="1.8.0_321"/>
    <property name="user.dir" value="D:\AUTOMATION TEST\web-automation-kompas-with-serenity"/>
    <property name="os.arch" value="x86"/>
    <property name="java.vm.specification.name" value="Java Virtual Machine Specification"/>
    <property name="java.awt.printerjob" value="sun.awt.windows.WPrinterJob"/>
    <property name="sun.os.patch.level" value=""/>
    <property name="java.library.path" value="C:\Program Files (x86)\Java\jdk1.8.0_321\jre\bin;C:\WINDOWS\Sun\Java\bin;C:\WINDOWS\system32;C:\WINDOWS;C:\Program Files (x86)\Common Files\Oracle\Java\javapath;C:\Program Files (x86)\Common Files\Intel\Shared Libraries\redist\intel64\compiler;C:\Program Files (x86)\Common Files\Intel\Shared Files\cpp\bin\Intel64;C:\Windows\system32;C:\Windows;C:\Windows\System32\Wbem;C:\Windows\System32\WindowsPowerShell\v1.0\;C:\Windows\System32\OpenSSH\;C:\WINDOWS\system32;C:\WINDOWS;C:\WINDOWS\System32\Wbem;C:\WINDOWS\System32\WindowsPowerShell\v1.0\;C:\WINDOWS\System32\OpenSSH\;C:\Program Files\NVIDIA Corporation\NVIDIA NvDLISR;C:\Program Files (x86)\NVIDIA Corporation\PhysX\Common;C:\WINDOWS\system32;C:\WINDOWS;C:\WINDOWS\System32\Wbem;C:\WINDOWS\System32\WindowsPowerShell\v1.0\;C:\WINDOWS\System32\OpenSSH\;C:\Program Files\Git\cmd;C:\Program Files (x86)\Java\jdk1.8.0_321\bin;C:\Maven\bin\;C:\webdrives;C:\Program Files\nodejs\;C:\Users\ASUS\AppData\Local\Android\Sdk\platform-tools;C:\Users\ASUS\AppData\Local\Microsoft\WindowsApps;;C:\Users\ASUS\AppData\Local\Programs\Microsoft VS Code\bin;C:\Users\ASUS\AppData\Roaming\npm;."/>
    <property name="java.vm.info" value="mixed mode, sharing"/>
    <property name="java.vendor" value="Oracle Corporation"/>
    <property name="java.vm.version" value="25.321-b07"/>
    <property name="java.ext.dirs" value="C:\Program Files (x86)\Java\jdk1.8.0_321\jre\lib\ext;C:\WINDOWS\Sun\Java\lib\ext"/>
    <property name="sun.io.unicode.encoding" value="UnicodeLittle"/>
    <property name="java.class.version" value="52.0"/>
  </properties>
  <testcase name="User Login Successfully" classname="Login - Kompas.com" time="19.421">
    <system-out><![CDATA[21:09:51.039 [main] INFO io.cucumber.core.plugin.SerenityReporter - Running feature from file:///D:/AUTOMATION%20TEST/web-automation-kompas-with-serenity/src/test/resources/features/Login.feature
21:09:51.198 [main] INFO  - 

-------------------------------------------------------------------------------------
     _______. _______ .______       _______ .__   __.  __  .___________.____    ____ 
    /       ||   ____||   _  \     |   ____||  \ |  | |  | |           |\   \  /   / 
   |   (----`|  |__   |  |_)  |    |  |__   |   \|  | |  | `---|  |----` \   \/   /  
    \   \    |   __|  |      /     |   __|  |  . `  | |  |     |  |       \_    _/   
.----)   |   |  |____ |  |\  \----.|  |____ |  |\   | |  |     |  |         |  |     
|_______/    |_______|| _| `._____||_______||__| \__| |__|     |__|         |__|    
                                                                                     
 News and tutorials at http://www.serenity-bdd.info                                  
 Documentation at https://wakaleo.gitbooks.io/the-serenity-book/content/             
 Join the Serenity Community on Gitter: https://gitter.im/serenity-bdd/serenity-core 
 Serenity BDD Support and Training at http://serenity-bdd.info/#/trainingandsupport  
-------------------------------------------------------------------------------------

21:09:51.198 [main] DEBUG net.thucydides.core.steps.StepEventBus - Test suite started for story net.thucydides.core.model.Story@81ab6f41
21:09:51.198 [main] INFO  - Test Suite Started: Login - Kompas.com
21:09:51.226 [main] INFO io.cucumber.core.plugin.SerenityReporter - Running feature from file:///D:/AUTOMATION%20TEST/web-automation-kompas-with-serenity/src/test/resources/features/Search.feature
21:09:51.229 [main] DEBUG net.thucydides.core.steps.StepEventBus - Test suite started for story net.thucydides.core.model.Story@29a541d0
21:09:51.231 [main] INFO  - Test Suite Started: Search Berita in kompas
21:09:51.231 [main] INFO io.cucumber.core.plugin.SerenityReporter - Running feature from file:///D:/AUTOMATION%20TEST/web-automation-kompas-with-serenity/src/test/resources/features/Login.feature
21:09:51.232 [main] DEBUG net.thucydides.core.steps.StepEventBus - Test suite started for story net.thucydides.core.model.Story@81ab6f41
21:09:51.233 [main] INFO  - Test Suite Started: Login - Kompas.com

@Login-Feature @Login-Successfully
Scenario: User Login Successfully &amp#27;[90m# src/test/resources/features/Login.feature:8&amp#27;[0m
21:09:51.319 [main] INFO io.cucumber.core.plugin.SerenityReporter - Running feature from file:///D:/AUTOMATION%20TEST/web-automation-kompas-with-serenity/src/test/resources/features/Login.feature
21:09:51.462 [main] INFO  - 
  _____   ___   ___   _____     ___   _____     _     ___   _____   ___   ___  
 |_   _| | __| / __| |_   _|   / __| |_   _|   /_\   | _ \ |_   _| | __| |   \ 
   | |   | _|  \__ \   | |     \__ \   | |    / _ \  |   /   | |   | _|  | |) |
   |_|   |___| |___/   |_|     |___/   |_|   /_/ \_\ |_|_\   |_|   |___| |___/ 

User Login Successfully(login---kompas.com;user-login-successfully)
--------------------------------------------------------------------------------
21:09:52.085 [main] DEBUG net.thucydides.core.steps.StepInterceptor - STARTING STEP: LoginSteps.OpenKompasLoginPage - onPage
21:09:52.132 [main] INFO net.serenitybdd.core.webdriver.driverproviders.ChromeDriverProvider - Using automatically driver download
21:09:53.009 [main] DEBUG io.github.bonigarcia.wdm.cache.ResolutionCache - Resolution chrome=102 in cache (valid until 21:54:59 21/06/2022 ICT)
21:09:53.025 [main] DEBUG io.github.bonigarcia.wdm.cache.ResolutionCache - Resolution chrome102=102.0.5005.61 in cache (valid until 09:08:44 22/06/2022 ICT)
21:09:53.025 [main] INFO io.github.bonigarcia.wdm.WebDriverManager - Using chromedriver 102.0.5005.61 (resolved driver for Chrome 102)
21:09:53.040 [main] DEBUG io.github.bonigarcia.wdm.WebDriverManager - Driver chromedriver 102.0.5005.61 found in cache
21:09:53.040 [main] INFO io.github.bonigarcia.wdm.WebDriverManager - Exporting webdriver.chrome.driver as C:\Users\ASUS\.cache\selenium\chromedriver\win32\102.0.5005.61\chromedriver.exe
21:09:53.149 [main] DEBUG net.thucydides.core.reflection.ClassFinder - Could not load class .starter.CucumberTestSuite
21:09:53.149 [main] DEBUG net.thucydides.core.reflection.ClassFinder - Could not load class .starter.pages.HomePage
21:09:53.149 [main] DEBUG net.thucydides.core.reflection.ClassFinder - Could not load class .starter.pages.LoginPage
21:09:53.149 [main] DEBUG net.thucydides.core.reflection.ClassFinder - Could not load class .starter.pages.SearchPage
21:09:53.149 [main] DEBUG net.thucydides.core.reflection.ClassFinder - Could not load class .starter.stepdefinitions.LoginSteps
21:09:53.149 [main] DEBUG net.thucydides.core.reflection.ClassFinder - Could not load class .starter.stepdefinitions.SearchStep
21:09:53.231 [main] DEBUG net.serenitybdd.core.webdriver.driverproviders.ProvideNewDriver - Instantiating driver
21:09:53.231 [main] DEBUG net.serenitybdd.core.webdriver.driverproviders.ProvideNewDriver - Driver capabilities: Capabilities {acceptInsecureCerts: false, base.url: https://account.kompas.com/..., browserName: chrome, chrome.driver: src/test/resources/webdrive..., driver: chrome, goog:chromeOptions: {args: [], extensions: []}}
21:09:53.310 [main] DEBUG io.netty.util.internal.logging.InternalLoggerFactory - Using SLF4J as the default logging framework
21:09:53.326 [main] DEBUG io.netty.util.ResourceLeakDetector - -Dio.netty.leakDetection.level: simple
21:09:53.326 [main] DEBUG io.netty.util.ResourceLeakDetector - -Dio.netty.leakDetection.targetRecords: 4
21:09:53.326 [main] DEBUG io.netty.util.ResourceLeakDetectorFactory - Loaded default ResourceLeakDetector: io.netty.util.ResourceLeakDetector@11124ee
21:09:53.358 [main] DEBUG io.netty.util.internal.PlatformDependent0 - -Dio.netty.noUnsafe: false
21:09:53.358 [main] DEBUG io.netty.util.internal.PlatformDependent0 - Java version: 8
21:09:53.359 [main] DEBUG io.netty.util.internal.PlatformDependent0 - sun.misc.Unsafe.theUnsafe: available
21:09:53.360 [main] DEBUG io.netty.util.internal.PlatformDependent0 - sun.misc.Unsafe.copyMemory: available
21:09:53.360 [main] DEBUG io.netty.util.internal.PlatformDependent0 - java.nio.Buffer.address: available
21:09:53.361 [main] DEBUG io.netty.util.internal.PlatformDependent0 - direct buffer constructor: available
21:09:53.361 [main] DEBUG io.netty.util.internal.PlatformDependent0 - java.nio.Bits.unaligned: available, true
21:09:53.361 [main] DEBUG io.netty.util.internal.PlatformDependent0 - jdk.internal.misc.Unsafe.allocateUninitializedArray(int): unavailable prior to Java9
21:09:53.361 [main] DEBUG io.netty.util.internal.PlatformDependent0 - java.nio.DirectByteBuffer.<init>(long, int): available
21:09:53.361 [main] DEBUG io.netty.util.internal.PlatformDependent - sun.misc.Unsafe: available
21:09:53.361 [main] DEBUG io.netty.util.internal.PlatformDependent - -Dio.netty.tmpdir: C:\Users\ASUS\AppData\Local\Temp (java.io.tmpdir)
21:09:53.361 [main] DEBUG io.netty.util.internal.PlatformDependent - -Dio.netty.bitMode: 32 (sun.arch.data.model)
21:09:53.362 [main] DEBUG io.netty.util.internal.PlatformDependent - Platform: Windows
21:09:53.362 [main] DEBUG io.netty.util.internal.PlatformDependent - -Dio.netty.maxDirectMemory: 259522560 bytes
21:09:53.362 [main] DEBUG io.netty.util.internal.PlatformDependent - -Dio.netty.uninitializedArrayAllocationThreshold: -1
21:09:53.363 [main] DEBUG io.netty.util.internal.CleanerJava6 - java.nio.ByteBuffer.cleaner(): available
21:09:53.363 [main] DEBUG io.netty.util.internal.PlatformDependent - -Dio.netty.noPreferDirect: false
21:09:53.371 [main] DEBUG io.netty.util.internal.PlatformDependent - org.jctools-core.MpscChunkedArrayQueue: available
21:09:53.386 [main] DEBUG io.netty.util.internal.InternalThreadLocalMap - -Dio.netty.threadLocalMap.stringBuilder.initialSize: 1024
21:09:53.386 [main] DEBUG io.netty.util.internal.InternalThreadLocalMap - -Dio.netty.threadLocalMap.stringBuilder.maxSize: 4096
21:09:53.417 [main] DEBUG io.netty.handler.ssl.JdkSslContext - Default protocols (JDK): [TLSv1.2] 
21:09:53.417 [main] DEBUG io.netty.handler.ssl.JdkSslContext - Default cipher suites (JDK): [TLS_ECDHE_ECDSA_WITH_AES_256_GCM_SHA384, TLS_ECDHE_ECDSA_WITH_AES_128_GCM_SHA256, TLS_ECDHE_RSA_WITH_AES_128_GCM_SHA256, TLS_ECDHE_RSA_WITH_AES_256_GCM_SHA384, TLS_ECDHE_RSA_WITH_AES_128_CBC_SHA, TLS_ECDHE_RSA_WITH_AES_256_CBC_SHA, TLS_RSA_WITH_AES_128_GCM_SHA256, TLS_RSA_WITH_AES_128_CBC_SHA, TLS_RSA_WITH_AES_256_CBC_SHA, TLS_AES_128_GCM_SHA256, TLS_AES_256_GCM_SHA384]
21:09:53.448 [main] DEBUG io.netty.channel.MultithreadEventLoopGroup - -Dio.netty.eventLoopThreads: 16
21:09:53.464 [main] DEBUG io.netty.channel.nio.NioEventLoop - -Dio.netty.noKeySetOptimization: false
21:09:53.464 [main] DEBUG io.netty.channel.nio.NioEventLoop - -Dio.netty.selectorAutoRebuildThreshold: 512
21:09:53.511 [main] DEBUG io.netty.buffer.PooledByteBufAllocator - -Dio.netty.allocator.numHeapArenas: 2
21:09:53.511 [main] DEBUG io.netty.buffer.PooledByteBufAllocator - -Dio.netty.allocator.numDirectArenas: 2
21:09:53.511 [main] DEBUG io.netty.buffer.PooledByteBufAllocator - -Dio.netty.allocator.pageSize: 8192
21:09:53.511 [main] DEBUG io.netty.buffer.PooledByteBufAllocator - -Dio.netty.allocator.maxOrder: 11
21:09:53.511 [main] DEBUG io.netty.buffer.PooledByteBufAllocator - -Dio.netty.allocator.chunkSize: 16777216
21:09:53.511 [main] DEBUG io.netty.buffer.PooledByteBufAllocator - -Dio.netty.allocator.smallCacheSize: 256
21:09:53.511 [main] DEBUG io.netty.buffer.PooledByteBufAllocator - -Dio.netty.allocator.normalCacheSize: 64
21:09:53.511 [main] DEBUG io.netty.buffer.PooledByteBufAllocator - -Dio.netty.allocator.maxCachedBufferCapacity: 32768
21:09:53.511 [main] DEBUG io.netty.buffer.PooledByteBufAllocator - -Dio.netty.allocator.cacheTrimInterval: 8192
21:09:53.511 [main] DEBUG io.netty.buffer.PooledByteBufAllocator - -Dio.netty.allocator.cacheTrimIntervalMillis: 0
21:09:53.511 [main] DEBUG io.netty.buffer.PooledByteBufAllocator - -Dio.netty.allocator.useCacheForAllThreads: true
21:09:53.511 [main] DEBUG io.netty.buffer.PooledByteBufAllocator - -Dio.netty.allocator.maxCachedByteBuffersPerChunk: 1023
21:09:53.526 [main] DEBUG io.netty.buffer.ByteBufUtil - -Dio.netty.allocator.type: pooled
21:09:53.526 [main] DEBUG io.netty.buffer.ByteBufUtil - -Dio.netty.threadLocalDirectBufferSize: 0
21:09:53.526 [main] DEBUG io.netty.buffer.ByteBufUtil - -Dio.netty.maxThreadLocalCharBufferSize: 16384
21:09:54.303 [Forwarding newSession on session null to remote] DEBUG io.netty.channel.DefaultChannelId - -Dio.netty.processId: 6052 (auto-detected)
21:09:54.303 [Forwarding newSession on session null to remote] DEBUG io.netty.util.NetUtil - -Djava.net.preferIPv4Stack: false
21:09:54.303 [Forwarding newSession on session null to remote] DEBUG io.netty.util.NetUtil - -Djava.net.preferIPv6Addresses: false
21:09:54.452 [Forwarding newSession on session null to remote] DEBUG io.netty.util.NetUtilInitializations - Loopback interface: lo (Software Loopback Interface 1, 127.0.0.1)
21:09:54.467 [Forwarding newSession on session null to remote] DEBUG io.netty.util.NetUtil - Failed to get SOMAXCONN from sysctl and file \proc\sys\net\core\somaxconn. Default: 200
21:09:54.624 [Forwarding newSession on session null to remote] DEBUG io.netty.channel.DefaultChannelId - -Dio.netty.machineId: 3c:58:c2:ff:fe:bc:fb:24 (auto-detected)
21:09:54.692 [AsyncHttpClient-1-2] DEBUG io.netty.buffer.AbstractByteBuf - -Dio.netty.buffer.checkAccessible: true
21:09:54.692 [AsyncHttpClient-1-2] DEBUG io.netty.buffer.AbstractByteBuf - -Dio.netty.buffer.checkBounds: true
21:09:54.692 [AsyncHttpClient-1-2] DEBUG io.netty.util.ResourceLeakDetectorFactory - Loaded default ResourceLeakDetector: io.netty.util.ResourceLeakDetector@253ca4
21:09:54.707 [AsyncHttpClient-1-2] DEBUG org.asynchttpclient.netty.channel.NettyConnectListener - Using new Channel '[id: 0x4c91d69c, L:/127.0.0.1:51214 - R:localhost/127.0.0.1:61283]' for 'POST' to '/session'
21:09:54.739 [AsyncHttpClient-1-2] DEBUG io.netty.util.Recycler - -Dio.netty.recycler.maxCapacityPerThread: 4096
21:09:54.739 [AsyncHttpClient-1-2] DEBUG io.netty.util.Recycler - -Dio.netty.recycler.ratio: 8
21:09:54.739 [AsyncHttpClient-1-2] DEBUG io.netty.util.Recycler - -Dio.netty.recycler.chunkSize: 32
21:09:54.739 [AsyncHttpClient-1-2] DEBUG io.netty.util.Recycler - -Dio.netty.recycler.blocking: false
21:09:55.790 [AsyncHttpClient-1-2] DEBUG io.netty.handler.codec.compression.Brotli - brotli4j not in the classpath; Brotli support will be unavailable.
21:09:55.790 [AsyncHttpClient-1-2] DEBUG org.asynchttpclient.netty.handler.HttpHandler - 

Request DefaultHttpRequest(decodeResult: success, version: HTTP/1.1)
POST /session HTTP/1.1
User-Agent: selenium/4.1.2 (java windows)
Content-Length: 624
Content-Type: application/json; charset=utf-8
host: localhost:61283
accept: */*

Response DefaultHttpResponse(decodeResult: success, version: HTTP/1.1)
HTTP/1.1 200 OK
Content-Type: application/json; charset=utf-8
cache-control: no-cache
content-length: 789

21:09:55.800 [AsyncHttpClient-1-2] DEBUG org.asynchttpclient.netty.channel.ChannelManager - Adding key: http://localhost:61283 for channel [id: 0x4c91d69c, L:/127.0.0.1:51214 - R:localhost/127.0.0.1:61283]
21:09:55.885 [AsyncHttpClient-1-3] DEBUG org.asynchttpclient.netty.channel.NettyConnectListener - Using new Channel '[id: 0x073e05dc, L:/127.0.0.1:51221 - R:localhost/127.0.0.1:51215]' for 'GET' to '/json/version'
21:09:55.889 [AsyncHttpClient-1-3] DEBUG org.asynchttpclient.netty.handler.HttpHandler - 

Request DefaultFullHttpRequest(decodeResult: success, version: HTTP/1.1, content: EmptyByteBufBE)
GET /json/version HTTP/1.1
User-Agent: selenium/4.1.2 (java windows)
host: localhost:51215
accept: */*

Response DefaultHttpResponse(decodeResult: success, version: HTTP/1.1)
HTTP/1.1 200 OK
Content-Type: application/json; charset=UTF-8
content-length: 428

21:09:55.890 [AsyncHttpClient-1-3] DEBUG org.asynchttpclient.netty.channel.ChannelManager - Adding key: http://localhost:51215 for channel [id: 0x073e05dc, L:/127.0.0.1:51221 - R:localhost/127.0.0.1:51215]
21:09:55.897 [main] DEBUG io.netty.util.internal.ThreadLocalRandom - -Dio.netty.initialSeedUniquifier: 0x9ba23b215caa096b
21:09:55.909 [AsyncHttpClient-1-4] DEBUG org.asynchttpclient.netty.channel.NettyConnectListener - Using new Channel '[id: 0xc3974286, L:/127.0.0.1:51222 - R:localhost/127.0.0.1:51215]' for 'GET' to '/devtools/browser/a9d12881-bb8b-4c5d-8936-e1da7573f812'
21:09:55.910 [AsyncHttpClient-1-4] DEBUG org.asynchttpclient.netty.handler.WebSocketHandler - 

Request DefaultFullHttpRequest(decodeResult: success, version: HTTP/1.1, content: EmptyByteBufBE)
GET /devtools/browser/a9d12881-bb8b-4c5d-8936-e1da7573f812 HTTP/1.1
upgrade: websocket
connection: upgrade
sec-websocket-key: aK8I/tdpii64NTvQzHd0Rw==
sec-websocket-version: 13
origin: http://localhost:51215
host: localhost:51215
accept: */*
user-agent: AHC/2.1

Response DefaultHttpResponse(decodeResult: success, version: HTTP/1.1)
HTTP/1.1 101 WebSocket Protocol Handshake
Upgrade: WebSocket
Connection: Upgrade
Sec-WebSocket-Accept: 7pajexr/F+JDQLpRSS34JUszzXg=

21:09:56.050 [main] DEBUG net.thucydides.core.reflection.ClassFinder - Could not load class .starter.CucumberTestSuite
21:09:56.050 [main] DEBUG net.thucydides.core.reflection.ClassFinder - Could not load class .starter.pages.HomePage
21:09:56.050 [main] DEBUG net.thucydides.core.reflection.ClassFinder - Could not load class .starter.pages.LoginPage
21:09:56.050 [main] DEBUG net.thucydides.core.reflection.ClassFinder - Could not load class .starter.pages.SearchPage
21:09:56.050 [main] DEBUG net.thucydides.core.reflection.ClassFinder - Could not load class .starter.stepdefinitions.LoginSteps
21:09:56.050 [main] DEBUG net.thucydides.core.reflection.ClassFinder - Could not load class .starter.stepdefinitions.SearchStep
21:09:56.056 [Forwarding get on session 0fd8b900e59d5847d3b1eea8d561d030 to remote] DEBUG org.asynchttpclient.netty.request.NettyRequestSender - Using pooled Channel '[id: 0x4c91d69c, L:/127.0.0.1:51214 - R:localhost/127.0.0.1:61283]' for 'POST' to 'http://localhost:61283/session/0fd8b900e59d5847d3b1eea8d561d030/url'
21:09:56.056 [Forwarding get on session 0fd8b900e59d5847d3b1eea8d561d030 to remote] DEBUG org.asynchttpclient.netty.request.NettyRequestSender - Using open Channel [id: 0x4c91d69c, L:/127.0.0.1:51214 - R:localhost/127.0.0.1:61283] for POST '/session/0fd8b900e59d5847d3b1eea8d561d030/url'
21:09:56.679 [AsyncHttpClient-1-1] DEBUG org.asynchttpclient.netty.channel.DefaultChannelPool - Entry count for : http://localhost:51215 : 1
21:09:57.786 [AsyncHttpClient-1-1] DEBUG org.asynchttpclient.netty.channel.DefaultChannelPool - Entry count for : http://localhost:51215 : 1
21:09:58.513 [AsyncHttpClient-1-2] DEBUG org.asynchttpclient.netty.handler.HttpHandler - 

Request DefaultHttpRequest(decodeResult: success, version: HTTP/1.1)
POST /session/0fd8b900e59d5847d3b1eea8d561d030/url HTTP/1.1
User-Agent: selenium/4.1.2 (java windows)
Content-Length: 79
Content-Type: application/json; charset=utf-8
host: localhost:61283
accept: */*

Response DefaultHttpResponse(decodeResult: success, version: HTTP/1.1)
HTTP/1.1 200 OK
Content-Type: application/json; charset=utf-8
cache-control: no-cache
content-length: 14

21:09:58.513 [AsyncHttpClient-1-2] DEBUG org.asynchttpclient.netty.channel.ChannelManager - Adding key: http://localhost:61283 for channel [id: 0x4c91d69c, L:/127.0.0.1:51214 - R:localhost/127.0.0.1:61283]
21:09:58.520 [Forwarding setTimeout on session 0fd8b900e59d5847d3b1eea8d561d030 to remote] DEBUG org.asynchttpclient.netty.request.NettyRequestSender - Using pooled Channel '[id: 0x4c91d69c, L:/127.0.0.1:51214 - R:localhost/127.0.0.1:61283]' for 'POST' to 'http://localhost:61283/session/0fd8b900e59d5847d3b1eea8d561d030/timeouts'
21:09:58.520 [Forwarding setTimeout on session 0fd8b900e59d5847d3b1eea8d561d030 to remote] DEBUG org.asynchttpclient.netty.request.NettyRequestSender - Using open Channel [id: 0x4c91d69c, L:/127.0.0.1:51214 - R:localhost/127.0.0.1:61283] for POST '/session/0fd8b900e59d5847d3b1eea8d561d030/timeouts'
21:09:58.522 [AsyncHttpClient-1-2] DEBUG org.asynchttpclient.netty.handler.HttpHandler - 

Request DefaultHttpRequest(decodeResult: success, version: HTTP/1.1)
POST /session/0fd8b900e59d5847d3b1eea8d561d030/timeouts HTTP/1.1
User-Agent: selenium/4.1.2 (java windows)
Content-Length: 22
Content-Type: application/json; charset=utf-8
host: localhost:61283
accept: */*

Response DefaultHttpResponse(decodeResult: success, version: HTTP/1.1)
HTTP/1.1 200 OK
Content-Type: application/json; charset=utf-8
cache-control: no-cache
content-length: 14

21:09:58.522 [AsyncHttpClient-1-2] DEBUG org.asynchttpclient.netty.channel.ChannelManager - Adding key: http://localhost:61283 for channel [id: 0x4c91d69c, L:/127.0.0.1:51214 - R:localhost/127.0.0.1:61283]
21:09:58.529 [Forwarding getCurrentUrl on session 0fd8b900e59d5847d3b1eea8d561d030 to remote] DEBUG org.asynchttpclient.netty.request.NettyRequestSender - Using pooled Channel '[id: 0x4c91d69c, L:/127.0.0.1:51214 - R:localhost/127.0.0.1:61283]' for 'GET' to 'http://localhost:61283/session/0fd8b900e59d5847d3b1eea8d561d030/url'
21:09:58.529 [Forwarding getCurrentUrl on session 0fd8b900e59d5847d3b1eea8d561d030 to remote] DEBUG org.asynchttpclient.netty.request.NettyRequestSender - Using open Channel [id: 0x4c91d69c, L:/127.0.0.1:51214 - R:localhost/127.0.0.1:61283] for GET '/session/0fd8b900e59d5847d3b1eea8d561d030/url'
21:09:58.543 [AsyncHttpClient-1-2] DEBUG org.asynchttpclient.netty.handler.HttpHandler - 

Request DefaultFullHttpRequest(decodeResult: success, version: HTTP/1.1, content: EmptyByteBufBE)
GET /session/0fd8b900e59d5847d3b1eea8d561d030/url HTTP/1.1
User-Agent: selenium/4.1.2 (java windows)
Cache-Control: no-cache
Content-Type: application/json; charset=utf-8
host: localhost:61283
accept: */*

Response DefaultHttpResponse(decodeResult: success, version: HTTP/1.1)
HTTP/1.1 200 OK
Content-Type: application/json; charset=utf-8
cache-control: no-cache
content-length: 51

21:09:58.543 [AsyncHttpClient-1-2] DEBUG org.asynchttpclient.netty.channel.ChannelManager - Adding key: http://localhost:61283 for channel [id: 0x4c91d69c, L:/127.0.0.1:51214 - R:localhost/127.0.0.1:61283]
21:09:58.547 [Forwarding getCurrentUrl on session 0fd8b900e59d5847d3b1eea8d561d030 to remote] DEBUG org.asynchttpclient.netty.request.NettyRequestSender - Using pooled Channel '[id: 0x4c91d69c, L:/127.0.0.1:51214 - R:localhost/127.0.0.1:61283]' for 'GET' to 'http://localhost:61283/session/0fd8b900e59d5847d3b1eea8d561d030/url'
21:09:58.547 [Forwarding getCurrentUrl on session 0fd8b900e59d5847d3b1eea8d561d030 to remote] DEBUG org.asynchttpclient.netty.request.NettyRequestSender - Using open Channel [id: 0x4c91d69c, L:/127.0.0.1:51214 - R:localhost/127.0.0.1:61283] for GET '/session/0fd8b900e59d5847d3b1eea8d561d030/url'
21:09:58.555 [AsyncHttpClient-1-2] DEBUG org.asynchttpclient.netty.handler.HttpHandler - 

Request DefaultFullHttpRequest(decodeResult: success, version: HTTP/1.1, content: EmptyByteBufBE)
GET /session/0fd8b900e59d5847d3b1eea8d561d030/url HTTP/1.1
User-Agent: selenium/4.1.2 (java windows)
Cache-Control: no-cache
Content-Type: application/json; charset=utf-8
host: localhost:61283
accept: */*

Response DefaultHttpResponse(decodeResult: success, version: HTTP/1.1)
HTTP/1.1 200 OK
Content-Type: application/json; charset=utf-8
cache-control: no-cache
content-length: 51

21:09:58.555 [AsyncHttpClient-1-2] DEBUG org.asynchttpclient.netty.channel.ChannelManager - Adding key: http://localhost:61283 for channel [id: 0x4c91d69c, L:/127.0.0.1:51214 - R:localhost/127.0.0.1:61283]
21:09:58.577 [main] DEBUG net.serenitybdd.core.photography.Darkroom - Opening darkroom
21:09:58.578 [Darkroom Processing Line] DEBUG net.serenitybdd.core.photography.DarkroomProcessingLine - Darkroom processing line starting up
21:09:58.579 [Forwarding screenshot on session 0fd8b900e59d5847d3b1eea8d561d030 to remote] DEBUG org.asynchttpclient.netty.request.NettyRequestSender - Using pooled Channel '[id: 0x4c91d69c, L:/127.0.0.1:51214 - R:localhost/127.0.0.1:61283]' for 'GET' to 'http://localhost:61283/session/0fd8b900e59d5847d3b1eea8d561d030/screenshot'
21:09:58.579 [Forwarding screenshot on session 0fd8b900e59d5847d3b1eea8d561d030 to remote] DEBUG org.asynchttpclient.netty.request.NettyRequestSender - Using open Channel [id: 0x4c91d69c, L:/127.0.0.1:51214 - R:localhost/127.0.0.1:61283] for GET '/session/0fd8b900e59d5847d3b1eea8d561d030/screenshot'
21:09:58.671 [AsyncHttpClient-1-2] DEBUG org.asynchttpclient.netty.handler.HttpHandler - 

Request DefaultFullHttpRequest(decodeResult: success, version: HTTP/1.1, content: EmptyByteBufBE)
GET /session/0fd8b900e59d5847d3b1eea8d561d030/screenshot HTTP/1.1
User-Agent: selenium/4.1.2 (java windows)
Cache-Control: no-cache
Content-Type: application/json; charset=utf-8
host: localhost:61283
accept: */*

Response DefaultHttpResponse(decodeResult: success, version: HTTP/1.1)
HTTP/1.1 200 OK
Content-Type: application/json; charset=utf-8
cache-control: no-cache
content-length: 59408

21:09:58.687 [AsyncHttpClient-1-2] DEBUG org.asynchttpclient.netty.channel.ChannelManager - Adding key: http://localhost:61283 for channel [id: 0x4c91d69c, L:/127.0.0.1:51214 - R:localhost/127.0.0.1:61283]
21:09:58.788 [main] DEBUG net.serenitybdd.core.photography.Darkroom - Send negative for processing for target\site\serenity\79d8ae44de933f0b395c79202b506f6944ae63bf7eb5cb55e7fa3467b18a1bbd.png
21:09:58.788 [main] DEBUG net.thucydides.core.steps.StepInterceptor - STEP DONE: onPage
21:09:58.803 [main] DEBUG net.thucydides.core.steps.StepInterceptor - STARTING STEP: LoginSteps.OpenKompasLoginPage - ValidationLoginPage
21:09:58.803 [Forwarding findElement on session 0fd8b900e59d5847d3b1eea8d561d030 to remote] DEBUG org.asynchttpclient.netty.request.NettyRequestSender - Using pooled Channel '[id: 0x4c91d69c, L:/127.0.0.1:51214 - R:localhost/127.0.0.1:61283]' for 'POST' to 'http://localhost:61283/session/0fd8b900e59d5847d3b1eea8d561d030/element'
21:09:58.803 [Forwarding findElement on session 0fd8b900e59d5847d3b1eea8d561d030 to remote] DEBUG org.asynchttpclient.netty.request.NettyRequestSender - Using open Channel [id: 0x4c91d69c, L:/127.0.0.1:51214 - R:localhost/127.0.0.1:61283] for POST '/session/0fd8b900e59d5847d3b1eea8d561d030/element'
21:09:58.819 [AsyncHttpClient-1-2] DEBUG org.asynchttpclient.netty.handler.HttpHandler - 

Request DefaultHttpRequest(decodeResult: success, version: HTTP/1.1)
POST /session/0fd8b900e59d5847d3b1eea8d561d030/element HTTP/1.1
User-Agent: selenium/4.1.2 (java windows)
Content-Length: 70
Content-Type: application/json; charset=utf-8
host: localhost:61283
accept: */*

Response DefaultHttpResponse(decodeResult: success, version: HTTP/1.1)
HTTP/1.1 200 OK
Content-Type: application/json; charset=utf-8
cache-control: no-cache
content-length: 88

21:09:58.819 [AsyncHttpClient-1-2] DEBUG org.asynchttpclient.netty.channel.ChannelManager - Adding key: http://localhost:61283 for channel [id: 0x4c91d69c, L:/127.0.0.1:51214 - R:localhost/127.0.0.1:61283]
21:09:58.834 [Forwarding isElementDisplayed on session 0fd8b900e59d5847d3b1eea8d561d030 to remote] DEBUG org.asynchttpclient.netty.request.NettyRequestSender - Using pooled Channel '[id: 0x4c91d69c, L:/127.0.0.1:51214 - R:localhost/127.0.0.1:61283]' for 'POST' to 'http://localhost:61283/session/0fd8b900e59d5847d3b1eea8d561d030/execute/sync'
21:09:58.834 [Forwarding isElementDisplayed on session 0fd8b900e59d5847d3b1eea8d561d030 to remote] DEBUG org.asynchttpclient.netty.request.NettyRequestSender - Using open Channel [id: 0x4c91d69c, L:/127.0.0.1:51214 - R:localhost/127.0.0.1:61283] for POST '/session/0fd8b900e59d5847d3b1eea8d561d030/execute/sync'
21:09:58.850 [AsyncHttpClient-1-2] DEBUG org.asynchttpclient.netty.handler.HttpHandler - 

Request DefaultHttpRequest(decodeResult: success, version: HTTP/1.1)
POST /session/0fd8b900e59d5847d3b1eea8d561d030/execute/sync HTTP/1.1
User-Agent: selenium/4.1.2 (java windows)
Content-Length: 48780
Content-Type: application/json; charset=utf-8
host: localhost:61283
accept: */*

Response DefaultHttpResponse(decodeResult: success, version: HTTP/1.1)
HTTP/1.1 200 OK
Content-Type: application/json; charset=utf-8
cache-control: no-cache
content-length: 14

21:09:58.850 [AsyncHttpClient-1-2] DEBUG org.asynchttpclient.netty.channel.ChannelManager - Adding key: http://localhost:61283 for channel [id: 0x4c91d69c, L:/127.0.0.1:51214 - R:localhost/127.0.0.1:61283]
21:09:58.850 [Forwarding screenshot on session 0fd8b900e59d5847d3b1eea8d561d030 to remote] DEBUG org.asynchttpclient.netty.request.NettyRequestSender - Using pooled Channel '[id: 0x4c91d69c, L:/127.0.0.1:51214 - R:localhost/127.0.0.1:61283]' for 'GET' to 'http://localhost:61283/session/0fd8b900e59d5847d3b1eea8d561d030/screenshot'
21:09:58.850 [Forwarding screenshot on session 0fd8b900e59d5847d3b1eea8d561d030 to remote] DEBUG org.asynchttpclient.netty.request.NettyRequestSender - Using open Channel [id: 0x4c91d69c, L:/127.0.0.1:51214 - R:localhost/127.0.0.1:61283] for GET '/session/0fd8b900e59d5847d3b1eea8d561d030/screenshot'
21:09:58.881 [AsyncHttpClient-1-1] DEBUG org.asynchttpclient.netty.channel.DefaultChannelPool - Entry count for : http://localhost:51215 : 1
21:09:58.937 [AsyncHttpClient-1-2] DEBUG org.asynchttpclient.netty.handler.HttpHandler - 

Request DefaultFullHttpRequest(decodeResult: success, version: HTTP/1.1, content: EmptyByteBufBE)
GET /session/0fd8b900e59d5847d3b1eea8d561d030/screenshot HTTP/1.1
User-Agent: selenium/4.1.2 (java windows)
Cache-Control: no-cache
Content-Type: application/json; charset=utf-8
host: localhost:61283
accept: */*

Response DefaultHttpResponse(decodeResult: success, version: HTTP/1.1)
HTTP/1.1 200 OK
Content-Type: application/json; charset=utf-8
cache-control: no-cache
content-length: 59408

21:09:58.937 [AsyncHttpClient-1-2] DEBUG org.asynchttpclient.netty.channel.ChannelManager - Adding key: http://localhost:61283 for channel [id: 0x4c91d69c, L:/127.0.0.1:51214 - R:localhost/127.0.0.1:61283]
21:09:58.937 [main] DEBUG net.serenitybdd.core.photography.Darkroom - Send negative for processing for target\site\serenity\79d8ae44de933f0b395c79202b506f6944ae63bf7eb5cb55e7fa3467b18a1bbd.png
21:09:58.937 [main] DEBUG net.thucydides.core.steps.StepInterceptor - STEP DONE: ValidationLoginPage
  &amp#27;[32mGiven &amp#27;[0m&amp#27;[32mI Open Kompas Login Page&amp#27;[0m  &amp#27;[90m# starter.stepdefinitions.LoginSteps.OpenKompasLoginPage()&amp#27;[0m
21:09:58.953 [main] DEBUG net.thucydides.core.steps.StepInterceptor - STARTING STEP: LoginSteps.InputValidEmail - inputEmail
21:09:58.969 [Forwarding findElement on session 0fd8b900e59d5847d3b1eea8d561d030 to remote] DEBUG org.asynchttpclient.netty.request.NettyRequestSender - Using pooled Channel '[id: 0x4c91d69c, L:/127.0.0.1:51214 - R:localhost/127.0.0.1:61283]' for 'POST' to 'http://localhost:61283/session/0fd8b900e59d5847d3b1eea8d561d030/element'
21:09:58.969 [Forwarding findElement on session 0fd8b900e59d5847d3b1eea8d561d030 to remote] DEBUG org.asynchttpclient.netty.request.NettyRequestSender - Using open Channel [id: 0x4c91d69c, L:/127.0.0.1:51214 - R:localhost/127.0.0.1:61283] for POST '/session/0fd8b900e59d5847d3b1eea8d561d030/element'
21:09:58.969 [AsyncHttpClient-1-2] DEBUG org.asynchttpclient.netty.handler.HttpHandler - 

Request DefaultHttpRequest(decodeResult: success, version: HTTP/1.1)
POST /session/0fd8b900e59d5847d3b1eea8d561d030/element HTTP/1.1
User-Agent: selenium/4.1.2 (java windows)
Content-Length: 50
Content-Type: application/json; charset=utf-8
host: localhost:61283
accept: */*

Response DefaultHttpResponse(decodeResult: success, version: HTTP/1.1)
HTTP/1.1 200 OK
Content-Type: application/json; charset=utf-8
cache-control: no-cache
content-length: 88

21:09:58.969 [AsyncHttpClient-1-2] DEBUG org.asynchttpclient.netty.channel.ChannelManager - Adding key: http://localhost:61283 for channel [id: 0x4c91d69c, L:/127.0.0.1:51214 - R:localhost/127.0.0.1:61283]
21:09:58.987 [Forwarding clearElement on session 0fd8b900e59d5847d3b1eea8d561d030 to remote] DEBUG org.asynchttpclient.netty.request.NettyRequestSender - Using pooled Channel '[id: 0x4c91d69c, L:/127.0.0.1:51214 - R:localhost/127.0.0.1:61283]' for 'POST' to 'http://localhost:61283/session/0fd8b900e59d5847d3b1eea8d561d030/element/85eb95c3-522f-4b33-a328-c822ea96bebe/clear'
21:09:58.987 [Forwarding clearElement on session 0fd8b900e59d5847d3b1eea8d561d030 to remote] DEBUG org.asynchttpclient.netty.request.NettyRequestSender - Using open Channel [id: 0x4c91d69c, L:/127.0.0.1:51214 - R:localhost/127.0.0.1:61283] for POST '/session/0fd8b900e59d5847d3b1eea8d561d030/element/85eb95c3-522f-4b33-a328-c822ea96bebe/clear'
21:09:59.028 [AsyncHttpClient-1-2] DEBUG org.asynchttpclient.netty.handler.HttpHandler - 

Request DefaultHttpRequest(decodeResult: success, version: HTTP/1.1)
POST /session/0fd8b900e59d5847d3b1eea8d561d030/element/85eb95c3-522f-4b33-a328-c822ea96bebe/clear HTTP/1.1
User-Agent: selenium/4.1.2 (java windows)
Content-Length: 50
Content-Type: application/json; charset=utf-8
host: localhost:61283
accept: */*

Response DefaultHttpResponse(decodeResult: success, version: HTTP/1.1)
HTTP/1.1 200 OK
Content-Type: application/json; charset=utf-8
cache-control: no-cache
content-length: 14

21:09:59.029 [AsyncHttpClient-1-2] DEBUG org.asynchttpclient.netty.channel.ChannelManager - Adding key: http://localhost:61283 for channel [id: 0x4c91d69c, L:/127.0.0.1:51214 - R:localhost/127.0.0.1:61283]
21:09:59.034 [Forwarding sendKeysToElement on session 0fd8b900e59d5847d3b1eea8d561d030 to remote] DEBUG org.asynchttpclient.netty.request.NettyRequestSender - Using pooled Channel '[id: 0x4c91d69c, L:/127.0.0.1:51214 - R:localhost/127.0.0.1:61283]' for 'POST' to 'http://localhost:61283/session/0fd8b900e59d5847d3b1eea8d561d030/element/85eb95c3-522f-4b33-a328-c822ea96bebe/value'
21:09:59.034 [Forwarding sendKeysToElement on session 0fd8b900e59d5847d3b1eea8d561d030 to remote] DEBUG org.asynchttpclient.netty.request.NettyRequestSender - Using open Channel [id: 0x4c91d69c, L:/127.0.0.1:51214 - R:localhost/127.0.0.1:61283] for POST '/session/0fd8b900e59d5847d3b1eea8d561d030/element/85eb95c3-522f-4b33-a328-c822ea96bebe/value'
21:09:59.127 [AsyncHttpClient-1-2] DEBUG org.asynchttpclient.netty.handler.HttpHandler - 

Request DefaultHttpRequest(decodeResult: success, version: HTTP/1.1)
POST /session/0fd8b900e59d5847d3b1eea8d561d030/element/85eb95c3-522f-4b33-a328-c822ea96bebe/value HTTP/1.1
User-Agent: selenium/4.1.2 (java windows)
Content-Length: 361
Content-Type: application/json; charset=utf-8
host: localhost:61283
accept: */*

Response DefaultHttpResponse(decodeResult: success, version: HTTP/1.1)
HTTP/1.1 200 OK
Content-Type: application/json; charset=utf-8
cache-control: no-cache
content-length: 14

21:09:59.127 [AsyncHttpClient-1-2] DEBUG org.asynchttpclient.netty.channel.ChannelManager - Adding key: http://localhost:61283 for channel [id: 0x4c91d69c, L:/127.0.0.1:51214 - R:localhost/127.0.0.1:61283]
21:09:59.134 [Forwarding screenshot on session 0fd8b900e59d5847d3b1eea8d561d030 to remote] DEBUG org.asynchttpclient.netty.request.NettyRequestSender - Using pooled Channel '[id: 0x4c91d69c, L:/127.0.0.1:51214 - R:localhost/127.0.0.1:61283]' for 'GET' to 'http://localhost:61283/session/0fd8b900e59d5847d3b1eea8d561d030/screenshot'
21:09:59.134 [Forwarding screenshot on session 0fd8b900e59d5847d3b1eea8d561d030 to remote] DEBUG org.asynchttpclient.netty.request.NettyRequestSender - Using open Channel [id: 0x4c91d69c, L:/127.0.0.1:51214 - R:localhost/127.0.0.1:61283] for GET '/session/0fd8b900e59d5847d3b1eea8d561d030/screenshot'
21:09:59.235 [AsyncHttpClient-1-2] DEBUG org.asynchttpclient.netty.handler.HttpHandler - 

Request DefaultFullHttpRequest(decodeResult: success, version: HTTP/1.1, content: EmptyByteBufBE)
GET /session/0fd8b900e59d5847d3b1eea8d561d030/screenshot HTTP/1.1
User-Agent: selenium/4.1.2 (java windows)
Cache-Control: no-cache
Content-Type: application/json; charset=utf-8
host: localhost:61283
accept: */*

Response DefaultHttpResponse(decodeResult: success, version: HTTP/1.1)
HTTP/1.1 200 OK
Content-Type: application/json; charset=utf-8
cache-control: no-cache
content-length: 69220

21:09:59.235 [AsyncHttpClient-1-2] DEBUG org.asynchttpclient.netty.channel.ChannelManager - Adding key: http://localhost:61283 for channel [id: 0x4c91d69c, L:/127.0.0.1:51214 - R:localhost/127.0.0.1:61283]
21:09:59.237 [main] DEBUG net.serenitybdd.core.photography.Darkroom - Send negative for processing for target\site\serenity\c272d6e5bb56357d4f3f3f1b7d17ab26b13305c55ac51fa0de392aa6621dcc67.png
21:09:59.237 [main] DEBUG net.thucydides.core.steps.StepInterceptor - STEP DONE: inputEmail
  &amp#27;[32mWhen &amp#27;[0m&amp#27;[32mI Input valid email&amp#27;[0m        &amp#27;[90m# starter.stepdefinitions.LoginSteps.InputValidEmail()&amp#27;[0m
21:09:59.253 [main] DEBUG net.thucydides.core.steps.StepInterceptor - STARTING STEP: LoginSteps.InputValidPassword - inputPassword
21:09:59.255 [Forwarding findElement on session 0fd8b900e59d5847d3b1eea8d561d030 to remote] DEBUG org.asynchttpclient.netty.request.NettyRequestSender - Using pooled Channel '[id: 0x4c91d69c, L:/127.0.0.1:51214 - R:localhost/127.0.0.1:61283]' for 'POST' to 'http://localhost:61283/session/0fd8b900e59d5847d3b1eea8d561d030/element'
21:09:59.255 [Forwarding findElement on session 0fd8b900e59d5847d3b1eea8d561d030 to remote] DEBUG org.asynchttpclient.netty.request.NettyRequestSender - Using open Channel [id: 0x4c91d69c, L:/127.0.0.1:51214 - R:localhost/127.0.0.1:61283] for POST '/session/0fd8b900e59d5847d3b1eea8d561d030/element'
21:09:59.267 [AsyncHttpClient-1-2] DEBUG org.asynchttpclient.netty.handler.HttpHandler - 

Request DefaultHttpRequest(decodeResult: success, version: HTTP/1.1)
POST /session/0fd8b900e59d5847d3b1eea8d561d030/element HTTP/1.1
User-Agent: selenium/4.1.2 (java windows)
Content-Length: 53
Content-Type: application/json; charset=utf-8
host: localhost:61283
accept: */*

Response DefaultHttpResponse(decodeResult: success, version: HTTP/1.1)
HTTP/1.1 200 OK
Content-Type: application/json; charset=utf-8
cache-control: no-cache
content-length: 88

21:09:59.267 [AsyncHttpClient-1-2] DEBUG org.asynchttpclient.netty.channel.ChannelManager - Adding key: http://localhost:61283 for channel [id: 0x4c91d69c, L:/127.0.0.1:51214 - R:localhost/127.0.0.1:61283]
21:09:59.267 [Forwarding clearElement on session 0fd8b900e59d5847d3b1eea8d561d030 to remote] DEBUG org.asynchttpclient.netty.request.NettyRequestSender - Using pooled Channel '[id: 0x4c91d69c, L:/127.0.0.1:51214 - R:localhost/127.0.0.1:61283]' for 'POST' to 'http://localhost:61283/session/0fd8b900e59d5847d3b1eea8d561d030/element/f5b47093-82e0-45e4-bab1-05a21732fc77/clear'
21:09:59.267 [Forwarding clearElement on session 0fd8b900e59d5847d3b1eea8d561d030 to remote] DEBUG org.asynchttpclient.netty.request.NettyRequestSender - Using open Channel [id: 0x4c91d69c, L:/127.0.0.1:51214 - R:localhost/127.0.0.1:61283] for POST '/session/0fd8b900e59d5847d3b1eea8d561d030/element/f5b47093-82e0-45e4-bab1-05a21732fc77/clear'
21:09:59.297 [AsyncHttpClient-1-2] DEBUG org.asynchttpclient.netty.handler.HttpHandler - 

Request DefaultHttpRequest(decodeResult: success, version: HTTP/1.1)
POST /session/0fd8b900e59d5847d3b1eea8d561d030/element/f5b47093-82e0-45e4-bab1-05a21732fc77/clear HTTP/1.1
User-Agent: selenium/4.1.2 (java windows)
Content-Length: 50
Content-Type: application/json; charset=utf-8
host: localhost:61283
accept: */*

Response DefaultHttpResponse(decodeResult: success, version: HTTP/1.1)
HTTP/1.1 200 OK
Content-Type: application/json; charset=utf-8
cache-control: no-cache
content-length: 14

21:09:59.297 [AsyncHttpClient-1-2] DEBUG org.asynchttpclient.netty.channel.ChannelManager - Adding key: http://localhost:61283 for channel [id: 0x4c91d69c, L:/127.0.0.1:51214 - R:localhost/127.0.0.1:61283]
21:09:59.300 [Forwarding sendKeysToElement on session 0fd8b900e59d5847d3b1eea8d561d030 to remote] DEBUG org.asynchttpclient.netty.request.NettyRequestSender - Using pooled Channel '[id: 0x4c91d69c, L:/127.0.0.1:51214 - R:localhost/127.0.0.1:61283]' for 'POST' to 'http://localhost:61283/session/0fd8b900e59d5847d3b1eea8d561d030/element/f5b47093-82e0-45e4-bab1-05a21732fc77/value'
21:09:59.300 [Forwarding sendKeysToElement on session 0fd8b900e59d5847d3b1eea8d561d030 to remote] DEBUG org.asynchttpclient.netty.request.NettyRequestSender - Using open Channel [id: 0x4c91d69c, L:/127.0.0.1:51214 - R:localhost/127.0.0.1:61283] for POST '/session/0fd8b900e59d5847d3b1eea8d561d030/element/f5b47093-82e0-45e4-bab1-05a21732fc77/value'
21:09:59.555 [AsyncHttpClient-1-2] DEBUG org.asynchttpclient.netty.handler.HttpHandler - 

Request DefaultHttpRequest(decodeResult: success, version: HTTP/1.1)
POST /session/0fd8b900e59d5847d3b1eea8d561d030/element/f5b47093-82e0-45e4-bab1-05a21732fc77/value HTTP/1.1
User-Agent: selenium/4.1.2 (java windows)
Content-Length: 191
Content-Type: application/json; charset=utf-8
host: localhost:61283
accept: */*

Response DefaultHttpResponse(decodeResult: success, version: HTTP/1.1)
HTTP/1.1 200 OK
Content-Type: application/json; charset=utf-8
cache-control: no-cache
content-length: 14

21:09:59.555 [AsyncHttpClient-1-2] DEBUG org.asynchttpclient.netty.channel.ChannelManager - Adding key: http://localhost:61283 for channel [id: 0x4c91d69c, L:/127.0.0.1:51214 - R:localhost/127.0.0.1:61283]
21:09:59.570 [Forwarding screenshot on session 0fd8b900e59d5847d3b1eea8d561d030 to remote] DEBUG org.asynchttpclient.netty.request.NettyRequestSender - Using pooled Channel '[id: 0x4c91d69c, L:/127.0.0.1:51214 - R:localhost/127.0.0.1:61283]' for 'GET' to 'http://localhost:61283/session/0fd8b900e59d5847d3b1eea8d561d030/screenshot'
21:09:59.570 [Forwarding screenshot on session 0fd8b900e59d5847d3b1eea8d561d030 to remote] DEBUG org.asynchttpclient.netty.request.NettyRequestSender - Using open Channel [id: 0x4c91d69c, L:/127.0.0.1:51214 - R:localhost/127.0.0.1:61283] for GET '/session/0fd8b900e59d5847d3b1eea8d561d030/screenshot'
21:09:59.670 [AsyncHttpClient-1-2] DEBUG org.asynchttpclient.netty.handler.HttpHandler - 

Request DefaultFullHttpRequest(decodeResult: success, version: HTTP/1.1, content: EmptyByteBufBE)
GET /session/0fd8b900e59d5847d3b1eea8d561d030/screenshot HTTP/1.1
User-Agent: selenium/4.1.2 (java windows)
Cache-Control: no-cache
Content-Type: application/json; charset=utf-8
host: localhost:61283
accept: */*

Response DefaultHttpResponse(decodeResult: success, version: HTTP/1.1)
HTTP/1.1 200 OK
Content-Type: application/json; charset=utf-8
cache-control: no-cache
content-length: 68516

21:09:59.686 [AsyncHttpClient-1-2] DEBUG org.asynchttpclient.netty.channel.ChannelManager - Adding key: http://localhost:61283 for channel [id: 0x4c91d69c, L:/127.0.0.1:51214 - R:localhost/127.0.0.1:61283]
21:09:59.687 [main] DEBUG net.serenitybdd.core.photography.Darkroom - Send negative for processing for target\site\serenity\45fc441e94f300f23177357e43601bda22cb4376d9a9b0e7934baf646e618fb1.png
21:09:59.687 [main] DEBUG net.thucydides.core.steps.StepInterceptor - STEP DONE: inputPassword
  &amp#27;[32mAnd &amp#27;[0m&amp#27;[32mI Input valid password&amp#27;[0m      &amp#27;[90m# starter.stepdefinitions.LoginSteps.InputValidPassword()&amp#27;[0m
21:09:59.703 [main] DEBUG net.thucydides.core.steps.StepInterceptor - STARTING STEP: LoginSteps.ClickButtonLogin - clickLoginButton
21:09:59.703 [Forwarding findElement on session 0fd8b900e59d5847d3b1eea8d561d030 to remote] DEBUG org.asynchttpclient.netty.request.NettyRequestSender - Using pooled Channel '[id: 0x4c91d69c, L:/127.0.0.1:51214 - R:localhost/127.0.0.1:61283]' for 'POST' to 'http://localhost:61283/session/0fd8b900e59d5847d3b1eea8d561d030/element'
21:09:59.703 [Forwarding findElement on session 0fd8b900e59d5847d3b1eea8d561d030 to remote] DEBUG org.asynchttpclient.netty.request.NettyRequestSender - Using open Channel [id: 0x4c91d69c, L:/127.0.0.1:51214 - R:localhost/127.0.0.1:61283] for POST '/session/0fd8b900e59d5847d3b1eea8d561d030/element'
21:09:59.703 [AsyncHttpClient-1-2] DEBUG org.asynchttpclient.netty.handler.HttpHandler - 

Request DefaultHttpRequest(decodeResult: success, version: HTTP/1.1)
POST /session/0fd8b900e59d5847d3b1eea8d561d030/element HTTP/1.1
User-Agent: selenium/4.1.2 (java windows)
Content-Length: 70
Content-Type: application/json; charset=utf-8
host: localhost:61283
accept: */*

Response DefaultHttpResponse(decodeResult: success, version: HTTP/1.1)
HTTP/1.1 200 OK
Content-Type: application/json; charset=utf-8
cache-control: no-cache
content-length: 88

21:09:59.703 [AsyncHttpClient-1-2] DEBUG org.asynchttpclient.netty.channel.ChannelManager - Adding key: http://localhost:61283 for channel [id: 0x4c91d69c, L:/127.0.0.1:51214 - R:localhost/127.0.0.1:61283]
21:09:59.718 [Forwarding getElementTagName on session 0fd8b900e59d5847d3b1eea8d561d030 to remote] DEBUG org.asynchttpclient.netty.request.NettyRequestSender - Using pooled Channel '[id: 0x4c91d69c, L:/127.0.0.1:51214 - R:localhost/127.0.0.1:61283]' for 'GET' to 'http://localhost:61283/session/0fd8b900e59d5847d3b1eea8d561d030/element/45f7c536-a1be-4bb6-9850-1bbefa5bb47b/name'
21:09:59.718 [Forwarding getElementTagName on session 0fd8b900e59d5847d3b1eea8d561d030 to remote] DEBUG org.asynchttpclient.netty.request.NettyRequestSender - Using open Channel [id: 0x4c91d69c, L:/127.0.0.1:51214 - R:localhost/127.0.0.1:61283] for GET '/session/0fd8b900e59d5847d3b1eea8d561d030/element/45f7c536-a1be-4bb6-9850-1bbefa5bb47b/name'
21:09:59.718 [AsyncHttpClient-1-2] DEBUG org.asynchttpclient.netty.handler.HttpHandler - 

Request DefaultFullHttpRequest(decodeResult: success, version: HTTP/1.1, content: EmptyByteBufBE)
GET /session/0fd8b900e59d5847d3b1eea8d561d030/element/45f7c536-a1be-4bb6-9850-1bbefa5bb47b/name HTTP/1.1
User-Agent: selenium/4.1.2 (java windows)
Cache-Control: no-cache
Content-Type: application/json; charset=utf-8
host: localhost:61283
accept: */*

Response DefaultHttpResponse(decodeResult: success, version: HTTP/1.1)
HTTP/1.1 200 OK
Content-Type: application/json; charset=utf-8
cache-control: no-cache
content-length: 17

21:09:59.718 [AsyncHttpClient-1-2] DEBUG org.asynchttpclient.netty.channel.ChannelManager - Adding key: http://localhost:61283 for channel [id: 0x4c91d69c, L:/127.0.0.1:51214 - R:localhost/127.0.0.1:61283]
21:09:59.718 [Forwarding getElementTagName on session 0fd8b900e59d5847d3b1eea8d561d030 to remote] DEBUG org.asynchttpclient.netty.request.NettyRequestSender - Using pooled Channel '[id: 0x4c91d69c, L:/127.0.0.1:51214 - R:localhost/127.0.0.1:61283]' for 'GET' to 'http://localhost:61283/session/0fd8b900e59d5847d3b1eea8d561d030/element/45f7c536-a1be-4bb6-9850-1bbefa5bb47b/name'
21:09:59.718 [Forwarding getElementTagName on session 0fd8b900e59d5847d3b1eea8d561d030 to remote] DEBUG org.asynchttpclient.netty.request.NettyRequestSender - Using open Channel [id: 0x4c91d69c, L:/127.0.0.1:51214 - R:localhost/127.0.0.1:61283] for GET '/session/0fd8b900e59d5847d3b1eea8d561d030/element/45f7c536-a1be-4bb6-9850-1bbefa5bb47b/name'
21:09:59.718 [AsyncHttpClient-1-2] DEBUG org.asynchttpclient.netty.handler.HttpHandler - 

Request DefaultFullHttpRequest(decodeResult: success, version: HTTP/1.1, content: EmptyByteBufBE)
GET /session/0fd8b900e59d5847d3b1eea8d561d030/element/45f7c536-a1be-4bb6-9850-1bbefa5bb47b/name HTTP/1.1
User-Agent: selenium/4.1.2 (java windows)
Cache-Control: no-cache
Content-Type: application/json; charset=utf-8
host: localhost:61283
accept: */*

Response DefaultHttpResponse(decodeResult: success, version: HTTP/1.1)
HTTP/1.1 200 OK
Content-Type: application/json; charset=utf-8
cache-control: no-cache
content-length: 17

21:09:59.718 [AsyncHttpClient-1-2] DEBUG org.asynchttpclient.netty.channel.ChannelManager - Adding key: http://localhost:61283 for channel [id: 0x4c91d69c, L:/127.0.0.1:51214 - R:localhost/127.0.0.1:61283]
21:09:59.734 [Forwarding isElementEnabled on session 0fd8b900e59d5847d3b1eea8d561d030 to remote] DEBUG org.asynchttpclient.netty.request.NettyRequestSender - Using pooled Channel '[id: 0x4c91d69c, L:/127.0.0.1:51214 - R:localhost/127.0.0.1:61283]' for 'GET' to 'http://localhost:61283/session/0fd8b900e59d5847d3b1eea8d561d030/element/45f7c536-a1be-4bb6-9850-1bbefa5bb47b/enabled'
21:09:59.734 [Forwarding isElementEnabled on session 0fd8b900e59d5847d3b1eea8d561d030 to remote] DEBUG org.asynchttpclient.netty.request.NettyRequestSender - Using open Channel [id: 0x4c91d69c, L:/127.0.0.1:51214 - R:localhost/127.0.0.1:61283] for GET '/session/0fd8b900e59d5847d3b1eea8d561d030/element/45f7c536-a1be-4bb6-9850-1bbefa5bb47b/enabled'
21:09:59.734 [AsyncHttpClient-1-2] DEBUG org.asynchttpclient.netty.handler.HttpHandler - 

Request DefaultFullHttpRequest(decodeResult: success, version: HTTP/1.1, content: EmptyByteBufBE)
GET /session/0fd8b900e59d5847d3b1eea8d561d030/element/45f7c536-a1be-4bb6-9850-1bbefa5bb47b/enabled HTTP/1.1
User-Agent: selenium/4.1.2 (java windows)
Cache-Control: no-cache
Content-Type: application/json; charset=utf-8
host: localhost:61283
accept: */*

Response DefaultHttpResponse(decodeResult: success, version: HTTP/1.1)
HTTP/1.1 200 OK
Content-Type: application/json; charset=utf-8
cache-control: no-cache
content-length: 14

21:09:59.734 [AsyncHttpClient-1-2] DEBUG org.asynchttpclient.netty.channel.ChannelManager - Adding key: http://localhost:61283 for channel [id: 0x4c91d69c, L:/127.0.0.1:51214 - R:localhost/127.0.0.1:61283]
21:09:59.734 [Forwarding isElementEnabled on session 0fd8b900e59d5847d3b1eea8d561d030 to remote] DEBUG org.asynchttpclient.netty.request.NettyRequestSender - Using pooled Channel '[id: 0x4c91d69c, L:/127.0.0.1:51214 - R:localhost/127.0.0.1:61283]' for 'GET' to 'http://localhost:61283/session/0fd8b900e59d5847d3b1eea8d561d030/element/45f7c536-a1be-4bb6-9850-1bbefa5bb47b/enabled'
21:09:59.734 [Forwarding isElementEnabled on session 0fd8b900e59d5847d3b1eea8d561d030 to remote] DEBUG org.asynchttpclient.netty.request.NettyRequestSender - Using open Channel [id: 0x4c91d69c, L:/127.0.0.1:51214 - R:localhost/127.0.0.1:61283] for GET '/session/0fd8b900e59d5847d3b1eea8d561d030/element/45f7c536-a1be-4bb6-9850-1bbefa5bb47b/enabled'
21:09:59.750 [AsyncHttpClient-1-2] DEBUG org.asynchttpclient.netty.handler.HttpHandler - 

Request DefaultFullHttpRequest(decodeResult: success, version: HTTP/1.1, content: EmptyByteBufBE)
GET /session/0fd8b900e59d5847d3b1eea8d561d030/element/45f7c536-a1be-4bb6-9850-1bbefa5bb47b/enabled HTTP/1.1
User-Agent: selenium/4.1.2 (java windows)
Cache-Control: no-cache
Content-Type: application/json; charset=utf-8
host: localhost:61283
accept: */*

Response DefaultHttpResponse(decodeResult: success, version: HTTP/1.1)
HTTP/1.1 200 OK
Content-Type: application/json; charset=utf-8
cache-control: no-cache
content-length: 14

21:09:59.750 [AsyncHttpClient-1-2] DEBUG org.asynchttpclient.netty.channel.ChannelManager - Adding key: http://localhost:61283 for channel [id: 0x4c91d69c, L:/127.0.0.1:51214 - R:localhost/127.0.0.1:61283]
21:09:59.750 [Forwarding findElement on session 0fd8b900e59d5847d3b1eea8d561d030 to remote] DEBUG org.asynchttpclient.netty.request.NettyRequestSender - Using pooled Channel '[id: 0x4c91d69c, L:/127.0.0.1:51214 - R:localhost/127.0.0.1:61283]' for 'POST' to 'http://localhost:61283/session/0fd8b900e59d5847d3b1eea8d561d030/element'
21:09:59.750 [Forwarding findElement on session 0fd8b900e59d5847d3b1eea8d561d030 to remote] DEBUG org.asynchttpclient.netty.request.NettyRequestSender - Using open Channel [id: 0x4c91d69c, L:/127.0.0.1:51214 - R:localhost/127.0.0.1:61283] for POST '/session/0fd8b900e59d5847d3b1eea8d561d030/element'
21:09:59.766 [AsyncHttpClient-1-2] DEBUG org.asynchttpclient.netty.handler.HttpHandler - 

Request DefaultHttpRequest(decodeResult: success, version: HTTP/1.1)
POST /session/0fd8b900e59d5847d3b1eea8d561d030/element HTTP/1.1
User-Agent: selenium/4.1.2 (java windows)
Content-Length: 70
Content-Type: application/json; charset=utf-8
host: localhost:61283
accept: */*

Response DefaultHttpResponse(decodeResult: success, version: HTTP/1.1)
HTTP/1.1 200 OK
Content-Type: application/json; charset=utf-8
cache-control: no-cache
content-length: 88

21:09:59.767 [AsyncHttpClient-1-2] DEBUG org.asynchttpclient.netty.channel.ChannelManager - Adding key: http://localhost:61283 for channel [id: 0x4c91d69c, L:/127.0.0.1:51214 - R:localhost/127.0.0.1:61283]
21:09:59.767 [Forwarding clickElement on session 0fd8b900e59d5847d3b1eea8d561d030 to remote] DEBUG org.asynchttpclient.netty.request.NettyRequestSender - Using pooled Channel '[id: 0x4c91d69c, L:/127.0.0.1:51214 - R:localhost/127.0.0.1:61283]' for 'POST' to 'http://localhost:61283/session/0fd8b900e59d5847d3b1eea8d561d030/element/45f7c536-a1be-4bb6-9850-1bbefa5bb47b/click'
21:09:59.767 [Forwarding clickElement on session 0fd8b900e59d5847d3b1eea8d561d030 to remote] DEBUG org.asynchttpclient.netty.request.NettyRequestSender - Using open Channel [id: 0x4c91d69c, L:/127.0.0.1:51214 - R:localhost/127.0.0.1:61283] for POST '/session/0fd8b900e59d5847d3b1eea8d561d030/element/45f7c536-a1be-4bb6-9850-1bbefa5bb47b/click'
21:09:59.987 [AsyncHttpClient-1-1] DEBUG org.asynchttpclient.netty.channel.DefaultChannelPool - Entry count for : http://localhost:51215 : 1
21:10:01.076 [AsyncHttpClient-1-1] DEBUG org.asynchttpclient.netty.channel.DefaultChannelPool - Entry count for : http://localhost:51215 : 1
21:10:02.180 [AsyncHttpClient-1-1] DEBUG org.asynchttpclient.netty.channel.DefaultChannelPool - Entry count for : http://localhost:51215 : 1
21:10:03.276 [AsyncHttpClient-1-1] DEBUG org.asynchttpclient.netty.channel.DefaultChannelPool - Entry count for : http://localhost:51215 : 1
21:10:04.376 [AsyncHttpClient-1-1] DEBUG org.asynchttpclient.netty.channel.DefaultChannelPool - Entry count for : http://localhost:51215 : 1
21:10:05.477 [AsyncHttpClient-1-1] DEBUG org.asynchttpclient.netty.channel.DefaultChannelPool - Entry count for : http://localhost:51215 : 1
21:10:06.581 [AsyncHttpClient-1-1] DEBUG org.asynchttpclient.netty.channel.DefaultChannelPool - Entry count for : http://localhost:51215 : 1
21:10:07.010 [AsyncHttpClient-1-2] DEBUG org.asynchttpclient.netty.handler.HttpHandler - 

Request DefaultHttpRequest(decodeResult: success, version: HTTP/1.1)
POST /session/0fd8b900e59d5847d3b1eea8d561d030/element/45f7c536-a1be-4bb6-9850-1bbefa5bb47b/click HTTP/1.1
User-Agent: selenium/4.1.2 (java windows)
Content-Length: 50
Content-Type: application/json; charset=utf-8
host: localhost:61283
accept: */*

Response DefaultHttpResponse(decodeResult: success, version: HTTP/1.1)
HTTP/1.1 200 OK
Content-Type: application/json; charset=utf-8
cache-control: no-cache
content-length: 14

21:10:07.010 [AsyncHttpClient-1-2] DEBUG org.asynchttpclient.netty.channel.ChannelManager - Adding key: http://localhost:61283 for channel [id: 0x4c91d69c, L:/127.0.0.1:51214 - R:localhost/127.0.0.1:61283]
21:10:07.024 [Forwarding screenshot on session 0fd8b900e59d5847d3b1eea8d561d030 to remote] DEBUG org.asynchttpclient.netty.request.NettyRequestSender - Using pooled Channel '[id: 0x4c91d69c, L:/127.0.0.1:51214 - R:localhost/127.0.0.1:61283]' for 'GET' to 'http://localhost:61283/session/0fd8b900e59d5847d3b1eea8d561d030/screenshot'
21:10:07.025 [Forwarding screenshot on session 0fd8b900e59d5847d3b1eea8d561d030 to remote] DEBUG org.asynchttpclient.netty.request.NettyRequestSender - Using open Channel [id: 0x4c91d69c, L:/127.0.0.1:51214 - R:localhost/127.0.0.1:61283] for GET '/session/0fd8b900e59d5847d3b1eea8d561d030/screenshot'
21:10:07.186 [AsyncHttpClient-1-2] DEBUG org.asynchttpclient.netty.handler.HttpHandler - 

Request DefaultFullHttpRequest(decodeResult: success, version: HTTP/1.1, content: EmptyByteBufBE)
GET /session/0fd8b900e59d5847d3b1eea8d561d030/screenshot HTTP/1.1
User-Agent: selenium/4.1.2 (java windows)
Cache-Control: no-cache
Content-Type: application/json; charset=utf-8
host: localhost:61283
accept: */*

Response DefaultHttpResponse(decodeResult: success, version: HTTP/1.1)
HTTP/1.1 200 OK
Content-Type: application/json; charset=utf-8
cache-control: no-cache
content-length: 19436

21:10:07.187 [AsyncHttpClient-1-2] DEBUG org.asynchttpclient.netty.channel.ChannelManager - Adding key: http://localhost:61283 for channel [id: 0x4c91d69c, L:/127.0.0.1:51214 - R:localhost/127.0.0.1:61283]
21:10:07.192 [main] DEBUG net.serenitybdd.core.photography.Darkroom - Send negative for processing for target\site\serenity\d5964b58598478515ebf7609de81b17fb2e953c38e166860230a4dd0e7f33400.png
21:10:07.192 [main] DEBUG net.thucydides.core.steps.StepInterceptor - STEP DONE: clickLoginButton
21:10:07.192 [Darkroom Processing Line] DEBUG net.serenitybdd.core.photography.DarkroomProcessingLine - Processing screenshot image in /var/screenshots/screenshot-7850756788088904250
  &amp#27;[32mAnd &amp#27;[0m&amp#27;[32mI Click button login&amp#27;[0m        &amp#27;[90m# starter.stepdefinitions.LoginSteps.ClickButtonLogin()&amp#27;[0m
21:10:07.192 [Darkroom Processing Line] DEBUG net.serenitybdd.core.photography.DarkroomProcessingLine - Saving screenshot to target\site\serenity\d5964b58598478515ebf7609de81b17fb2e953c38e166860230a4dd0e7f33400.png
21:10:07.205 [Forwarding findElement on session 0fd8b900e59d5847d3b1eea8d561d030 to remote] DEBUG org.asynchttpclient.netty.request.NettyRequestSender - Using pooled Channel '[id: 0x4c91d69c, L:/127.0.0.1:51214 - R:localhost/127.0.0.1:61283]' for 'POST' to 'http://localhost:61283/session/0fd8b900e59d5847d3b1eea8d561d030/element'
21:10:07.205 [Forwarding findElement on session 0fd8b900e59d5847d3b1eea8d561d030 to remote] DEBUG org.asynchttpclient.netty.request.NettyRequestSender - Using open Channel [id: 0x4c91d69c, L:/127.0.0.1:51214 - R:localhost/127.0.0.1:61283] for POST '/session/0fd8b900e59d5847d3b1eea8d561d030/element'
21:10:07.680 [AsyncHttpClient-1-1] DEBUG org.asynchttpclient.netty.channel.DefaultChannelPool - Entry count for : http://localhost:51215 : 1
21:10:08.784 [AsyncHttpClient-1-1] DEBUG org.asynchttpclient.netty.channel.DefaultChannelPool - Entry count for : http://localhost:51215 : 1
21:10:09.530 [AsyncHttpClient-1-2] DEBUG org.asynchttpclient.netty.handler.HttpHandler - 

Request DefaultHttpRequest(decodeResult: success, version: HTTP/1.1)
POST /session/0fd8b900e59d5847d3b1eea8d561d030/element HTTP/1.1
User-Agent: selenium/4.1.2 (java windows)
Content-Length: 78
Content-Type: application/json; charset=utf-8
host: localhost:61283
accept: */*

Response DefaultHttpResponse(decodeResult: success, version: HTTP/1.1)
HTTP/1.1 200 OK
Content-Type: application/json; charset=utf-8
cache-control: no-cache
content-length: 88

21:10:09.530 [AsyncHttpClient-1-2] DEBUG org.asynchttpclient.netty.channel.ChannelManager - Adding key: http://localhost:61283 for channel [id: 0x4c91d69c, L:/127.0.0.1:51214 - R:localhost/127.0.0.1:61283]
21:10:09.536 [Forwarding isElementDisplayed on session 0fd8b900e59d5847d3b1eea8d561d030 to remote] DEBUG org.asynchttpclient.netty.request.NettyRequestSender - Using pooled Channel '[id: 0x4c91d69c, L:/127.0.0.1:51214 - R:localhost/127.0.0.1:61283]' for 'POST' to 'http://localhost:61283/session/0fd8b900e59d5847d3b1eea8d561d030/execute/sync'
21:10:09.536 [Forwarding isElementDisplayed on session 0fd8b900e59d5847d3b1eea8d561d030 to remote] DEBUG org.asynchttpclient.netty.request.NettyRequestSender - Using open Channel [id: 0x4c91d69c, L:/127.0.0.1:51214 - R:localhost/127.0.0.1:61283] for POST '/session/0fd8b900e59d5847d3b1eea8d561d030/execute/sync'
21:10:09.551 [AsyncHttpClient-1-2] DEBUG org.asynchttpclient.netty.handler.HttpHandler - 

Request DefaultHttpRequest(decodeResult: success, version: HTTP/1.1)
POST /session/0fd8b900e59d5847d3b1eea8d561d030/execute/sync HTTP/1.1
User-Agent: selenium/4.1.2 (java windows)
Content-Length: 48780
Content-Type: application/json; charset=utf-8
host: localhost:61283
accept: */*

Response DefaultHttpResponse(decodeResult: success, version: HTTP/1.1)
HTTP/1.1 200 OK
Content-Type: application/json; charset=utf-8
cache-control: no-cache
content-length: 14

21:10:09.551 [AsyncHttpClient-1-2] DEBUG org.asynchttpclient.netty.channel.ChannelManager - Adding key: http://localhost:61283 for channel [id: 0x4c91d69c, L:/127.0.0.1:51214 - R:localhost/127.0.0.1:61283]
21:10:09.556 [Forwarding isElementDisplayed on session 0fd8b900e59d5847d3b1eea8d561d030 to remote] DEBUG org.asynchttpclient.netty.request.NettyRequestSender - Using pooled Channel '[id: 0x4c91d69c, L:/127.0.0.1:51214 - R:localhost/127.0.0.1:61283]' for 'POST' to 'http://localhost:61283/session/0fd8b900e59d5847d3b1eea8d561d030/execute/sync'
21:10:09.557 [Forwarding isElementDisplayed on session 0fd8b900e59d5847d3b1eea8d561d030 to remote] DEBUG org.asynchttpclient.netty.request.NettyRequestSender - Using open Channel [id: 0x4c91d69c, L:/127.0.0.1:51214 - R:localhost/127.0.0.1:61283] for POST '/session/0fd8b900e59d5847d3b1eea8d561d030/execute/sync'
21:10:09.567 [AsyncHttpClient-1-2] DEBUG org.asynchttpclient.netty.handler.HttpHandler - 

Request DefaultHttpRequest(decodeResult: success, version: HTTP/1.1)
POST /session/0fd8b900e59d5847d3b1eea8d561d030/execute/sync HTTP/1.1
User-Agent: selenium/4.1.2 (java windows)
Content-Length: 48780
Content-Type: application/json; charset=utf-8
host: localhost:61283
accept: */*

Response DefaultHttpResponse(decodeResult: success, version: HTTP/1.1)
HTTP/1.1 200 OK
Content-Type: application/json; charset=utf-8
cache-control: no-cache
content-length: 14

21:10:09.567 [AsyncHttpClient-1-2] DEBUG org.asynchttpclient.netty.channel.ChannelManager - Adding key: http://localhost:61283 for channel [id: 0x4c91d69c, L:/127.0.0.1:51214 - R:localhost/127.0.0.1:61283]
  &amp#27;[32mThen &amp#27;[0m&amp#27;[32mI can see my home page&amp#27;[0m     &amp#27;[90m# starter.stepdefinitions.LoginSteps.CanSeeMyHomePage()&amp#27;[0m
21:10:09.570 [Forwarding screenshot on session 0fd8b900e59d5847d3b1eea8d561d030 to remote] DEBUG org.asynchttpclient.netty.request.NettyRequestSender - Using pooled Channel '[id: 0x4c91d69c, L:/127.0.0.1:51214 - R:localhost/127.0.0.1:61283]' for 'GET' to 'http://localhost:61283/session/0fd8b900e59d5847d3b1eea8d561d030/screenshot'
21:10:09.570 [Forwarding screenshot on session 0fd8b900e59d5847d3b1eea8d561d030 to remote] DEBUG org.asynchttpclient.netty.request.NettyRequestSender - Using open Channel [id: 0x4c91d69c, L:/127.0.0.1:51214 - R:localhost/127.0.0.1:61283] for GET '/session/0fd8b900e59d5847d3b1eea8d561d030/screenshot'
21:10:09.685 [AsyncHttpClient-1-2] DEBUG org.asynchttpclient.netty.handler.HttpHandler - 

Request DefaultFullHttpRequest(decodeResult: success, version: HTTP/1.1, content: EmptyByteBufBE)
GET /session/0fd8b900e59d5847d3b1eea8d561d030/screenshot HTTP/1.1
User-Agent: selenium/4.1.2 (java windows)
Cache-Control: no-cache
Content-Type: application/json; charset=utf-8
host: localhost:61283
accept: */*

Response DefaultHttpResponse(decodeResult: success, version: HTTP/1.1)
HTTP/1.1 200 OK
Content-Type: application/json; charset=utf-8
cache-control: no-cache
content-length: 51412

21:10:09.685 [AsyncHttpClient-1-2] DEBUG org.asynchttpclient.netty.channel.ChannelManager - Adding key: http://localhost:61283 for channel [id: 0x4c91d69c, L:/127.0.0.1:51214 - R:localhost/127.0.0.1:61283]
21:10:09.685 [main] DEBUG net.serenitybdd.core.photography.Darkroom - Send negative for processing for target\site\serenity\19a98dd5a84deb232b83fde8b161daf3a3482126e042272d3c72fc570629d96a.png
21:10:09.685 [main] INFO  - 
  _____   ___   ___   _____     ___     _     ___   ___   ___   ___  
 |_   _| | __| / __| |_   _|   | _ \   /_\   / __| / __| | __| |   \ 
   | |   | _|  \__ \   | |     |  _/  / _ \  \__ \ \__ \ | _|  | |) |
   |_|   |___| |___/   |_|     |_|   /_/ \_\ |___/ |___/ |___| |___/ 

User Login Successfully
----------------------------------------------------------------------
21:10:09.794 [Driver Command Executor] DEBUG org.asynchttpclient.netty.request.NettyRequestSender - Using pooled Channel '[id: 0x4c91d69c, L:/127.0.0.1:51214 - R:localhost/127.0.0.1:61283]' for 'DELETE' to 'http://localhost:61283/session/0fd8b900e59d5847d3b1eea8d561d030'
21:10:09.794 [Driver Command Executor] DEBUG org.asynchttpclient.netty.request.NettyRequestSender - Using open Channel [id: 0x4c91d69c, L:/127.0.0.1:51214 - R:localhost/127.0.0.1:61283] for DELETE '/session/0fd8b900e59d5847d3b1eea8d561d030'
21:10:09.795 [AsyncHttpClient-1-4] DEBUG org.asynchttpclient.netty.handler.WebSocketHandler - Channel Closed: [id: 0xc3974286, L:/127.0.0.1:51222 ! R:localhost/127.0.0.1:51215] with attribute NettyResponseFuture{currentRetry=5,
	isDone=1,
	isCancelled=0,
	asyncHandler=org.asynchttpclient.ws.WebSocketUpgradeHandler@49028,
	nettyRequest=org.asynchttpclient.netty.request.NettyRequest@ac0cb4,
	future=java.util.concurrent.CompletableFuture@1c811ca[Completed normally],
	uri=ws://localhost:51215/devtools/browser/a9d12881-bb8b-4c5d-8936-e1da7573f812,
	keepAlive=true,
	redirectCount=0,
	timeoutsHolder=null,
	inAuth=0,
	touch=1655820595922}
21:10:09.796 [AsyncHttpClient-1-4] DEBUG org.asynchttpclient.netty.channel.ChannelManager - Closing Channel [id: 0xc3974286, L:/127.0.0.1:51222 ! R:localhost/127.0.0.1:51215] 
21:10:09.855 [AsyncHttpClient-1-3] DEBUG org.asynchttpclient.netty.handler.HttpHandler - Unexpected I/O exception on channel [id: 0x073e05dc, L:/127.0.0.1:51221 - R:localhost/127.0.0.1:51215]
java.io.IOException: An existing connection was forcibly closed by the remote host
	at sun.nio.ch.SocketDispatcher.read0(Native Method)
	at sun.nio.ch.SocketDispatcher.read(SocketDispatcher.java:43)
	at sun.nio.ch.IOUtil.readIntoNativeBuffer(IOUtil.java:223)
	at sun.nio.ch.IOUtil.read(IOUtil.java:192)
	at sun.nio.ch.SocketChannelImpl.read(SocketChannelImpl.java:378)
	at io.netty.buffer.PooledByteBuf.setBytes(PooledByteBuf.java:258)
	at io.netty.buffer.AbstractByteBuf.writeBytes(AbstractByteBuf.java:1132)
	at io.netty.channel.socket.nio.NioSocketChannel.doReadBytes(NioSocketChannel.java:350)
	at io.netty.channel.nio.AbstractNioByteChannel$NioByteUnsafe.read(AbstractNioByteChannel.java:151)
	at io.netty.channel.nio.NioEventLoop.processSelectedKey(NioEventLoop.java:722)
	at io.netty.channel.nio.NioEventLoop.processSelectedKeysOptimized(NioEventLoop.java:658)
	at io.netty.channel.nio.NioEventLoop.processSelectedKeys(NioEventLoop.java:584)
	at io.netty.channel.nio.NioEventLoop.run(NioEventLoop.java:496)
	at io.netty.util.concurrent.SingleThreadEventExecutor$4.run(SingleThreadEventExecutor.java:986)
	at io.netty.util.internal.ThreadExecutorMap$2.run(ThreadExecutorMap.java:74)
	at io.netty.util.concurrent.FastThreadLocalRunnable.run(FastThreadLocalRunnable.java:30)
	at java.lang.Thread.run(Thread.java:750)
21:10:09.856 [AsyncHttpClient-1-3] DEBUG org.asynchttpclient.netty.channel.ChannelManager - Closing Channel [id: 0x073e05dc, L:/127.0.0.1:51221 - R:localhost/127.0.0.1:51215] 
21:10:09.857 [AsyncHttpClient-1-3] DEBUG org.asynchttpclient.netty.handler.HttpHandler - Channel Closed: [id: 0x073e05dc, L:/127.0.0.1:51221 ! R:localhost/127.0.0.1:51215] with attribute DISCARD
21:10:09.877 [AsyncHttpClient-1-1] DEBUG org.asynchttpclient.netty.channel.DefaultChannelPool - Entry count for : http://localhost:51215 : 1
21:10:09.877 [AsyncHttpClient-1-1] DEBUG org.asynchttpclient.netty.channel.DefaultChannelPool - Adding Candidate expired Channel [id: 0x073e05dc, L:/127.0.0.1:51221 ! R:localhost/127.0.0.1:51215] isIdleTimeoutExpired=false isRemotelyClosed=true isTtlExpired=false
21:10:09.877 [AsyncHttpClient-1-1] DEBUG org.asynchttpclient.netty.channel.DefaultChannelPool - Closing Idle Channel [id: 0x073e05dc, L:/127.0.0.1:51221 ! R:localhost/127.0.0.1:51215]
21:10:09.878 [AsyncHttpClient-1-1] DEBUG org.asynchttpclient.netty.channel.DefaultChannelPool - Closed 1 connections out of 1 in 1 ms
21:10:10.093 [AsyncHttpClient-1-2] DEBUG org.asynchttpclient.netty.handler.HttpHandler - 

Request DefaultFullHttpRequest(decodeResult: success, version: HTTP/1.1, content: EmptyByteBufBE)
DELETE /session/0fd8b900e59d5847d3b1eea8d561d030 HTTP/1.1
User-Agent: selenium/4.1.2 (java windows)
Content-Type: application/json; charset=utf-8
host: localhost:61283
accept: */*

Response DefaultHttpResponse(decodeResult: success, version: HTTP/1.1)
HTTP/1.1 200 OK
Content-Type: application/json; charset=utf-8
cache-control: no-cache
content-length: 14

21:10:10.094 [AsyncHttpClient-1-2] DEBUG org.asynchttpclient.netty.channel.ChannelManager - Adding key: http://localhost:61283 for channel [id: 0x4c91d69c, L:/127.0.0.1:51214 - R:localhost/127.0.0.1:61283]
21:10:10.137 [AsyncHttpClient-1-2] DEBUG org.asynchttpclient.netty.handler.HttpHandler - Channel Closed: [id: 0x4c91d69c, L:/127.0.0.1:51214 ! R:localhost/127.0.0.1:61283] with attribute DISCARD
]]></system-out>
    <system-err><![CDATA[Starting ChromeDriver 102.0.5005.61 (0e59bcc00cc4985ce39ad31c150065f159d95ad3-refs/branch-heads/5005@{#819}) on port 61283
Only local connections are allowed.
Please see https://chromedriver.chromium.org/security-considerations for suggestions on keeping ChromeDriver safe.
ChromeDriver was started successfully.
Jun 21, 2022 9:09:55 PM org.openqa.selenium.remote.ProtocolHandshake createSession
INFO: Detected dialect: W3C
Jun 21, 2022 9:09:55 PM org.openqa.selenium.devtools.CdpVersionFinder findNearestMatch
WARNING: Unable to find an exact match for CDP version 102, so returning the closest version found: a no-op implementation
Jun 21, 2022 9:09:55 PM org.openqa.selenium.devtools.CdpVersionFinder findNearestMatch
INFO: Unable to find CDP implementation matching 102.
Jun 21, 2022 9:09:55 PM org.openqa.selenium.chromium.ChromiumDriver lambda$new$3
WARNING: Unable to find version of CDP to use for . You may need to include a dependency on a specific version of the CDP using something similar to `org.seleniumhq.selenium:selenium-devtools-v86:4.1.2` where the version ("v86") matches the version of the chromium-based browser you're using and the version number of the artifact is the same as Selenium's.
]]></system-err>
  </testcase>
  <testcase name="User Login Unsuccessfully" classname="Login - Kompas.com" time="6.751">
    <system-out><![CDATA[
@Login-Feature @Login-Unsuccessfully
Scenario: User Login Unsuccessfully &amp#27;[90m# src/test/resources/features/Login.feature:16&amp#27;[0m
21:10:10.673 [main] INFO io.cucumber.core.plugin.SerenityReporter - Running feature from file:///D:/AUTOMATION%20TEST/web-automation-kompas-with-serenity/src/test/resources/features/Login.feature
21:10:10.675 [main] INFO  - 
  _____   ___   ___   _____     ___   _____     _     ___   _____   ___   ___  
 |_   _| | __| / __| |_   _|   / __| |_   _|   /_\   | _ \ |_   _| | __| |   \ 
   | |   | _|  \__ \   | |     \__ \   | |    / _ \  |   /   | |   | _|  | |) |
   |_|   |___| |___/   |_|     |___/   |_|   /_/ \_\ |_|_\   |_|   |___| |___/ 

User Login Unsuccessfully(login---kompas.com;user-login-unsuccessfully)
--------------------------------------------------------------------------------
21:10:10.698 [main] DEBUG net.thucydides.core.steps.StepInterceptor - STARTING STEP: LoginSteps.OpenKompasLoginPage - onPage
21:10:10.701 [main] INFO net.serenitybdd.core.webdriver.driverproviders.ChromeDriverProvider - Using automatically driver download
21:10:10.839 [main] DEBUG io.github.bonigarcia.wdm.cache.ResolutionCache - Resolution chrome=102 in cache (valid until 21:54:59 21/06/2022 ICT)
21:10:10.843 [main] DEBUG io.github.bonigarcia.wdm.cache.ResolutionCache - Resolution chrome102=102.0.5005.61 in cache (valid until 09:08:44 22/06/2022 ICT)
21:10:10.845 [main] INFO io.github.bonigarcia.wdm.WebDriverManager - Using chromedriver 102.0.5005.61 (resolved driver for Chrome 102)
21:10:10.857 [main] DEBUG io.github.bonigarcia.wdm.WebDriverManager - Driver chromedriver 102.0.5005.61 found in cache
21:10:10.861 [main] INFO io.github.bonigarcia.wdm.WebDriverManager - Exporting webdriver.chrome.driver as C:\Users\ASUS\.cache\selenium\chromedriver\win32\102.0.5005.61\chromedriver.exe
21:10:10.975 [main] DEBUG net.serenitybdd.core.webdriver.driverproviders.ProvideNewDriver - Instantiating driver
21:10:10.975 [main] DEBUG net.serenitybdd.core.webdriver.driverproviders.ProvideNewDriver - Driver capabilities: Capabilities {acceptInsecureCerts: false, base.url: https://account.kompas.com/..., browserName: chrome, chrome.driver: src/test/resources/webdrive..., driver: chrome, goog:chromeOptions: {args: [], extensions: []}}
21:10:10.976 [AsyncHttpClient-1-1] DEBUG org.asynchttpclient.netty.channel.DefaultChannelPool - Entry count for : http://localhost:61283 : 1
21:10:10.976 [AsyncHttpClient-1-1] DEBUG org.asynchttpclient.netty.channel.DefaultChannelPool - Adding Candidate expired Channel [id: 0x4c91d69c, L:/127.0.0.1:51214 ! R:localhost/127.0.0.1:61283] isIdleTimeoutExpired=false isRemotelyClosed=true isTtlExpired=false
21:10:10.976 [AsyncHttpClient-1-1] DEBUG org.asynchttpclient.netty.channel.DefaultChannelPool - Closing Idle Channel [id: 0x4c91d69c, L:/127.0.0.1:51214 ! R:localhost/127.0.0.1:61283]
21:10:10.976 [AsyncHttpClient-1-1] DEBUG org.asynchttpclient.netty.channel.DefaultChannelPool - Closed 1 connections out of 1 in 0 ms
21:10:11.518 [AsyncHttpClient-1-5] DEBUG org.asynchttpclient.netty.channel.NettyConnectListener - Using new Channel '[id: 0xd76793e9, L:/127.0.0.1:51300 - R:localhost/127.0.0.1:50673]' for 'POST' to '/session'
21:10:12.248 [AsyncHttpClient-1-5] DEBUG org.asynchttpclient.netty.handler.HttpHandler - 

Request DefaultHttpRequest(decodeResult: success, version: HTTP/1.1)
POST /session HTTP/1.1
User-Agent: selenium/4.1.2 (java windows)
Content-Length: 624
Content-Type: application/json; charset=utf-8
host: localhost:50673
accept: */*

Response DefaultHttpResponse(decodeResult: success, version: HTTP/1.1)
HTTP/1.1 200 OK
Content-Type: application/json; charset=utf-8
cache-control: no-cache
content-length: 790

21:10:12.248 [AsyncHttpClient-1-5] DEBUG org.asynchttpclient.netty.channel.ChannelManager - Adding key: http://localhost:50673 for channel [id: 0xd76793e9, L:/127.0.0.1:51300 - R:localhost/127.0.0.1:50673]
21:10:12.262 [AsyncHttpClient-1-6] DEBUG org.asynchttpclient.netty.channel.NettyConnectListener - Using new Channel '[id: 0x1a5cf91d, L:/127.0.0.1:51307 - R:localhost/127.0.0.1:51301]' for 'GET' to '/json/version'
21:10:12.263 [AsyncHttpClient-1-6] DEBUG org.asynchttpclient.netty.handler.HttpHandler - 

Request DefaultFullHttpRequest(decodeResult: success, version: HTTP/1.1, content: EmptyByteBufBE)
GET /json/version HTTP/1.1
User-Agent: selenium/4.1.2 (java windows)
host: localhost:51301
accept: */*

Response DefaultHttpResponse(decodeResult: success, version: HTTP/1.1)
HTTP/1.1 200 OK
Content-Type: application/json; charset=UTF-8
content-length: 428

21:10:12.263 [AsyncHttpClient-1-6] DEBUG org.asynchttpclient.netty.channel.ChannelManager - Adding key: http://localhost:51301 for channel [id: 0x1a5cf91d, L:/127.0.0.1:51307 - R:localhost/127.0.0.1:51301]
21:10:12.265 [AsyncHttpClient-1-7] DEBUG org.asynchttpclient.netty.channel.NettyConnectListener - Using new Channel '[id: 0x3f35580f, L:/127.0.0.1:51308 - R:localhost/127.0.0.1:51301]' for 'GET' to '/devtools/browser/fd914df2-6aa2-4d92-a3a0-b1a5b4300c87'
21:10:12.267 [AsyncHttpClient-1-7] DEBUG org.asynchttpclient.netty.handler.WebSocketHandler - 

Request DefaultFullHttpRequest(decodeResult: success, version: HTTP/1.1, content: EmptyByteBufBE)
GET /devtools/browser/fd914df2-6aa2-4d92-a3a0-b1a5b4300c87 HTTP/1.1
upgrade: websocket
connection: upgrade
sec-websocket-key: JbRzPiJrEOqr+M4dAd/c4w==
sec-websocket-version: 13
origin: http://localhost:51301
host: localhost:51301
accept: */*
user-agent: AHC/2.1

Response DefaultHttpResponse(decodeResult: success, version: HTTP/1.1)
HTTP/1.1 101 WebSocket Protocol Handshake
Upgrade: WebSocket
Connection: Upgrade
Sec-WebSocket-Accept: ISw8DndZ81lA+s1PDNYl4kUt2O8=

21:10:12.271 [Forwarding get on session 186edba7d4c94509175f862be63f4081 to remote] DEBUG org.asynchttpclient.netty.request.NettyRequestSender - Using pooled Channel '[id: 0xd76793e9, L:/127.0.0.1:51300 - R:localhost/127.0.0.1:50673]' for 'POST' to 'http://localhost:50673/session/186edba7d4c94509175f862be63f4081/url'
21:10:12.271 [Forwarding get on session 186edba7d4c94509175f862be63f4081 to remote] DEBUG org.asynchttpclient.netty.request.NettyRequestSender - Using open Channel [id: 0xd76793e9, L:/127.0.0.1:51300 - R:localhost/127.0.0.1:50673] for POST '/session/186edba7d4c94509175f862be63f4081/url'
21:10:13.177 [AsyncHttpClient-1-1] DEBUG org.asynchttpclient.netty.channel.DefaultChannelPool - Entry count for : http://localhost:51301 : 1
21:10:14.277 [AsyncHttpClient-1-1] DEBUG org.asynchttpclient.netty.channel.DefaultChannelPool - Entry count for : http://localhost:51301 : 1
21:10:14.544 [AsyncHttpClient-1-5] DEBUG org.asynchttpclient.netty.handler.HttpHandler - 

Request DefaultHttpRequest(decodeResult: success, version: HTTP/1.1)
POST /session/186edba7d4c94509175f862be63f4081/url HTTP/1.1
User-Agent: selenium/4.1.2 (java windows)
Content-Length: 79
Content-Type: application/json; charset=utf-8
host: localhost:50673
accept: */*

Response DefaultHttpResponse(decodeResult: success, version: HTTP/1.1)
HTTP/1.1 200 OK
Content-Type: application/json; charset=utf-8
cache-control: no-cache
content-length: 14

21:10:14.544 [AsyncHttpClient-1-5] DEBUG org.asynchttpclient.netty.channel.ChannelManager - Adding key: http://localhost:50673 for channel [id: 0xd76793e9, L:/127.0.0.1:51300 - R:localhost/127.0.0.1:50673]
21:10:14.547 [Forwarding setTimeout on session 186edba7d4c94509175f862be63f4081 to remote] DEBUG org.asynchttpclient.netty.request.NettyRequestSender - Using pooled Channel '[id: 0xd76793e9, L:/127.0.0.1:51300 - R:localhost/127.0.0.1:50673]' for 'POST' to 'http://localhost:50673/session/186edba7d4c94509175f862be63f4081/timeouts'
21:10:14.547 [Forwarding setTimeout on session 186edba7d4c94509175f862be63f4081 to remote] DEBUG org.asynchttpclient.netty.request.NettyRequestSender - Using open Channel [id: 0xd76793e9, L:/127.0.0.1:51300 - R:localhost/127.0.0.1:50673] for POST '/session/186edba7d4c94509175f862be63f4081/timeouts'
21:10:14.549 [AsyncHttpClient-1-5] DEBUG org.asynchttpclient.netty.handler.HttpHandler - 

Request DefaultHttpRequest(decodeResult: success, version: HTTP/1.1)
POST /session/186edba7d4c94509175f862be63f4081/timeouts HTTP/1.1
User-Agent: selenium/4.1.2 (java windows)
Content-Length: 22
Content-Type: application/json; charset=utf-8
host: localhost:50673
accept: */*

Response DefaultHttpResponse(decodeResult: success, version: HTTP/1.1)
HTTP/1.1 200 OK
Content-Type: application/json; charset=utf-8
cache-control: no-cache
content-length: 14

21:10:14.549 [AsyncHttpClient-1-5] DEBUG org.asynchttpclient.netty.channel.ChannelManager - Adding key: http://localhost:50673 for channel [id: 0xd76793e9, L:/127.0.0.1:51300 - R:localhost/127.0.0.1:50673]
21:10:14.565 [Forwarding getCurrentUrl on session 186edba7d4c94509175f862be63f4081 to remote] DEBUG org.asynchttpclient.netty.request.NettyRequestSender - Using pooled Channel '[id: 0xd76793e9, L:/127.0.0.1:51300 - R:localhost/127.0.0.1:50673]' for 'GET' to 'http://localhost:50673/session/186edba7d4c94509175f862be63f4081/url'
21:10:14.565 [Forwarding getCurrentUrl on session 186edba7d4c94509175f862be63f4081 to remote] DEBUG org.asynchttpclient.netty.request.NettyRequestSender - Using open Channel [id: 0xd76793e9, L:/127.0.0.1:51300 - R:localhost/127.0.0.1:50673] for GET '/session/186edba7d4c94509175f862be63f4081/url'
21:10:14.572 [AsyncHttpClient-1-5] DEBUG org.asynchttpclient.netty.handler.HttpHandler - 

Request DefaultFullHttpRequest(decodeResult: success, version: HTTP/1.1, content: EmptyByteBufBE)
GET /session/186edba7d4c94509175f862be63f4081/url HTTP/1.1
User-Agent: selenium/4.1.2 (java windows)
Cache-Control: no-cache
Content-Type: application/json; charset=utf-8
host: localhost:50673
accept: */*

Response DefaultHttpResponse(decodeResult: success, version: HTTP/1.1)
HTTP/1.1 200 OK
Content-Type: application/json; charset=utf-8
cache-control: no-cache
content-length: 51

21:10:14.572 [AsyncHttpClient-1-5] DEBUG org.asynchttpclient.netty.channel.ChannelManager - Adding key: http://localhost:50673 for channel [id: 0xd76793e9, L:/127.0.0.1:51300 - R:localhost/127.0.0.1:50673]
21:10:14.575 [Forwarding getCurrentUrl on session 186edba7d4c94509175f862be63f4081 to remote] DEBUG org.asynchttpclient.netty.request.NettyRequestSender - Using pooled Channel '[id: 0xd76793e9, L:/127.0.0.1:51300 - R:localhost/127.0.0.1:50673]' for 'GET' to 'http://localhost:50673/session/186edba7d4c94509175f862be63f4081/url'
21:10:14.576 [Forwarding getCurrentUrl on session 186edba7d4c94509175f862be63f4081 to remote] DEBUG org.asynchttpclient.netty.request.NettyRequestSender - Using open Channel [id: 0xd76793e9, L:/127.0.0.1:51300 - R:localhost/127.0.0.1:50673] for GET '/session/186edba7d4c94509175f862be63f4081/url'
21:10:14.579 [AsyncHttpClient-1-5] DEBUG org.asynchttpclient.netty.handler.HttpHandler - 

Request DefaultFullHttpRequest(decodeResult: success, version: HTTP/1.1, content: EmptyByteBufBE)
GET /session/186edba7d4c94509175f862be63f4081/url HTTP/1.1
User-Agent: selenium/4.1.2 (java windows)
Cache-Control: no-cache
Content-Type: application/json; charset=utf-8
host: localhost:50673
accept: */*

Response DefaultHttpResponse(decodeResult: success, version: HTTP/1.1)
HTTP/1.1 200 OK
Content-Type: application/json; charset=utf-8
cache-control: no-cache
content-length: 51

21:10:14.580 [AsyncHttpClient-1-5] DEBUG org.asynchttpclient.netty.channel.ChannelManager - Adding key: http://localhost:50673 for channel [id: 0xd76793e9, L:/127.0.0.1:51300 - R:localhost/127.0.0.1:50673]
21:10:14.585 [Forwarding screenshot on session 186edba7d4c94509175f862be63f4081 to remote] DEBUG org.asynchttpclient.netty.request.NettyRequestSender - Using pooled Channel '[id: 0xd76793e9, L:/127.0.0.1:51300 - R:localhost/127.0.0.1:50673]' for 'GET' to 'http://localhost:50673/session/186edba7d4c94509175f862be63f4081/screenshot'
21:10:14.585 [Forwarding screenshot on session 186edba7d4c94509175f862be63f4081 to remote] DEBUG org.asynchttpclient.netty.request.NettyRequestSender - Using open Channel [id: 0xd76793e9, L:/127.0.0.1:51300 - R:localhost/127.0.0.1:50673] for GET '/session/186edba7d4c94509175f862be63f4081/screenshot'
21:10:14.685 [AsyncHttpClient-1-5] DEBUG org.asynchttpclient.netty.handler.HttpHandler - 

Request DefaultFullHttpRequest(decodeResult: success, version: HTTP/1.1, content: EmptyByteBufBE)
GET /session/186edba7d4c94509175f862be63f4081/screenshot HTTP/1.1
User-Agent: selenium/4.1.2 (java windows)
Cache-Control: no-cache
Content-Type: application/json; charset=utf-8
host: localhost:50673
accept: */*

Response DefaultHttpResponse(decodeResult: success, version: HTTP/1.1)
HTTP/1.1 200 OK
Content-Type: application/json; charset=utf-8
cache-control: no-cache
content-length: 59408

21:10:14.685 [AsyncHttpClient-1-5] DEBUG org.asynchttpclient.netty.channel.ChannelManager - Adding key: http://localhost:50673 for channel [id: 0xd76793e9, L:/127.0.0.1:51300 - R:localhost/127.0.0.1:50673]
21:10:14.701 [main] DEBUG net.serenitybdd.core.photography.Darkroom - Send negative for processing for target\site\serenity\79d8ae44de933f0b395c79202b506f6944ae63bf7eb5cb55e7fa3467b18a1bbd.png
21:10:14.701 [main] DEBUG net.thucydides.core.steps.StepInterceptor - STEP DONE: onPage
21:10:14.704 [main] DEBUG net.thucydides.core.steps.StepInterceptor - STARTING STEP: LoginSteps.OpenKompasLoginPage - ValidationLoginPage
21:10:14.704 [Forwarding findElement on session 186edba7d4c94509175f862be63f4081 to remote] DEBUG org.asynchttpclient.netty.request.NettyRequestSender - Using pooled Channel '[id: 0xd76793e9, L:/127.0.0.1:51300 - R:localhost/127.0.0.1:50673]' for 'POST' to 'http://localhost:50673/session/186edba7d4c94509175f862be63f4081/element'
21:10:14.704 [Forwarding findElement on session 186edba7d4c94509175f862be63f4081 to remote] DEBUG org.asynchttpclient.netty.request.NettyRequestSender - Using open Channel [id: 0xd76793e9, L:/127.0.0.1:51300 - R:localhost/127.0.0.1:50673] for POST '/session/186edba7d4c94509175f862be63f4081/element'
21:10:14.717 [AsyncHttpClient-1-5] DEBUG org.asynchttpclient.netty.handler.HttpHandler - 

Request DefaultHttpRequest(decodeResult: success, version: HTTP/1.1)
POST /session/186edba7d4c94509175f862be63f4081/element HTTP/1.1
User-Agent: selenium/4.1.2 (java windows)
Content-Length: 70
Content-Type: application/json; charset=utf-8
host: localhost:50673
accept: */*

Response DefaultHttpResponse(decodeResult: success, version: HTTP/1.1)
HTTP/1.1 200 OK
Content-Type: application/json; charset=utf-8
cache-control: no-cache
content-length: 88

21:10:14.717 [AsyncHttpClient-1-5] DEBUG org.asynchttpclient.netty.channel.ChannelManager - Adding key: http://localhost:50673 for channel [id: 0xd76793e9, L:/127.0.0.1:51300 - R:localhost/127.0.0.1:50673]
21:10:14.736 [Forwarding isElementDisplayed on session 186edba7d4c94509175f862be63f4081 to remote] DEBUG org.asynchttpclient.netty.request.NettyRequestSender - Using pooled Channel '[id: 0xd76793e9, L:/127.0.0.1:51300 - R:localhost/127.0.0.1:50673]' for 'POST' to 'http://localhost:50673/session/186edba7d4c94509175f862be63f4081/execute/sync'
21:10:14.736 [Forwarding isElementDisplayed on session 186edba7d4c94509175f862be63f4081 to remote] DEBUG org.asynchttpclient.netty.request.NettyRequestSender - Using open Channel [id: 0xd76793e9, L:/127.0.0.1:51300 - R:localhost/127.0.0.1:50673] for POST '/session/186edba7d4c94509175f862be63f4081/execute/sync'
21:10:14.754 [AsyncHttpClient-1-5] DEBUG org.asynchttpclient.netty.handler.HttpHandler - 

Request DefaultHttpRequest(decodeResult: success, version: HTTP/1.1)
POST /session/186edba7d4c94509175f862be63f4081/execute/sync HTTP/1.1
User-Agent: selenium/4.1.2 (java windows)
Content-Length: 48780
Content-Type: application/json; charset=utf-8
host: localhost:50673
accept: */*

Response DefaultHttpResponse(decodeResult: success, version: HTTP/1.1)
HTTP/1.1 200 OK
Content-Type: application/json; charset=utf-8
cache-control: no-cache
content-length: 14

21:10:14.755 [AsyncHttpClient-1-5] DEBUG org.asynchttpclient.netty.channel.ChannelManager - Adding key: http://localhost:50673 for channel [id: 0xd76793e9, L:/127.0.0.1:51300 - R:localhost/127.0.0.1:50673]
21:10:14.759 [Forwarding screenshot on session 186edba7d4c94509175f862be63f4081 to remote] DEBUG org.asynchttpclient.netty.request.NettyRequestSender - Using pooled Channel '[id: 0xd76793e9, L:/127.0.0.1:51300 - R:localhost/127.0.0.1:50673]' for 'GET' to 'http://localhost:50673/session/186edba7d4c94509175f862be63f4081/screenshot'
21:10:14.759 [Forwarding screenshot on session 186edba7d4c94509175f862be63f4081 to remote] DEBUG org.asynchttpclient.netty.request.NettyRequestSender - Using open Channel [id: 0xd76793e9, L:/127.0.0.1:51300 - R:localhost/127.0.0.1:50673] for GET '/session/186edba7d4c94509175f862be63f4081/screenshot'
21:10:14.853 [AsyncHttpClient-1-5] DEBUG org.asynchttpclient.netty.handler.HttpHandler - 

Request DefaultFullHttpRequest(decodeResult: success, version: HTTP/1.1, content: EmptyByteBufBE)
GET /session/186edba7d4c94509175f862be63f4081/screenshot HTTP/1.1
User-Agent: selenium/4.1.2 (java windows)
Cache-Control: no-cache
Content-Type: application/json; charset=utf-8
host: localhost:50673
accept: */*

Response DefaultHttpResponse(decodeResult: success, version: HTTP/1.1)
HTTP/1.1 200 OK
Content-Type: application/json; charset=utf-8
cache-control: no-cache
content-length: 59408

21:10:14.853 [AsyncHttpClient-1-5] DEBUG org.asynchttpclient.netty.channel.ChannelManager - Adding key: http://localhost:50673 for channel [id: 0xd76793e9, L:/127.0.0.1:51300 - R:localhost/127.0.0.1:50673]
21:10:14.853 [main] DEBUG net.serenitybdd.core.photography.Darkroom - Send negative for processing for target\site\serenity\79d8ae44de933f0b395c79202b506f6944ae63bf7eb5cb55e7fa3467b18a1bbd.png
21:10:14.853 [main] DEBUG net.thucydides.core.steps.StepInterceptor - STEP DONE: ValidationLoginPage
  &amp#27;[32mGiven &amp#27;[0m&amp#27;[32mI Open Kompas Login Page&amp#27;[0m    &amp#27;[90m# starter.stepdefinitions.LoginSteps.OpenKompasLoginPage()&amp#27;[0m
21:10:14.868 [main] DEBUG net.thucydides.core.steps.StepInterceptor - STARTING STEP: LoginSteps.InputWrongEmail - inputEmail
21:10:14.868 [Forwarding findElement on session 186edba7d4c94509175f862be63f4081 to remote] DEBUG org.asynchttpclient.netty.request.NettyRequestSender - Using pooled Channel '[id: 0xd76793e9, L:/127.0.0.1:51300 - R:localhost/127.0.0.1:50673]' for 'POST' to 'http://localhost:50673/session/186edba7d4c94509175f862be63f4081/element'
21:10:14.868 [Forwarding findElement on session 186edba7d4c94509175f862be63f4081 to remote] DEBUG org.asynchttpclient.netty.request.NettyRequestSender - Using open Channel [id: 0xd76793e9, L:/127.0.0.1:51300 - R:localhost/127.0.0.1:50673] for POST '/session/186edba7d4c94509175f862be63f4081/element'
21:10:14.884 [AsyncHttpClient-1-5] DEBUG org.asynchttpclient.netty.handler.HttpHandler - 

Request DefaultHttpRequest(decodeResult: success, version: HTTP/1.1)
POST /session/186edba7d4c94509175f862be63f4081/element HTTP/1.1
User-Agent: selenium/4.1.2 (java windows)
Content-Length: 50
Content-Type: application/json; charset=utf-8
host: localhost:50673
accept: */*

Response DefaultHttpResponse(decodeResult: success, version: HTTP/1.1)
HTTP/1.1 200 OK
Content-Type: application/json; charset=utf-8
cache-control: no-cache
content-length: 88

21:10:14.884 [AsyncHttpClient-1-5] DEBUG org.asynchttpclient.netty.channel.ChannelManager - Adding key: http://localhost:50673 for channel [id: 0xd76793e9, L:/127.0.0.1:51300 - R:localhost/127.0.0.1:50673]
21:10:14.884 [Forwarding clearElement on session 186edba7d4c94509175f862be63f4081 to remote] DEBUG org.asynchttpclient.netty.request.NettyRequestSender - Using pooled Channel '[id: 0xd76793e9, L:/127.0.0.1:51300 - R:localhost/127.0.0.1:50673]' for 'POST' to 'http://localhost:50673/session/186edba7d4c94509175f862be63f4081/element/b16193c1-ac78-4670-b28a-d95e71860590/clear'
21:10:14.884 [Forwarding clearElement on session 186edba7d4c94509175f862be63f4081 to remote] DEBUG org.asynchttpclient.netty.request.NettyRequestSender - Using open Channel [id: 0xd76793e9, L:/127.0.0.1:51300 - R:localhost/127.0.0.1:50673] for POST '/session/186edba7d4c94509175f862be63f4081/element/b16193c1-ac78-4670-b28a-d95e71860590/clear'
21:10:14.931 [AsyncHttpClient-1-5] DEBUG org.asynchttpclient.netty.handler.HttpHandler - 

Request DefaultHttpRequest(decodeResult: success, version: HTTP/1.1)
POST /session/186edba7d4c94509175f862be63f4081/element/b16193c1-ac78-4670-b28a-d95e71860590/clear HTTP/1.1
User-Agent: selenium/4.1.2 (java windows)
Content-Length: 50
Content-Type: application/json; charset=utf-8
host: localhost:50673
accept: */*

Response DefaultHttpResponse(decodeResult: success, version: HTTP/1.1)
HTTP/1.1 200 OK
Content-Type: application/json; charset=utf-8
cache-control: no-cache
content-length: 14

21:10:14.931 [AsyncHttpClient-1-5] DEBUG org.asynchttpclient.netty.channel.ChannelManager - Adding key: http://localhost:50673 for channel [id: 0xd76793e9, L:/127.0.0.1:51300 - R:localhost/127.0.0.1:50673]
21:10:14.931 [Forwarding sendKeysToElement on session 186edba7d4c94509175f862be63f4081 to remote] DEBUG org.asynchttpclient.netty.request.NettyRequestSender - Using pooled Channel '[id: 0xd76793e9, L:/127.0.0.1:51300 - R:localhost/127.0.0.1:50673]' for 'POST' to 'http://localhost:50673/session/186edba7d4c94509175f862be63f4081/element/b16193c1-ac78-4670-b28a-d95e71860590/value'
21:10:14.931 [Forwarding sendKeysToElement on session 186edba7d4c94509175f862be63f4081 to remote] DEBUG org.asynchttpclient.netty.request.NettyRequestSender - Using open Channel [id: 0xd76793e9, L:/127.0.0.1:51300 - R:localhost/127.0.0.1:50673] for POST '/session/186edba7d4c94509175f862be63f4081/element/b16193c1-ac78-4670-b28a-d95e71860590/value'
21:10:15.076 [AsyncHttpClient-1-5] DEBUG org.asynchttpclient.netty.handler.HttpHandler - 

Request DefaultHttpRequest(decodeResult: success, version: HTTP/1.1)
POST /session/186edba7d4c94509175f862be63f4081/element/b16193c1-ac78-4670-b28a-d95e71860590/value HTTP/1.1
User-Agent: selenium/4.1.2 (java windows)
Content-Length: 381
Content-Type: application/json; charset=utf-8
host: localhost:50673
accept: */*

Response DefaultHttpResponse(decodeResult: success, version: HTTP/1.1)
HTTP/1.1 200 OK
Content-Type: application/json; charset=utf-8
cache-control: no-cache
content-length: 14

21:10:15.078 [AsyncHttpClient-1-5] DEBUG org.asynchttpclient.netty.channel.ChannelManager - Adding key: http://localhost:50673 for channel [id: 0xd76793e9, L:/127.0.0.1:51300 - R:localhost/127.0.0.1:50673]
21:10:15.082 [Forwarding screenshot on session 186edba7d4c94509175f862be63f4081 to remote] DEBUG org.asynchttpclient.netty.request.NettyRequestSender - Using pooled Channel '[id: 0xd76793e9, L:/127.0.0.1:51300 - R:localhost/127.0.0.1:50673]' for 'GET' to 'http://localhost:50673/session/186edba7d4c94509175f862be63f4081/screenshot'
21:10:15.082 [Forwarding screenshot on session 186edba7d4c94509175f862be63f4081 to remote] DEBUG org.asynchttpclient.netty.request.NettyRequestSender - Using open Channel [id: 0xd76793e9, L:/127.0.0.1:51300 - R:localhost/127.0.0.1:50673] for GET '/session/186edba7d4c94509175f862be63f4081/screenshot'
21:10:15.205 [AsyncHttpClient-1-5] DEBUG org.asynchttpclient.netty.handler.HttpHandler - 

Request DefaultFullHttpRequest(decodeResult: success, version: HTTP/1.1, content: EmptyByteBufBE)
GET /session/186edba7d4c94509175f862be63f4081/screenshot HTTP/1.1
User-Agent: selenium/4.1.2 (java windows)
Cache-Control: no-cache
Content-Type: application/json; charset=utf-8
host: localhost:50673
accept: */*

Response DefaultHttpResponse(decodeResult: success, version: HTTP/1.1)
HTTP/1.1 200 OK
Content-Type: application/json; charset=utf-8
cache-control: no-cache
content-length: 69616

21:10:15.205 [AsyncHttpClient-1-5] DEBUG org.asynchttpclient.netty.channel.ChannelManager - Adding key: http://localhost:50673 for channel [id: 0xd76793e9, L:/127.0.0.1:51300 - R:localhost/127.0.0.1:50673]
21:10:15.205 [main] DEBUG net.serenitybdd.core.photography.Darkroom - Send negative for processing for target\site\serenity\33329584eb7c01b85e020b2971f9e471db23ad64b42a3bf5d79ca52e989388c4.png
21:10:15.205 [main] DEBUG net.thucydides.core.steps.StepInterceptor - STEP DONE: inputEmail
  &amp#27;[32mWhen &amp#27;[0m&amp#27;[32mI input wrong email&amp#27;[0m          &amp#27;[90m# starter.stepdefinitions.LoginSteps.InputWrongEmail()&amp#27;[0m
21:10:15.236 [main] DEBUG net.thucydides.core.steps.StepInterceptor - STARTING STEP: LoginSteps.InputWrongPassword - inputPassword
21:10:15.236 [Forwarding findElement on session 186edba7d4c94509175f862be63f4081 to remote] DEBUG org.asynchttpclient.netty.request.NettyRequestSender - Using pooled Channel '[id: 0xd76793e9, L:/127.0.0.1:51300 - R:localhost/127.0.0.1:50673]' for 'POST' to 'http://localhost:50673/session/186edba7d4c94509175f862be63f4081/element'
21:10:15.236 [Forwarding findElement on session 186edba7d4c94509175f862be63f4081 to remote] DEBUG org.asynchttpclient.netty.request.NettyRequestSender - Using open Channel [id: 0xd76793e9, L:/127.0.0.1:51300 - R:localhost/127.0.0.1:50673] for POST '/session/186edba7d4c94509175f862be63f4081/element'
21:10:15.252 [AsyncHttpClient-1-5] DEBUG org.asynchttpclient.netty.handler.HttpHandler - 

Request DefaultHttpRequest(decodeResult: success, version: HTTP/1.1)
POST /session/186edba7d4c94509175f862be63f4081/element HTTP/1.1
User-Agent: selenium/4.1.2 (java windows)
Content-Length: 53
Content-Type: application/json; charset=utf-8
host: localhost:50673
accept: */*

Response DefaultHttpResponse(decodeResult: success, version: HTTP/1.1)
HTTP/1.1 200 OK
Content-Type: application/json; charset=utf-8
cache-control: no-cache
content-length: 88

21:10:15.252 [AsyncHttpClient-1-5] DEBUG org.asynchttpclient.netty.channel.ChannelManager - Adding key: http://localhost:50673 for channel [id: 0xd76793e9, L:/127.0.0.1:51300 - R:localhost/127.0.0.1:50673]
21:10:15.252 [Forwarding clearElement on session 186edba7d4c94509175f862be63f4081 to remote] DEBUG org.asynchttpclient.netty.request.NettyRequestSender - Using pooled Channel '[id: 0xd76793e9, L:/127.0.0.1:51300 - R:localhost/127.0.0.1:50673]' for 'POST' to 'http://localhost:50673/session/186edba7d4c94509175f862be63f4081/element/bc8d843b-7989-4139-938d-411a7e1c890e/clear'
21:10:15.252 [Forwarding clearElement on session 186edba7d4c94509175f862be63f4081 to remote] DEBUG org.asynchttpclient.netty.request.NettyRequestSender - Using open Channel [id: 0xd76793e9, L:/127.0.0.1:51300 - R:localhost/127.0.0.1:50673] for POST '/session/186edba7d4c94509175f862be63f4081/element/bc8d843b-7989-4139-938d-411a7e1c890e/clear'
21:10:15.283 [AsyncHttpClient-1-5] DEBUG org.asynchttpclient.netty.handler.HttpHandler - 

Request DefaultHttpRequest(decodeResult: success, version: HTTP/1.1)
POST /session/186edba7d4c94509175f862be63f4081/element/bc8d843b-7989-4139-938d-411a7e1c890e/clear HTTP/1.1
User-Agent: selenium/4.1.2 (java windows)
Content-Length: 50
Content-Type: application/json; charset=utf-8
host: localhost:50673
accept: */*

Response DefaultHttpResponse(decodeResult: success, version: HTTP/1.1)
HTTP/1.1 200 OK
Content-Type: application/json; charset=utf-8
cache-control: no-cache
content-length: 14

21:10:15.283 [AsyncHttpClient-1-5] DEBUG org.asynchttpclient.netty.channel.ChannelManager - Adding key: http://localhost:50673 for channel [id: 0xd76793e9, L:/127.0.0.1:51300 - R:localhost/127.0.0.1:50673]
21:10:15.283 [Forwarding sendKeysToElement on session 186edba7d4c94509175f862be63f4081 to remote] DEBUG org.asynchttpclient.netty.request.NettyRequestSender - Using pooled Channel '[id: 0xd76793e9, L:/127.0.0.1:51300 - R:localhost/127.0.0.1:50673]' for 'POST' to 'http://localhost:50673/session/186edba7d4c94509175f862be63f4081/element/bc8d843b-7989-4139-938d-411a7e1c890e/value'
21:10:15.283 [Forwarding sendKeysToElement on session 186edba7d4c94509175f862be63f4081 to remote] DEBUG org.asynchttpclient.netty.request.NettyRequestSender - Using open Channel [id: 0xd76793e9, L:/127.0.0.1:51300 - R:localhost/127.0.0.1:50673] for POST '/session/186edba7d4c94509175f862be63f4081/element/bc8d843b-7989-4139-938d-411a7e1c890e/value'
21:10:15.361 [AsyncHttpClient-1-5] DEBUG org.asynchttpclient.netty.handler.HttpHandler - 

Request DefaultHttpRequest(decodeResult: success, version: HTTP/1.1)
POST /session/186edba7d4c94509175f862be63f4081/element/bc8d843b-7989-4139-938d-411a7e1c890e/value HTTP/1.1
User-Agent: selenium/4.1.2 (java windows)
Content-Length: 201
Content-Type: application/json; charset=utf-8
host: localhost:50673
accept: */*

Response DefaultHttpResponse(decodeResult: success, version: HTTP/1.1)
HTTP/1.1 200 OK
Content-Type: application/json; charset=utf-8
cache-control: no-cache
content-length: 14

21:10:15.362 [AsyncHttpClient-1-5] DEBUG org.asynchttpclient.netty.channel.ChannelManager - Adding key: http://localhost:50673 for channel [id: 0xd76793e9, L:/127.0.0.1:51300 - R:localhost/127.0.0.1:50673]
21:10:15.366 [Forwarding screenshot on session 186edba7d4c94509175f862be63f4081 to remote] DEBUG org.asynchttpclient.netty.request.NettyRequestSender - Using pooled Channel '[id: 0xd76793e9, L:/127.0.0.1:51300 - R:localhost/127.0.0.1:50673]' for 'GET' to 'http://localhost:50673/session/186edba7d4c94509175f862be63f4081/screenshot'
21:10:15.366 [Forwarding screenshot on session 186edba7d4c94509175f862be63f4081 to remote] DEBUG org.asynchttpclient.netty.request.NettyRequestSender - Using open Channel [id: 0xd76793e9, L:/127.0.0.1:51300 - R:localhost/127.0.0.1:50673] for GET '/session/186edba7d4c94509175f862be63f4081/screenshot'
21:10:15.377 [AsyncHttpClient-1-1] DEBUG org.asynchttpclient.netty.channel.DefaultChannelPool - Entry count for : http://localhost:51301 : 1
21:10:15.485 [AsyncHttpClient-1-5] DEBUG org.asynchttpclient.netty.handler.HttpHandler - 

Request DefaultFullHttpRequest(decodeResult: success, version: HTTP/1.1, content: EmptyByteBufBE)
GET /session/186edba7d4c94509175f862be63f4081/screenshot HTTP/1.1
User-Agent: selenium/4.1.2 (java windows)
Cache-Control: no-cache
Content-Type: application/json; charset=utf-8
host: localhost:50673
accept: */*

Response DefaultHttpResponse(decodeResult: success, version: HTTP/1.1)
HTTP/1.1 200 OK
Content-Type: application/json; charset=utf-8
cache-control: no-cache
content-length: 68212

21:10:15.486 [AsyncHttpClient-1-5] DEBUG org.asynchttpclient.netty.channel.ChannelManager - Adding key: http://localhost:50673 for channel [id: 0xd76793e9, L:/127.0.0.1:51300 - R:localhost/127.0.0.1:50673]
21:10:15.491 [main] DEBUG net.serenitybdd.core.photography.Darkroom - Send negative for processing for target\site\serenity\2018edc81336ff4c6d081cf98b9117b82635533700a3e86316ee00ef5c9bf529.png
21:10:15.492 [main] DEBUG net.thucydides.core.steps.StepInterceptor - STEP DONE: inputPassword
  &amp#27;[32mAnd &amp#27;[0m&amp#27;[32mI input wrong password&amp#27;[0m        &amp#27;[90m# starter.stepdefinitions.LoginSteps.InputWrongPassword()&amp#27;[0m
21:10:15.507 [main] DEBUG net.thucydides.core.steps.StepInterceptor - STARTING STEP: LoginSteps.ClickButtonLogin - clickLoginButton
21:10:15.512 [Forwarding findElement on session 186edba7d4c94509175f862be63f4081 to remote] DEBUG org.asynchttpclient.netty.request.NettyRequestSender - Using pooled Channel '[id: 0xd76793e9, L:/127.0.0.1:51300 - R:localhost/127.0.0.1:50673]' for 'POST' to 'http://localhost:50673/session/186edba7d4c94509175f862be63f4081/element'
21:10:15.512 [Forwarding findElement on session 186edba7d4c94509175f862be63f4081 to remote] DEBUG org.asynchttpclient.netty.request.NettyRequestSender - Using open Channel [id: 0xd76793e9, L:/127.0.0.1:51300 - R:localhost/127.0.0.1:50673] for POST '/session/186edba7d4c94509175f862be63f4081/element'
21:10:15.520 [AsyncHttpClient-1-5] DEBUG org.asynchttpclient.netty.handler.HttpHandler - 

Request DefaultHttpRequest(decodeResult: success, version: HTTP/1.1)
POST /session/186edba7d4c94509175f862be63f4081/element HTTP/1.1
User-Agent: selenium/4.1.2 (java windows)
Content-Length: 70
Content-Type: application/json; charset=utf-8
host: localhost:50673
accept: */*

Response DefaultHttpResponse(decodeResult: success, version: HTTP/1.1)
HTTP/1.1 200 OK
Content-Type: application/json; charset=utf-8
cache-control: no-cache
content-length: 88

21:10:15.520 [AsyncHttpClient-1-5] DEBUG org.asynchttpclient.netty.channel.ChannelManager - Adding key: http://localhost:50673 for channel [id: 0xd76793e9, L:/127.0.0.1:51300 - R:localhost/127.0.0.1:50673]
21:10:15.521 [Forwarding getElementTagName on session 186edba7d4c94509175f862be63f4081 to remote] DEBUG org.asynchttpclient.netty.request.NettyRequestSender - Using pooled Channel '[id: 0xd76793e9, L:/127.0.0.1:51300 - R:localhost/127.0.0.1:50673]' for 'GET' to 'http://localhost:50673/session/186edba7d4c94509175f862be63f4081/element/a8398739-383c-4668-be9f-690fc7d664e1/name'
21:10:15.521 [Forwarding getElementTagName on session 186edba7d4c94509175f862be63f4081 to remote] DEBUG org.asynchttpclient.netty.request.NettyRequestSender - Using open Channel [id: 0xd76793e9, L:/127.0.0.1:51300 - R:localhost/127.0.0.1:50673] for GET '/session/186edba7d4c94509175f862be63f4081/element/a8398739-383c-4668-be9f-690fc7d664e1/name'
21:10:15.543 [AsyncHttpClient-1-5] DEBUG org.asynchttpclient.netty.handler.HttpHandler - 

Request DefaultFullHttpRequest(decodeResult: success, version: HTTP/1.1, content: EmptyByteBufBE)
GET /session/186edba7d4c94509175f862be63f4081/element/a8398739-383c-4668-be9f-690fc7d664e1/name HTTP/1.1
User-Agent: selenium/4.1.2 (java windows)
Cache-Control: no-cache
Content-Type: application/json; charset=utf-8
host: localhost:50673
accept: */*

Response DefaultHttpResponse(decodeResult: success, version: HTTP/1.1)
HTTP/1.1 200 OK
Content-Type: application/json; charset=utf-8
cache-control: no-cache
content-length: 17

21:10:15.546 [AsyncHttpClient-1-5] DEBUG org.asynchttpclient.netty.channel.ChannelManager - Adding key: http://localhost:50673 for channel [id: 0xd76793e9, L:/127.0.0.1:51300 - R:localhost/127.0.0.1:50673]
21:10:15.547 [Forwarding getElementTagName on session 186edba7d4c94509175f862be63f4081 to remote] DEBUG org.asynchttpclient.netty.request.NettyRequestSender - Using pooled Channel '[id: 0xd76793e9, L:/127.0.0.1:51300 - R:localhost/127.0.0.1:50673]' for 'GET' to 'http://localhost:50673/session/186edba7d4c94509175f862be63f4081/element/a8398739-383c-4668-be9f-690fc7d664e1/name'
21:10:15.548 [Forwarding getElementTagName on session 186edba7d4c94509175f862be63f4081 to remote] DEBUG org.asynchttpclient.netty.request.NettyRequestSender - Using open Channel [id: 0xd76793e9, L:/127.0.0.1:51300 - R:localhost/127.0.0.1:50673] for GET '/session/186edba7d4c94509175f862be63f4081/element/a8398739-383c-4668-be9f-690fc7d664e1/name'
21:10:15.552 [AsyncHttpClient-1-5] DEBUG org.asynchttpclient.netty.handler.HttpHandler - 

Request DefaultFullHttpRequest(decodeResult: success, version: HTTP/1.1, content: EmptyByteBufBE)
GET /session/186edba7d4c94509175f862be63f4081/element/a8398739-383c-4668-be9f-690fc7d664e1/name HTTP/1.1
User-Agent: selenium/4.1.2 (java windows)
Cache-Control: no-cache
Content-Type: application/json; charset=utf-8
host: localhost:50673
accept: */*

Response DefaultHttpResponse(decodeResult: success, version: HTTP/1.1)
HTTP/1.1 200 OK
Content-Type: application/json; charset=utf-8
cache-control: no-cache
content-length: 17

21:10:15.552 [AsyncHttpClient-1-5] DEBUG org.asynchttpclient.netty.channel.ChannelManager - Adding key: http://localhost:50673 for channel [id: 0xd76793e9, L:/127.0.0.1:51300 - R:localhost/127.0.0.1:50673]
21:10:15.555 [Forwarding isElementEnabled on session 186edba7d4c94509175f862be63f4081 to remote] DEBUG org.asynchttpclient.netty.request.NettyRequestSender - Using pooled Channel '[id: 0xd76793e9, L:/127.0.0.1:51300 - R:localhost/127.0.0.1:50673]' for 'GET' to 'http://localhost:50673/session/186edba7d4c94509175f862be63f4081/element/a8398739-383c-4668-be9f-690fc7d664e1/enabled'
21:10:15.555 [Forwarding isElementEnabled on session 186edba7d4c94509175f862be63f4081 to remote] DEBUG org.asynchttpclient.netty.request.NettyRequestSender - Using open Channel [id: 0xd76793e9, L:/127.0.0.1:51300 - R:localhost/127.0.0.1:50673] for GET '/session/186edba7d4c94509175f862be63f4081/element/a8398739-383c-4668-be9f-690fc7d664e1/enabled'
21:10:15.560 [AsyncHttpClient-1-5] DEBUG org.asynchttpclient.netty.handler.HttpHandler - 

Request DefaultFullHttpRequest(decodeResult: success, version: HTTP/1.1, content: EmptyByteBufBE)
GET /session/186edba7d4c94509175f862be63f4081/element/a8398739-383c-4668-be9f-690fc7d664e1/enabled HTTP/1.1
User-Agent: selenium/4.1.2 (java windows)
Cache-Control: no-cache
Content-Type: application/json; charset=utf-8
host: localhost:50673
accept: */*

Response DefaultHttpResponse(decodeResult: success, version: HTTP/1.1)
HTTP/1.1 200 OK
Content-Type: application/json; charset=utf-8
cache-control: no-cache
content-length: 14

21:10:15.560 [AsyncHttpClient-1-5] DEBUG org.asynchttpclient.netty.channel.ChannelManager - Adding key: http://localhost:50673 for channel [id: 0xd76793e9, L:/127.0.0.1:51300 - R:localhost/127.0.0.1:50673]
21:10:15.562 [Forwarding isElementEnabled on session 186edba7d4c94509175f862be63f4081 to remote] DEBUG org.asynchttpclient.netty.request.NettyRequestSender - Using pooled Channel '[id: 0xd76793e9, L:/127.0.0.1:51300 - R:localhost/127.0.0.1:50673]' for 'GET' to 'http://localhost:50673/session/186edba7d4c94509175f862be63f4081/element/a8398739-383c-4668-be9f-690fc7d664e1/enabled'
21:10:15.562 [Forwarding isElementEnabled on session 186edba7d4c94509175f862be63f4081 to remote] DEBUG org.asynchttpclient.netty.request.NettyRequestSender - Using open Channel [id: 0xd76793e9, L:/127.0.0.1:51300 - R:localhost/127.0.0.1:50673] for GET '/session/186edba7d4c94509175f862be63f4081/element/a8398739-383c-4668-be9f-690fc7d664e1/enabled'
21:10:15.566 [AsyncHttpClient-1-5] DEBUG org.asynchttpclient.netty.handler.HttpHandler - 

Request DefaultFullHttpRequest(decodeResult: success, version: HTTP/1.1, content: EmptyByteBufBE)
GET /session/186edba7d4c94509175f862be63f4081/element/a8398739-383c-4668-be9f-690fc7d664e1/enabled HTTP/1.1
User-Agent: selenium/4.1.2 (java windows)
Cache-Control: no-cache
Content-Type: application/json; charset=utf-8
host: localhost:50673
accept: */*

Response DefaultHttpResponse(decodeResult: success, version: HTTP/1.1)
HTTP/1.1 200 OK
Content-Type: application/json; charset=utf-8
cache-control: no-cache
content-length: 14

21:10:15.566 [AsyncHttpClient-1-5] DEBUG org.asynchttpclient.netty.channel.ChannelManager - Adding key: http://localhost:50673 for channel [id: 0xd76793e9, L:/127.0.0.1:51300 - R:localhost/127.0.0.1:50673]
21:10:15.568 [Forwarding findElement on session 186edba7d4c94509175f862be63f4081 to remote] DEBUG org.asynchttpclient.netty.request.NettyRequestSender - Using pooled Channel '[id: 0xd76793e9, L:/127.0.0.1:51300 - R:localhost/127.0.0.1:50673]' for 'POST' to 'http://localhost:50673/session/186edba7d4c94509175f862be63f4081/element'
21:10:15.568 [Forwarding findElement on session 186edba7d4c94509175f862be63f4081 to remote] DEBUG org.asynchttpclient.netty.request.NettyRequestSender - Using open Channel [id: 0xd76793e9, L:/127.0.0.1:51300 - R:localhost/127.0.0.1:50673] for POST '/session/186edba7d4c94509175f862be63f4081/element'
21:10:15.569 [AsyncHttpClient-1-5] DEBUG org.asynchttpclient.netty.handler.HttpHandler - 

Request DefaultHttpRequest(decodeResult: success, version: HTTP/1.1)
POST /session/186edba7d4c94509175f862be63f4081/element HTTP/1.1
User-Agent: selenium/4.1.2 (java windows)
Content-Length: 70
Content-Type: application/json; charset=utf-8
host: localhost:50673
accept: */*

Response DefaultHttpResponse(decodeResult: success, version: HTTP/1.1)
HTTP/1.1 200 OK
Content-Type: application/json; charset=utf-8
cache-control: no-cache
content-length: 88

21:10:15.569 [AsyncHttpClient-1-5] DEBUG org.asynchttpclient.netty.channel.ChannelManager - Adding key: http://localhost:50673 for channel [id: 0xd76793e9, L:/127.0.0.1:51300 - R:localhost/127.0.0.1:50673]
21:10:15.569 [Forwarding clickElement on session 186edba7d4c94509175f862be63f4081 to remote] DEBUG org.asynchttpclient.netty.request.NettyRequestSender - Using pooled Channel '[id: 0xd76793e9, L:/127.0.0.1:51300 - R:localhost/127.0.0.1:50673]' for 'POST' to 'http://localhost:50673/session/186edba7d4c94509175f862be63f4081/element/a8398739-383c-4668-be9f-690fc7d664e1/click'
21:10:15.569 [Forwarding clickElement on session 186edba7d4c94509175f862be63f4081 to remote] DEBUG org.asynchttpclient.netty.request.NettyRequestSender - Using open Channel [id: 0xd76793e9, L:/127.0.0.1:51300 - R:localhost/127.0.0.1:50673] for POST '/session/186edba7d4c94509175f862be63f4081/element/a8398739-383c-4668-be9f-690fc7d664e1/click'
21:10:16.415 [AsyncHttpClient-1-5] DEBUG org.asynchttpclient.netty.handler.HttpHandler - 

Request DefaultHttpRequest(decodeResult: success, version: HTTP/1.1)
POST /session/186edba7d4c94509175f862be63f4081/element/a8398739-383c-4668-be9f-690fc7d664e1/click HTTP/1.1
User-Agent: selenium/4.1.2 (java windows)
Content-Length: 50
Content-Type: application/json; charset=utf-8
host: localhost:50673
accept: */*

Response DefaultHttpResponse(decodeResult: success, version: HTTP/1.1)
HTTP/1.1 200 OK
Content-Type: application/json; charset=utf-8
cache-control: no-cache
content-length: 14

21:10:16.415 [AsyncHttpClient-1-5] DEBUG org.asynchttpclient.netty.channel.ChannelManager - Adding key: http://localhost:50673 for channel [id: 0xd76793e9, L:/127.0.0.1:51300 - R:localhost/127.0.0.1:50673]
21:10:16.427 [Forwarding screenshot on session 186edba7d4c94509175f862be63f4081 to remote] DEBUG org.asynchttpclient.netty.request.NettyRequestSender - Using pooled Channel '[id: 0xd76793e9, L:/127.0.0.1:51300 - R:localhost/127.0.0.1:50673]' for 'GET' to 'http://localhost:50673/session/186edba7d4c94509175f862be63f4081/screenshot'
21:10:16.428 [Forwarding screenshot on session 186edba7d4c94509175f862be63f4081 to remote] DEBUG org.asynchttpclient.netty.request.NettyRequestSender - Using open Channel [id: 0xd76793e9, L:/127.0.0.1:51300 - R:localhost/127.0.0.1:50673] for GET '/session/186edba7d4c94509175f862be63f4081/screenshot'
21:10:16.481 [AsyncHttpClient-1-1] DEBUG org.asynchttpclient.netty.channel.DefaultChannelPool - Entry count for : http://localhost:51301 : 1
21:10:16.552 [AsyncHttpClient-1-5] DEBUG org.asynchttpclient.netty.handler.HttpHandler - 

Request DefaultFullHttpRequest(decodeResult: success, version: HTTP/1.1, content: EmptyByteBufBE)
GET /session/186edba7d4c94509175f862be63f4081/screenshot HTTP/1.1
User-Agent: selenium/4.1.2 (java windows)
Cache-Control: no-cache
Content-Type: application/json; charset=utf-8
host: localhost:50673
accept: */*

Response DefaultHttpResponse(decodeResult: success, version: HTTP/1.1)
HTTP/1.1 200 OK
Content-Type: application/json; charset=utf-8
cache-control: no-cache
content-length: 71268

21:10:16.552 [AsyncHttpClient-1-5] DEBUG org.asynchttpclient.netty.channel.ChannelManager - Adding key: http://localhost:50673 for channel [id: 0xd76793e9, L:/127.0.0.1:51300 - R:localhost/127.0.0.1:50673]
21:10:16.552 [main] DEBUG net.serenitybdd.core.photography.Darkroom - Send negative for processing for target\site\serenity\9945ecd81f55ea75868a032670dc811d5a64cf0fed68666b7b3561d14b9733a0.png
21:10:16.552 [main] DEBUG net.thucydides.core.steps.StepInterceptor - STEP DONE: clickLoginButton
  &amp#27;[32mAnd &amp#27;[0m&amp#27;[32mI Click button login&amp#27;[0m          &amp#27;[90m# starter.stepdefinitions.LoginSteps.ClickButtonLogin()&amp#27;[0m
21:10:16.552 [Darkroom Processing Line] DEBUG net.serenitybdd.core.photography.DarkroomProcessingLine - Processing screenshot image in /var/screenshots/screenshot-4358226824832513837
21:10:16.552 [Darkroom Processing Line] DEBUG net.serenitybdd.core.photography.DarkroomProcessingLine - Saving screenshot to target\site\serenity\9945ecd81f55ea75868a032670dc811d5a64cf0fed68666b7b3561d14b9733a0.png
21:10:16.575 [Forwarding findElement on session 186edba7d4c94509175f862be63f4081 to remote] DEBUG org.asynchttpclient.netty.request.NettyRequestSender - Using pooled Channel '[id: 0xd76793e9, L:/127.0.0.1:51300 - R:localhost/127.0.0.1:50673]' for 'POST' to 'http://localhost:50673/session/186edba7d4c94509175f862be63f4081/element'
21:10:16.576 [Forwarding findElement on session 186edba7d4c94509175f862be63f4081 to remote] DEBUG org.asynchttpclient.netty.request.NettyRequestSender - Using open Channel [id: 0xd76793e9, L:/127.0.0.1:51300 - R:localhost/127.0.0.1:50673] for POST '/session/186edba7d4c94509175f862be63f4081/element'
21:10:16.581 [AsyncHttpClient-1-5] DEBUG org.asynchttpclient.netty.handler.HttpHandler - 

Request DefaultHttpRequest(decodeResult: success, version: HTTP/1.1)
POST /session/186edba7d4c94509175f862be63f4081/element HTTP/1.1
User-Agent: selenium/4.1.2 (java windows)
Content-Length: 47
Content-Type: application/json; charset=utf-8
host: localhost:50673
accept: */*

Response DefaultHttpResponse(decodeResult: success, version: HTTP/1.1)
HTTP/1.1 400 Bad Request
Content-Type: application/json; charset=utf-8
cache-control: no-cache
content-length: 931

21:10:16.581 [AsyncHttpClient-1-5] DEBUG org.asynchttpclient.netty.channel.ChannelManager - Adding key: http://localhost:50673 for channel [id: 0xd76793e9, L:/127.0.0.1:51300 - R:localhost/127.0.0.1:50673]
21:10:16.594 [Forwarding findElement on session 186edba7d4c94509175f862be63f4081 to remote] DEBUG org.asynchttpclient.netty.request.NettyRequestSender - Using pooled Channel '[id: 0xd76793e9, L:/127.0.0.1:51300 - R:localhost/127.0.0.1:50673]' for 'POST' to 'http://localhost:50673/session/186edba7d4c94509175f862be63f4081/element'
21:10:16.594 [Forwarding findElement on session 186edba7d4c94509175f862be63f4081 to remote] DEBUG org.asynchttpclient.netty.request.NettyRequestSender - Using open Channel [id: 0xd76793e9, L:/127.0.0.1:51300 - R:localhost/127.0.0.1:50673] for POST '/session/186edba7d4c94509175f862be63f4081/element'
21:10:16.612 [AsyncHttpClient-1-5] DEBUG org.asynchttpclient.netty.handler.HttpHandler - 

Request DefaultHttpRequest(decodeResult: success, version: HTTP/1.1)
POST /session/186edba7d4c94509175f862be63f4081/element HTTP/1.1
User-Agent: selenium/4.1.2 (java windows)
Content-Length: 57
Content-Type: application/json; charset=utf-8
host: localhost:50673
accept: */*

Response DefaultHttpResponse(decodeResult: success, version: HTTP/1.1)
HTTP/1.1 200 OK
Content-Type: application/json; charset=utf-8
cache-control: no-cache
content-length: 88

21:10:16.613 [AsyncHttpClient-1-5] DEBUG org.asynchttpclient.netty.channel.ChannelManager - Adding key: http://localhost:50673 for channel [id: 0xd76793e9, L:/127.0.0.1:51300 - R:localhost/127.0.0.1:50673]
21:10:16.618 [Forwarding isElementDisplayed on session 186edba7d4c94509175f862be63f4081 to remote] DEBUG org.asynchttpclient.netty.request.NettyRequestSender - Using pooled Channel '[id: 0xd76793e9, L:/127.0.0.1:51300 - R:localhost/127.0.0.1:50673]' for 'POST' to 'http://localhost:50673/session/186edba7d4c94509175f862be63f4081/execute/sync'
21:10:16.618 [Forwarding isElementDisplayed on session 186edba7d4c94509175f862be63f4081 to remote] DEBUG org.asynchttpclient.netty.request.NettyRequestSender - Using open Channel [id: 0xd76793e9, L:/127.0.0.1:51300 - R:localhost/127.0.0.1:50673] for POST '/session/186edba7d4c94509175f862be63f4081/execute/sync'
21:10:16.632 [AsyncHttpClient-1-5] DEBUG org.asynchttpclient.netty.handler.HttpHandler - 

Request DefaultHttpRequest(decodeResult: success, version: HTTP/1.1)
POST /session/186edba7d4c94509175f862be63f4081/execute/sync HTTP/1.1
User-Agent: selenium/4.1.2 (java windows)
Content-Length: 48780
Content-Type: application/json; charset=utf-8
host: localhost:50673
accept: */*

Response DefaultHttpResponse(decodeResult: success, version: HTTP/1.1)
HTTP/1.1 200 OK
Content-Type: application/json; charset=utf-8
cache-control: no-cache
content-length: 14

21:10:16.633 [AsyncHttpClient-1-5] DEBUG org.asynchttpclient.netty.channel.ChannelManager - Adding key: http://localhost:50673 for channel [id: 0xd76793e9, L:/127.0.0.1:51300 - R:localhost/127.0.0.1:50673]
  &amp#27;[32mThen &amp#27;[0m&amp#27;[32mI can see error message&amp#27;[0m      &amp#27;[90m# starter.stepdefinitions.LoginSteps.CanSeeErrorMessage()&amp#27;[0m
21:10:16.638 [Forwarding screenshot on session 186edba7d4c94509175f862be63f4081 to remote] DEBUG org.asynchttpclient.netty.request.NettyRequestSender - Using pooled Channel '[id: 0xd76793e9, L:/127.0.0.1:51300 - R:localhost/127.0.0.1:50673]' for 'GET' to 'http://localhost:50673/session/186edba7d4c94509175f862be63f4081/screenshot'
21:10:16.639 [Forwarding screenshot on session 186edba7d4c94509175f862be63f4081 to remote] DEBUG org.asynchttpclient.netty.request.NettyRequestSender - Using open Channel [id: 0xd76793e9, L:/127.0.0.1:51300 - R:localhost/127.0.0.1:50673] for GET '/session/186edba7d4c94509175f862be63f4081/screenshot'
21:10:16.751 [AsyncHttpClient-1-5] DEBUG org.asynchttpclient.netty.handler.HttpHandler - 

Request DefaultFullHttpRequest(decodeResult: success, version: HTTP/1.1, content: EmptyByteBufBE)
GET /session/186edba7d4c94509175f862be63f4081/screenshot HTTP/1.1
User-Agent: selenium/4.1.2 (java windows)
Cache-Control: no-cache
Content-Type: application/json; charset=utf-8
host: localhost:50673
accept: */*

Response DefaultHttpResponse(decodeResult: success, version: HTTP/1.1)
HTTP/1.1 200 OK
Content-Type: application/json; charset=utf-8
cache-control: no-cache
content-length: 71268

21:10:16.751 [AsyncHttpClient-1-5] DEBUG org.asynchttpclient.netty.channel.ChannelManager - Adding key: http://localhost:50673 for channel [id: 0xd76793e9, L:/127.0.0.1:51300 - R:localhost/127.0.0.1:50673]
21:10:16.751 [main] DEBUG net.serenitybdd.core.photography.Darkroom - Send negative for processing for target\site\serenity\9945ecd81f55ea75868a032670dc811d5a64cf0fed68666b7b3561d14b9733a0.png
21:10:16.751 [main] INFO  - 
  _____   ___   ___   _____     ___     _     ___   ___   ___   ___  
 |_   _| | __| / __| |_   _|   | _ \   /_\   / __| / __| | __| |   \ 
   | |   | _|  \__ \   | |     |  _/  / _ \  \__ \ \__ \ | _|  | |) |
   |_|   |___| |___/   |_|     |_|   /_/ \_\ |___/ |___/ |___| |___/ 

User Login Unsuccessfully
----------------------------------------------------------------------
21:10:16.766 [AsyncHttpClient-1-7] DEBUG org.asynchttpclient.netty.handler.WebSocketHandler - Channel Closed: [id: 0x3f35580f, L:/127.0.0.1:51308 ! R:localhost/127.0.0.1:51301] with attribute NettyResponseFuture{currentRetry=5,
	isDone=1,
	isCancelled=0,
	asyncHandler=org.asynchttpclient.ws.WebSocketUpgradeHandler@130a7e,
	nettyRequest=org.asynchttpclient.netty.request.NettyRequest@11194d8,
	future=java.util.concurrent.CompletableFuture@a57ea5[Completed normally],
	uri=ws://localhost:51301/devtools/browser/fd914df2-6aa2-4d92-a3a0-b1a5b4300c87,
	keepAlive=true,
	redirectCount=0,
	timeoutsHolder=null,
	inAuth=0,
	touch=1655820612267}
21:10:16.766 [AsyncHttpClient-1-7] DEBUG org.asynchttpclient.netty.channel.ChannelManager - Closing Channel [id: 0x3f35580f, L:/127.0.0.1:51308 ! R:localhost/127.0.0.1:51301] 
21:10:16.766 [Driver Command Executor] DEBUG org.asynchttpclient.netty.request.NettyRequestSender - Using pooled Channel '[id: 0xd76793e9, L:/127.0.0.1:51300 - R:localhost/127.0.0.1:50673]' for 'DELETE' to 'http://localhost:50673/session/186edba7d4c94509175f862be63f4081'
21:10:16.766 [Driver Command Executor] DEBUG org.asynchttpclient.netty.request.NettyRequestSender - Using open Channel [id: 0xd76793e9, L:/127.0.0.1:51300 - R:localhost/127.0.0.1:50673] for DELETE '/session/186edba7d4c94509175f862be63f4081'
21:10:16.803 [AsyncHttpClient-1-6] DEBUG org.asynchttpclient.netty.handler.HttpHandler - Unexpected I/O exception on channel [id: 0x1a5cf91d, L:/127.0.0.1:51307 - R:localhost/127.0.0.1:51301]
java.io.IOException: An existing connection was forcibly closed by the remote host
	at sun.nio.ch.SocketDispatcher.read0(Native Method)
	at sun.nio.ch.SocketDispatcher.read(SocketDispatcher.java:43)
	at sun.nio.ch.IOUtil.readIntoNativeBuffer(IOUtil.java:223)
	at sun.nio.ch.IOUtil.read(IOUtil.java:192)
	at sun.nio.ch.SocketChannelImpl.read(SocketChannelImpl.java:378)
	at io.netty.buffer.PooledByteBuf.setBytes(PooledByteBuf.java:258)
	at io.netty.buffer.AbstractByteBuf.writeBytes(AbstractByteBuf.java:1132)
	at io.netty.channel.socket.nio.NioSocketChannel.doReadBytes(NioSocketChannel.java:350)
	at io.netty.channel.nio.AbstractNioByteChannel$NioByteUnsafe.read(AbstractNioByteChannel.java:151)
	at io.netty.channel.nio.NioEventLoop.processSelectedKey(NioEventLoop.java:722)
	at io.netty.channel.nio.NioEventLoop.processSelectedKeysOptimized(NioEventLoop.java:658)
	at io.netty.channel.nio.NioEventLoop.processSelectedKeys(NioEventLoop.java:584)
	at io.netty.channel.nio.NioEventLoop.run(NioEventLoop.java:496)
	at io.netty.util.concurrent.SingleThreadEventExecutor$4.run(SingleThreadEventExecutor.java:986)
	at io.netty.util.internal.ThreadExecutorMap$2.run(ThreadExecutorMap.java:74)
	at io.netty.util.concurrent.FastThreadLocalRunnable.run(FastThreadLocalRunnable.java:30)
	at java.lang.Thread.run(Thread.java:750)
21:10:16.804 [AsyncHttpClient-1-6] DEBUG org.asynchttpclient.netty.channel.ChannelManager - Closing Channel [id: 0x1a5cf91d, L:/127.0.0.1:51307 - R:localhost/127.0.0.1:51301] 
21:10:16.804 [AsyncHttpClient-1-6] DEBUG org.asynchttpclient.netty.handler.HttpHandler - Channel Closed: [id: 0x1a5cf91d, L:/127.0.0.1:51307 ! R:localhost/127.0.0.1:51301] with attribute DISCARD
21:10:16.824 [AsyncHttpClient-1-5] DEBUG org.asynchttpclient.netty.handler.HttpHandler - 

Request DefaultFullHttpRequest(decodeResult: success, version: HTTP/1.1, content: EmptyByteBufBE)
DELETE /session/186edba7d4c94509175f862be63f4081 HTTP/1.1
User-Agent: selenium/4.1.2 (java windows)
Content-Type: application/json; charset=utf-8
host: localhost:50673
accept: */*

Response DefaultHttpResponse(decodeResult: success, version: HTTP/1.1)
HTTP/1.1 200 OK
Content-Type: application/json; charset=utf-8
cache-control: no-cache
content-length: 14

21:10:16.824 [AsyncHttpClient-1-5] DEBUG org.asynchttpclient.netty.channel.ChannelManager - Adding key: http://localhost:50673 for channel [id: 0xd76793e9, L:/127.0.0.1:51300 - R:localhost/127.0.0.1:50673]
21:10:16.881 [AsyncHttpClient-1-5] DEBUG org.asynchttpclient.netty.handler.HttpHandler - Channel Closed: [id: 0xd76793e9, L:/127.0.0.1:51300 ! R:localhost/127.0.0.1:50673] with attribute DISCARD
]]></system-out>
    <system-err><![CDATA[Starting ChromeDriver 102.0.5005.61 (0e59bcc00cc4985ce39ad31c150065f159d95ad3-refs/branch-heads/5005@{#819}) on port 50673
Only local connections are allowed.
Please see https://chromedriver.chromium.org/security-considerations for suggestions on keeping ChromeDriver safe.
ChromeDriver was started successfully.
Jun 21, 2022 9:10:12 PM org.openqa.selenium.remote.ProtocolHandshake createSession
INFO: Detected dialect: W3C
Jun 21, 2022 9:10:12 PM org.openqa.selenium.devtools.CdpVersionFinder findNearestMatch
WARNING: Unable to find an exact match for CDP version 102, so returning the closest version found: a no-op implementation
Jun 21, 2022 9:10:12 PM org.openqa.selenium.devtools.CdpVersionFinder findNearestMatch
INFO: Unable to find CDP implementation matching 102.
Jun 21, 2022 9:10:12 PM org.openqa.selenium.chromium.ChromiumDriver lambda$new$3
WARNING: Unable to find version of CDP to use for . You may need to include a dependency on a specific version of the CDP using something similar to `org.seleniumhq.selenium:selenium-devtools-v86:4.1.2` where the version ("v86") matches the version of the chromium-based browser you're using and the version number of the artifact is the same as Selenium's.
]]></system-err>
  </testcase>
  <testcase name="Search News Successfully" classname="Search Berita in kompas" time="26.262">
    <system-out><![CDATA[21:10:17.407 [main] INFO io.cucumber.core.plugin.SerenityReporter - Running feature from file:///D:/AUTOMATION%20TEST/web-automation-kompas-with-serenity/src/test/resources/features/Search.feature
21:10:17.416 [main] DEBUG net.thucydides.core.steps.StepEventBus - Test suite started for story net.thucydides.core.model.Story@29a541d0
21:10:17.416 [main] INFO  - Test Suite Started: Search Berita in kompas

@Search-News
Scenario: Search News Successfully    &amp#27;[90m# src/test/resources/features/Search.feature:7&amp#27;[0m
21:10:17.425 [main] INFO io.cucumber.core.plugin.SerenityReporter - Running feature from file:///D:/AUTOMATION%20TEST/web-automation-kompas-with-serenity/src/test/resources/features/Search.feature
21:10:17.428 [main] INFO  - 
  _____   ___   ___   _____     ___   _____     _     ___   _____   ___   ___  
 |_   _| | __| / __| |_   _|   / __| |_   _|   /_\   | _ \ |_   _| | __| |   \ 
   | |   | _|  \__ \   | |     \__ \   | |    / _ \  |   /   | |   | _|  | |) |
   |_|   |___| |___/   |_|     |___/   |_|   /_/ \_\ |_|_\   |_|   |___| |___/ 

Search News Successfully(search-berita-in-kompas;search-news-successfully)
--------------------------------------------------------------------------------
21:10:17.454 [main] DEBUG net.thucydides.core.steps.StepInterceptor - STARTING STEP: SearchStep.iHasLoginInKompas - onPage
21:10:17.456 [main] INFO net.serenitybdd.core.webdriver.driverproviders.ChromeDriverProvider - Using automatically driver download
21:10:17.553 [main] DEBUG io.github.bonigarcia.wdm.cache.ResolutionCache - Resolution chrome=102 in cache (valid until 21:54:59 21/06/2022 ICT)
21:10:17.553 [main] DEBUG io.github.bonigarcia.wdm.cache.ResolutionCache - Resolution chrome102=102.0.5005.61 in cache (valid until 09:08:44 22/06/2022 ICT)
21:10:17.553 [main] INFO io.github.bonigarcia.wdm.WebDriverManager - Using chromedriver 102.0.5005.61 (resolved driver for Chrome 102)
21:10:17.568 [main] DEBUG io.github.bonigarcia.wdm.WebDriverManager - Driver chromedriver 102.0.5005.61 found in cache
21:10:17.568 [main] INFO io.github.bonigarcia.wdm.WebDriverManager - Exporting webdriver.chrome.driver as C:\Users\ASUS\.cache\selenium\chromedriver\win32\102.0.5005.61\chromedriver.exe
21:10:17.584 [AsyncHttpClient-1-1] DEBUG org.asynchttpclient.netty.channel.DefaultChannelPool - Entry count for : http://localhost:50673 : 1
21:10:17.584 [AsyncHttpClient-1-1] DEBUG org.asynchttpclient.netty.channel.DefaultChannelPool - Entry count for : http://localhost:51301 : 1
21:10:17.584 [AsyncHttpClient-1-1] DEBUG org.asynchttpclient.netty.channel.DefaultChannelPool - Adding Candidate expired Channel [id: 0xd76793e9, L:/127.0.0.1:51300 ! R:localhost/127.0.0.1:50673] isIdleTimeoutExpired=false isRemotelyClosed=true isTtlExpired=false
21:10:17.584 [AsyncHttpClient-1-1] DEBUG org.asynchttpclient.netty.channel.DefaultChannelPool - Closing Idle Channel [id: 0xd76793e9, L:/127.0.0.1:51300 ! R:localhost/127.0.0.1:50673]
21:10:17.584 [AsyncHttpClient-1-1] DEBUG org.asynchttpclient.netty.channel.DefaultChannelPool - Adding Candidate expired Channel [id: 0x1a5cf91d, L:/127.0.0.1:51307 ! R:localhost/127.0.0.1:51301] isIdleTimeoutExpired=false isRemotelyClosed=true isTtlExpired=false
21:10:17.584 [AsyncHttpClient-1-1] DEBUG org.asynchttpclient.netty.channel.DefaultChannelPool - Closing Idle Channel [id: 0x1a5cf91d, L:/127.0.0.1:51307 ! R:localhost/127.0.0.1:51301]
21:10:17.584 [AsyncHttpClient-1-1] DEBUG org.asynchttpclient.netty.channel.DefaultChannelPool - Closed 2 connections out of 2 in 0 ms
21:10:17.647 [main] DEBUG net.serenitybdd.core.webdriver.driverproviders.ProvideNewDriver - Instantiating driver
21:10:17.647 [main] DEBUG net.serenitybdd.core.webdriver.driverproviders.ProvideNewDriver - Driver capabilities: Capabilities {acceptInsecureCerts: false, base.url: https://account.kompas.com/..., browserName: chrome, chrome.driver: src/test/resources/webdrive..., driver: chrome, goog:chromeOptions: {args: [], extensions: []}}
21:10:18.195 [AsyncHttpClient-1-8] DEBUG org.asynchttpclient.netty.channel.NettyConnectListener - Using new Channel '[id: 0x784fbdf6, L:/127.0.0.1:51358 - R:localhost/127.0.0.1:50771]' for 'POST' to '/session'
21:10:18.750 [AsyncHttpClient-1-8] DEBUG org.asynchttpclient.netty.handler.HttpHandler - 

Request DefaultHttpRequest(decodeResult: success, version: HTTP/1.1)
POST /session HTTP/1.1
User-Agent: selenium/4.1.2 (java windows)
Content-Length: 624
Content-Type: application/json; charset=utf-8
host: localhost:50771
accept: */*

Response DefaultHttpResponse(decodeResult: success, version: HTTP/1.1)
HTTP/1.1 200 OK
Content-Type: application/json; charset=utf-8
cache-control: no-cache
content-length: 790

21:10:18.751 [AsyncHttpClient-1-8] DEBUG org.asynchttpclient.netty.channel.ChannelManager - Adding key: http://localhost:50771 for channel [id: 0x784fbdf6, L:/127.0.0.1:51358 - R:localhost/127.0.0.1:50771]
21:10:18.759 [AsyncHttpClient-1-9] DEBUG org.asynchttpclient.netty.channel.NettyConnectListener - Using new Channel '[id: 0xab3afe2b, L:/127.0.0.1:51365 - R:localhost/127.0.0.1:51359]' for 'GET' to '/json/version'
21:10:18.761 [AsyncHttpClient-1-9] DEBUG org.asynchttpclient.netty.handler.HttpHandler - 

Request DefaultFullHttpRequest(decodeResult: success, version: HTTP/1.1, content: EmptyByteBufBE)
GET /json/version HTTP/1.1
User-Agent: selenium/4.1.2 (java windows)
host: localhost:51359
accept: */*

Response DefaultHttpResponse(decodeResult: success, version: HTTP/1.1)
HTTP/1.1 200 OK
Content-Type: application/json; charset=UTF-8
content-length: 428

21:10:18.761 [AsyncHttpClient-1-9] DEBUG org.asynchttpclient.netty.channel.ChannelManager - Adding key: http://localhost:51359 for channel [id: 0xab3afe2b, L:/127.0.0.1:51365 - R:localhost/127.0.0.1:51359]
21:10:18.765 [AsyncHttpClient-1-10] DEBUG org.asynchttpclient.netty.channel.NettyConnectListener - Using new Channel '[id: 0x018092e5, L:/127.0.0.1:51366 - R:localhost/127.0.0.1:51359]' for 'GET' to '/devtools/browser/cbb9ac37-07ad-4319-bac3-568039e4bb50'
21:10:18.766 [AsyncHttpClient-1-10] DEBUG org.asynchttpclient.netty.handler.WebSocketHandler - 

Request DefaultFullHttpRequest(decodeResult: success, version: HTTP/1.1, content: EmptyByteBufBE)
GET /devtools/browser/cbb9ac37-07ad-4319-bac3-568039e4bb50 HTTP/1.1
upgrade: websocket
connection: upgrade
sec-websocket-key: 2HHzrfwd3jmx9EqC0/n9Ig==
sec-websocket-version: 13
origin: http://localhost:51359
host: localhost:51359
accept: */*
user-agent: AHC/2.1

Response DefaultHttpResponse(decodeResult: success, version: HTTP/1.1)
HTTP/1.1 101 WebSocket Protocol Handshake
Upgrade: WebSocket
Connection: Upgrade
Sec-WebSocket-Accept: 26e1c71h63WCrrdU1fwhYsMGGiw=

21:10:18.771 [Forwarding get on session 33dfd08f7f7df264a2a00bd875788134 to remote] DEBUG org.asynchttpclient.netty.request.NettyRequestSender - Using pooled Channel '[id: 0x784fbdf6, L:/127.0.0.1:51358 - R:localhost/127.0.0.1:50771]' for 'POST' to 'http://localhost:50771/session/33dfd08f7f7df264a2a00bd875788134/url'
21:10:18.771 [Forwarding get on session 33dfd08f7f7df264a2a00bd875788134 to remote] DEBUG org.asynchttpclient.netty.request.NettyRequestSender - Using open Channel [id: 0x784fbdf6, L:/127.0.0.1:51358 - R:localhost/127.0.0.1:50771] for POST '/session/33dfd08f7f7df264a2a00bd875788134/url'
21:10:19.780 [AsyncHttpClient-1-1] DEBUG org.asynchttpclient.netty.channel.DefaultChannelPool - Entry count for : http://localhost:51359 : 1
21:10:20.808 [AsyncHttpClient-1-8] DEBUG org.asynchttpclient.netty.handler.HttpHandler - 

Request DefaultHttpRequest(decodeResult: success, version: HTTP/1.1)
POST /session/33dfd08f7f7df264a2a00bd875788134/url HTTP/1.1
User-Agent: selenium/4.1.2 (java windows)
Content-Length: 79
Content-Type: application/json; charset=utf-8
host: localhost:50771
accept: */*

Response DefaultHttpResponse(decodeResult: success, version: HTTP/1.1)
HTTP/1.1 200 OK
Content-Type: application/json; charset=utf-8
cache-control: no-cache
content-length: 14

21:10:20.809 [AsyncHttpClient-1-8] DEBUG org.asynchttpclient.netty.channel.ChannelManager - Adding key: http://localhost:50771 for channel [id: 0x784fbdf6, L:/127.0.0.1:51358 - R:localhost/127.0.0.1:50771]
21:10:20.810 [Forwarding setTimeout on session 33dfd08f7f7df264a2a00bd875788134 to remote] DEBUG org.asynchttpclient.netty.request.NettyRequestSender - Using pooled Channel '[id: 0x784fbdf6, L:/127.0.0.1:51358 - R:localhost/127.0.0.1:50771]' for 'POST' to 'http://localhost:50771/session/33dfd08f7f7df264a2a00bd875788134/timeouts'
21:10:20.810 [Forwarding setTimeout on session 33dfd08f7f7df264a2a00bd875788134 to remote] DEBUG org.asynchttpclient.netty.request.NettyRequestSender - Using open Channel [id: 0x784fbdf6, L:/127.0.0.1:51358 - R:localhost/127.0.0.1:50771] for POST '/session/33dfd08f7f7df264a2a00bd875788134/timeouts'
21:10:20.812 [AsyncHttpClient-1-8] DEBUG org.asynchttpclient.netty.handler.HttpHandler - 

Request DefaultHttpRequest(decodeResult: success, version: HTTP/1.1)
POST /session/33dfd08f7f7df264a2a00bd875788134/timeouts HTTP/1.1
User-Agent: selenium/4.1.2 (java windows)
Content-Length: 22
Content-Type: application/json; charset=utf-8
host: localhost:50771
accept: */*

Response DefaultHttpResponse(decodeResult: success, version: HTTP/1.1)
HTTP/1.1 200 OK
Content-Type: application/json; charset=utf-8
cache-control: no-cache
content-length: 14

21:10:20.812 [AsyncHttpClient-1-8] DEBUG org.asynchttpclient.netty.channel.ChannelManager - Adding key: http://localhost:50771 for channel [id: 0x784fbdf6, L:/127.0.0.1:51358 - R:localhost/127.0.0.1:50771]
21:10:20.814 [Forwarding getCurrentUrl on session 33dfd08f7f7df264a2a00bd875788134 to remote] DEBUG org.asynchttpclient.netty.request.NettyRequestSender - Using pooled Channel '[id: 0x784fbdf6, L:/127.0.0.1:51358 - R:localhost/127.0.0.1:50771]' for 'GET' to 'http://localhost:50771/session/33dfd08f7f7df264a2a00bd875788134/url'
21:10:20.814 [Forwarding getCurrentUrl on session 33dfd08f7f7df264a2a00bd875788134 to remote] DEBUG org.asynchttpclient.netty.request.NettyRequestSender - Using open Channel [id: 0x784fbdf6, L:/127.0.0.1:51358 - R:localhost/127.0.0.1:50771] for GET '/session/33dfd08f7f7df264a2a00bd875788134/url'
21:10:20.822 [AsyncHttpClient-1-8] DEBUG org.asynchttpclient.netty.handler.HttpHandler - 

Request DefaultFullHttpRequest(decodeResult: success, version: HTTP/1.1, content: EmptyByteBufBE)
GET /session/33dfd08f7f7df264a2a00bd875788134/url HTTP/1.1
User-Agent: selenium/4.1.2 (java windows)
Cache-Control: no-cache
Content-Type: application/json; charset=utf-8
host: localhost:50771
accept: */*

Response DefaultHttpResponse(decodeResult: success, version: HTTP/1.1)
HTTP/1.1 200 OK
Content-Type: application/json; charset=utf-8
cache-control: no-cache
content-length: 51

21:10:20.822 [AsyncHttpClient-1-8] DEBUG org.asynchttpclient.netty.channel.ChannelManager - Adding key: http://localhost:50771 for channel [id: 0x784fbdf6, L:/127.0.0.1:51358 - R:localhost/127.0.0.1:50771]
21:10:20.825 [Forwarding getCurrentUrl on session 33dfd08f7f7df264a2a00bd875788134 to remote] DEBUG org.asynchttpclient.netty.request.NettyRequestSender - Using pooled Channel '[id: 0x784fbdf6, L:/127.0.0.1:51358 - R:localhost/127.0.0.1:50771]' for 'GET' to 'http://localhost:50771/session/33dfd08f7f7df264a2a00bd875788134/url'
21:10:20.825 [Forwarding getCurrentUrl on session 33dfd08f7f7df264a2a00bd875788134 to remote] DEBUG org.asynchttpclient.netty.request.NettyRequestSender - Using open Channel [id: 0x784fbdf6, L:/127.0.0.1:51358 - R:localhost/127.0.0.1:50771] for GET '/session/33dfd08f7f7df264a2a00bd875788134/url'
21:10:20.832 [AsyncHttpClient-1-8] DEBUG org.asynchttpclient.netty.handler.HttpHandler - 

Request DefaultFullHttpRequest(decodeResult: success, version: HTTP/1.1, content: EmptyByteBufBE)
GET /session/33dfd08f7f7df264a2a00bd875788134/url HTTP/1.1
User-Agent: selenium/4.1.2 (java windows)
Cache-Control: no-cache
Content-Type: application/json; charset=utf-8
host: localhost:50771
accept: */*

Response DefaultHttpResponse(decodeResult: success, version: HTTP/1.1)
HTTP/1.1 200 OK
Content-Type: application/json; charset=utf-8
cache-control: no-cache
content-length: 51

21:10:20.832 [AsyncHttpClient-1-8] DEBUG org.asynchttpclient.netty.channel.ChannelManager - Adding key: http://localhost:50771 for channel [id: 0x784fbdf6, L:/127.0.0.1:51358 - R:localhost/127.0.0.1:50771]
21:10:20.836 [main] DEBUG net.serenitybdd.core.photography.Darkroom - Opening darkroom
21:10:20.836 [Darkroom Processing Line] DEBUG net.serenitybdd.core.photography.DarkroomProcessingLine - Darkroom processing line starting up
21:10:20.836 [Forwarding screenshot on session 33dfd08f7f7df264a2a00bd875788134 to remote] DEBUG org.asynchttpclient.netty.request.NettyRequestSender - Using pooled Channel '[id: 0x784fbdf6, L:/127.0.0.1:51358 - R:localhost/127.0.0.1:50771]' for 'GET' to 'http://localhost:50771/session/33dfd08f7f7df264a2a00bd875788134/screenshot'
21:10:20.836 [Forwarding screenshot on session 33dfd08f7f7df264a2a00bd875788134 to remote] DEBUG org.asynchttpclient.netty.request.NettyRequestSender - Using open Channel [id: 0x784fbdf6, L:/127.0.0.1:51358 - R:localhost/127.0.0.1:50771] for GET '/session/33dfd08f7f7df264a2a00bd875788134/screenshot'
21:10:20.883 [AsyncHttpClient-1-1] DEBUG org.asynchttpclient.netty.channel.DefaultChannelPool - Entry count for : http://localhost:51359 : 1
21:10:20.953 [AsyncHttpClient-1-8] DEBUG org.asynchttpclient.netty.handler.HttpHandler - 

Request DefaultFullHttpRequest(decodeResult: success, version: HTTP/1.1, content: EmptyByteBufBE)
GET /session/33dfd08f7f7df264a2a00bd875788134/screenshot HTTP/1.1
User-Agent: selenium/4.1.2 (java windows)
Cache-Control: no-cache
Content-Type: application/json; charset=utf-8
host: localhost:50771
accept: */*

Response DefaultHttpResponse(decodeResult: success, version: HTTP/1.1)
HTTP/1.1 200 OK
Content-Type: application/json; charset=utf-8
cache-control: no-cache
content-length: 59408

21:10:20.953 [AsyncHttpClient-1-8] DEBUG org.asynchttpclient.netty.channel.ChannelManager - Adding key: http://localhost:50771 for channel [id: 0x784fbdf6, L:/127.0.0.1:51358 - R:localhost/127.0.0.1:50771]
21:10:20.953 [main] DEBUG net.serenitybdd.core.photography.Darkroom - Send negative for processing for target\site\serenity\79d8ae44de933f0b395c79202b506f6944ae63bf7eb5cb55e7fa3467b18a1bbd.png
21:10:20.953 [main] DEBUG net.thucydides.core.steps.StepInterceptor - STEP DONE: onPage
21:10:20.953 [main] DEBUG net.thucydides.core.steps.StepInterceptor - STARTING STEP: SearchStep.iHasLoginInKompas - ValidationLoginPage
21:10:20.953 [Forwarding findElement on session 33dfd08f7f7df264a2a00bd875788134 to remote] DEBUG org.asynchttpclient.netty.request.NettyRequestSender - Using pooled Channel '[id: 0x784fbdf6, L:/127.0.0.1:51358 - R:localhost/127.0.0.1:50771]' for 'POST' to 'http://localhost:50771/session/33dfd08f7f7df264a2a00bd875788134/element'
21:10:20.953 [Forwarding findElement on session 33dfd08f7f7df264a2a00bd875788134 to remote] DEBUG org.asynchttpclient.netty.request.NettyRequestSender - Using open Channel [id: 0x784fbdf6, L:/127.0.0.1:51358 - R:localhost/127.0.0.1:50771] for POST '/session/33dfd08f7f7df264a2a00bd875788134/element'
21:10:20.977 [AsyncHttpClient-1-8] DEBUG org.asynchttpclient.netty.handler.HttpHandler - 

Request DefaultHttpRequest(decodeResult: success, version: HTTP/1.1)
POST /session/33dfd08f7f7df264a2a00bd875788134/element HTTP/1.1
User-Agent: selenium/4.1.2 (java windows)
Content-Length: 70
Content-Type: application/json; charset=utf-8
host: localhost:50771
accept: */*

Response DefaultHttpResponse(decodeResult: success, version: HTTP/1.1)
HTTP/1.1 200 OK
Content-Type: application/json; charset=utf-8
cache-control: no-cache
content-length: 88

21:10:20.977 [AsyncHttpClient-1-8] DEBUG org.asynchttpclient.netty.channel.ChannelManager - Adding key: http://localhost:50771 for channel [id: 0x784fbdf6, L:/127.0.0.1:51358 - R:localhost/127.0.0.1:50771]
21:10:20.977 [Forwarding isElementDisplayed on session 33dfd08f7f7df264a2a00bd875788134 to remote] DEBUG org.asynchttpclient.netty.request.NettyRequestSender - Using pooled Channel '[id: 0x784fbdf6, L:/127.0.0.1:51358 - R:localhost/127.0.0.1:50771]' for 'POST' to 'http://localhost:50771/session/33dfd08f7f7df264a2a00bd875788134/execute/sync'
21:10:20.977 [Forwarding isElementDisplayed on session 33dfd08f7f7df264a2a00bd875788134 to remote] DEBUG org.asynchttpclient.netty.request.NettyRequestSender - Using open Channel [id: 0x784fbdf6, L:/127.0.0.1:51358 - R:localhost/127.0.0.1:50771] for POST '/session/33dfd08f7f7df264a2a00bd875788134/execute/sync'
21:10:20.992 [AsyncHttpClient-1-8] DEBUG org.asynchttpclient.netty.handler.HttpHandler - 

Request DefaultHttpRequest(decodeResult: success, version: HTTP/1.1)
POST /session/33dfd08f7f7df264a2a00bd875788134/execute/sync HTTP/1.1
User-Agent: selenium/4.1.2 (java windows)
Content-Length: 48780
Content-Type: application/json; charset=utf-8
host: localhost:50771
accept: */*

Response DefaultHttpResponse(decodeResult: success, version: HTTP/1.1)
HTTP/1.1 200 OK
Content-Type: application/json; charset=utf-8
cache-control: no-cache
content-length: 14

21:10:20.992 [AsyncHttpClient-1-8] DEBUG org.asynchttpclient.netty.channel.ChannelManager - Adding key: http://localhost:50771 for channel [id: 0x784fbdf6, L:/127.0.0.1:51358 - R:localhost/127.0.0.1:50771]
21:10:20.992 [main] DEBUG net.thucydides.core.steps.StepInterceptor - STEP DONE: ValidationLoginPage
21:10:20.992 [main] DEBUG net.thucydides.core.steps.StepInterceptor - STARTING STEP: SearchStep.iHasLoginInKompas - inputEmail
21:10:20.992 [Forwarding findElement on session 33dfd08f7f7df264a2a00bd875788134 to remote] DEBUG org.asynchttpclient.netty.request.NettyRequestSender - Using pooled Channel '[id: 0x784fbdf6, L:/127.0.0.1:51358 - R:localhost/127.0.0.1:50771]' for 'POST' to 'http://localhost:50771/session/33dfd08f7f7df264a2a00bd875788134/element'
21:10:20.992 [Forwarding findElement on session 33dfd08f7f7df264a2a00bd875788134 to remote] DEBUG org.asynchttpclient.netty.request.NettyRequestSender - Using open Channel [id: 0x784fbdf6, L:/127.0.0.1:51358 - R:localhost/127.0.0.1:50771] for POST '/session/33dfd08f7f7df264a2a00bd875788134/element'
21:10:21.008 [AsyncHttpClient-1-8] DEBUG org.asynchttpclient.netty.handler.HttpHandler - 

Request DefaultHttpRequest(decodeResult: success, version: HTTP/1.1)
POST /session/33dfd08f7f7df264a2a00bd875788134/element HTTP/1.1
User-Agent: selenium/4.1.2 (java windows)
Content-Length: 50
Content-Type: application/json; charset=utf-8
host: localhost:50771
accept: */*

Response DefaultHttpResponse(decodeResult: success, version: HTTP/1.1)
HTTP/1.1 200 OK
Content-Type: application/json; charset=utf-8
cache-control: no-cache
content-length: 88

21:10:21.008 [AsyncHttpClient-1-8] DEBUG org.asynchttpclient.netty.channel.ChannelManager - Adding key: http://localhost:50771 for channel [id: 0x784fbdf6, L:/127.0.0.1:51358 - R:localhost/127.0.0.1:50771]
21:10:21.019 [Forwarding clearElement on session 33dfd08f7f7df264a2a00bd875788134 to remote] DEBUG org.asynchttpclient.netty.request.NettyRequestSender - Using pooled Channel '[id: 0x784fbdf6, L:/127.0.0.1:51358 - R:localhost/127.0.0.1:50771]' for 'POST' to 'http://localhost:50771/session/33dfd08f7f7df264a2a00bd875788134/element/0abbd89f-97be-4f2c-89ce-773c42e145fc/clear'
21:10:21.019 [Forwarding clearElement on session 33dfd08f7f7df264a2a00bd875788134 to remote] DEBUG org.asynchttpclient.netty.request.NettyRequestSender - Using open Channel [id: 0x784fbdf6, L:/127.0.0.1:51358 - R:localhost/127.0.0.1:50771] for POST '/session/33dfd08f7f7df264a2a00bd875788134/element/0abbd89f-97be-4f2c-89ce-773c42e145fc/clear'
21:10:21.050 [AsyncHttpClient-1-8] DEBUG org.asynchttpclient.netty.handler.HttpHandler - 

Request DefaultHttpRequest(decodeResult: success, version: HTTP/1.1)
POST /session/33dfd08f7f7df264a2a00bd875788134/element/0abbd89f-97be-4f2c-89ce-773c42e145fc/clear HTTP/1.1
User-Agent: selenium/4.1.2 (java windows)
Content-Length: 50
Content-Type: application/json; charset=utf-8
host: localhost:50771
accept: */*

Response DefaultHttpResponse(decodeResult: success, version: HTTP/1.1)
HTTP/1.1 200 OK
Content-Type: application/json; charset=utf-8
cache-control: no-cache
content-length: 14

21:10:21.050 [AsyncHttpClient-1-8] DEBUG org.asynchttpclient.netty.channel.ChannelManager - Adding key: http://localhost:50771 for channel [id: 0x784fbdf6, L:/127.0.0.1:51358 - R:localhost/127.0.0.1:50771]
21:10:21.053 [Forwarding sendKeysToElement on session 33dfd08f7f7df264a2a00bd875788134 to remote] DEBUG org.asynchttpclient.netty.request.NettyRequestSender - Using pooled Channel '[id: 0x784fbdf6, L:/127.0.0.1:51358 - R:localhost/127.0.0.1:50771]' for 'POST' to 'http://localhost:50771/session/33dfd08f7f7df264a2a00bd875788134/element/0abbd89f-97be-4f2c-89ce-773c42e145fc/value'
21:10:21.053 [Forwarding sendKeysToElement on session 33dfd08f7f7df264a2a00bd875788134 to remote] DEBUG org.asynchttpclient.netty.request.NettyRequestSender - Using open Channel [id: 0x784fbdf6, L:/127.0.0.1:51358 - R:localhost/127.0.0.1:50771] for POST '/session/33dfd08f7f7df264a2a00bd875788134/element/0abbd89f-97be-4f2c-89ce-773c42e145fc/value'
21:10:21.134 [AsyncHttpClient-1-8] DEBUG org.asynchttpclient.netty.handler.HttpHandler - 

Request DefaultHttpRequest(decodeResult: success, version: HTTP/1.1)
POST /session/33dfd08f7f7df264a2a00bd875788134/element/0abbd89f-97be-4f2c-89ce-773c42e145fc/value HTTP/1.1
User-Agent: selenium/4.1.2 (java windows)
Content-Length: 361
Content-Type: application/json; charset=utf-8
host: localhost:50771
accept: */*

Response DefaultHttpResponse(decodeResult: success, version: HTTP/1.1)
HTTP/1.1 200 OK
Content-Type: application/json; charset=utf-8
cache-control: no-cache
content-length: 14

21:10:21.134 [AsyncHttpClient-1-8] DEBUG org.asynchttpclient.netty.channel.ChannelManager - Adding key: http://localhost:50771 for channel [id: 0x784fbdf6, L:/127.0.0.1:51358 - R:localhost/127.0.0.1:50771]
21:10:21.138 [Forwarding screenshot on session 33dfd08f7f7df264a2a00bd875788134 to remote] DEBUG org.asynchttpclient.netty.request.NettyRequestSender - Using pooled Channel '[id: 0x784fbdf6, L:/127.0.0.1:51358 - R:localhost/127.0.0.1:50771]' for 'GET' to 'http://localhost:50771/session/33dfd08f7f7df264a2a00bd875788134/screenshot'
21:10:21.138 [Forwarding screenshot on session 33dfd08f7f7df264a2a00bd875788134 to remote] DEBUG org.asynchttpclient.netty.request.NettyRequestSender - Using open Channel [id: 0x784fbdf6, L:/127.0.0.1:51358 - R:localhost/127.0.0.1:50771] for GET '/session/33dfd08f7f7df264a2a00bd875788134/screenshot'
21:10:21.245 [AsyncHttpClient-1-8] DEBUG org.asynchttpclient.netty.handler.HttpHandler - 

Request DefaultFullHttpRequest(decodeResult: success, version: HTTP/1.1, content: EmptyByteBufBE)
GET /session/33dfd08f7f7df264a2a00bd875788134/screenshot HTTP/1.1
User-Agent: selenium/4.1.2 (java windows)
Cache-Control: no-cache
Content-Type: application/json; charset=utf-8
host: localhost:50771
accept: */*

Response DefaultHttpResponse(decodeResult: success, version: HTTP/1.1)
HTTP/1.1 200 OK
Content-Type: application/json; charset=utf-8
cache-control: no-cache
content-length: 69220

21:10:21.245 [AsyncHttpClient-1-8] DEBUG org.asynchttpclient.netty.channel.ChannelManager - Adding key: http://localhost:50771 for channel [id: 0x784fbdf6, L:/127.0.0.1:51358 - R:localhost/127.0.0.1:50771]
21:10:21.245 [main] DEBUG net.serenitybdd.core.photography.Darkroom - Send negative for processing for target\site\serenity\c272d6e5bb56357d4f3f3f1b7d17ab26b13305c55ac51fa0de392aa6621dcc67.png
21:10:21.245 [main] DEBUG net.thucydides.core.steps.StepInterceptor - STEP DONE: inputEmail
21:10:21.245 [main] DEBUG net.thucydides.core.steps.StepInterceptor - STARTING STEP: SearchStep.iHasLoginInKompas - inputPassword
21:10:21.245 [Forwarding findElement on session 33dfd08f7f7df264a2a00bd875788134 to remote] DEBUG org.asynchttpclient.netty.request.NettyRequestSender - Using pooled Channel '[id: 0x784fbdf6, L:/127.0.0.1:51358 - R:localhost/127.0.0.1:50771]' for 'POST' to 'http://localhost:50771/session/33dfd08f7f7df264a2a00bd875788134/element'
21:10:21.245 [Forwarding findElement on session 33dfd08f7f7df264a2a00bd875788134 to remote] DEBUG org.asynchttpclient.netty.request.NettyRequestSender - Using open Channel [id: 0x784fbdf6, L:/127.0.0.1:51358 - R:localhost/127.0.0.1:50771] for POST '/session/33dfd08f7f7df264a2a00bd875788134/element'
21:10:21.267 [AsyncHttpClient-1-8] DEBUG org.asynchttpclient.netty.handler.HttpHandler - 

Request DefaultHttpRequest(decodeResult: success, version: HTTP/1.1)
POST /session/33dfd08f7f7df264a2a00bd875788134/element HTTP/1.1
User-Agent: selenium/4.1.2 (java windows)
Content-Length: 53
Content-Type: application/json; charset=utf-8
host: localhost:50771
accept: */*

Response DefaultHttpResponse(decodeResult: success, version: HTTP/1.1)
HTTP/1.1 200 OK
Content-Type: application/json; charset=utf-8
cache-control: no-cache
content-length: 88

21:10:21.268 [AsyncHttpClient-1-8] DEBUG org.asynchttpclient.netty.channel.ChannelManager - Adding key: http://localhost:50771 for channel [id: 0x784fbdf6, L:/127.0.0.1:51358 - R:localhost/127.0.0.1:50771]
21:10:21.269 [Forwarding clearElement on session 33dfd08f7f7df264a2a00bd875788134 to remote] DEBUG org.asynchttpclient.netty.request.NettyRequestSender - Using pooled Channel '[id: 0x784fbdf6, L:/127.0.0.1:51358 - R:localhost/127.0.0.1:50771]' for 'POST' to 'http://localhost:50771/session/33dfd08f7f7df264a2a00bd875788134/element/a69c2ba3-0a0c-46c4-be51-c21e991b94c6/clear'
21:10:21.269 [Forwarding clearElement on session 33dfd08f7f7df264a2a00bd875788134 to remote] DEBUG org.asynchttpclient.netty.request.NettyRequestSender - Using open Channel [id: 0x784fbdf6, L:/127.0.0.1:51358 - R:localhost/127.0.0.1:50771] for POST '/session/33dfd08f7f7df264a2a00bd875788134/element/a69c2ba3-0a0c-46c4-be51-c21e991b94c6/clear'
21:10:21.287 [AsyncHttpClient-1-8] DEBUG org.asynchttpclient.netty.handler.HttpHandler - 

Request DefaultHttpRequest(decodeResult: success, version: HTTP/1.1)
POST /session/33dfd08f7f7df264a2a00bd875788134/element/a69c2ba3-0a0c-46c4-be51-c21e991b94c6/clear HTTP/1.1
User-Agent: selenium/4.1.2 (java windows)
Content-Length: 50
Content-Type: application/json; charset=utf-8
host: localhost:50771
accept: */*

Response DefaultHttpResponse(decodeResult: success, version: HTTP/1.1)
HTTP/1.1 200 OK
Content-Type: application/json; charset=utf-8
cache-control: no-cache
content-length: 14

21:10:21.287 [AsyncHttpClient-1-8] DEBUG org.asynchttpclient.netty.channel.ChannelManager - Adding key: http://localhost:50771 for channel [id: 0x784fbdf6, L:/127.0.0.1:51358 - R:localhost/127.0.0.1:50771]
21:10:21.303 [Forwarding sendKeysToElement on session 33dfd08f7f7df264a2a00bd875788134 to remote] DEBUG org.asynchttpclient.netty.request.NettyRequestSender - Using pooled Channel '[id: 0x784fbdf6, L:/127.0.0.1:51358 - R:localhost/127.0.0.1:50771]' for 'POST' to 'http://localhost:50771/session/33dfd08f7f7df264a2a00bd875788134/element/a69c2ba3-0a0c-46c4-be51-c21e991b94c6/value'
21:10:21.303 [Forwarding sendKeysToElement on session 33dfd08f7f7df264a2a00bd875788134 to remote] DEBUG org.asynchttpclient.netty.request.NettyRequestSender - Using open Channel [id: 0x784fbdf6, L:/127.0.0.1:51358 - R:localhost/127.0.0.1:50771] for POST '/session/33dfd08f7f7df264a2a00bd875788134/element/a69c2ba3-0a0c-46c4-be51-c21e991b94c6/value'
21:10:21.368 [AsyncHttpClient-1-8] DEBUG org.asynchttpclient.netty.handler.HttpHandler - 

Request DefaultHttpRequest(decodeResult: success, version: HTTP/1.1)
POST /session/33dfd08f7f7df264a2a00bd875788134/element/a69c2ba3-0a0c-46c4-be51-c21e991b94c6/value HTTP/1.1
User-Agent: selenium/4.1.2 (java windows)
Content-Length: 191
Content-Type: application/json; charset=utf-8
host: localhost:50771
accept: */*

Response DefaultHttpResponse(decodeResult: success, version: HTTP/1.1)
HTTP/1.1 200 OK
Content-Type: application/json; charset=utf-8
cache-control: no-cache
content-length: 14

21:10:21.368 [AsyncHttpClient-1-8] DEBUG org.asynchttpclient.netty.channel.ChannelManager - Adding key: http://localhost:50771 for channel [id: 0x784fbdf6, L:/127.0.0.1:51358 - R:localhost/127.0.0.1:50771]
21:10:21.374 [Forwarding screenshot on session 33dfd08f7f7df264a2a00bd875788134 to remote] DEBUG org.asynchttpclient.netty.request.NettyRequestSender - Using pooled Channel '[id: 0x784fbdf6, L:/127.0.0.1:51358 - R:localhost/127.0.0.1:50771]' for 'GET' to 'http://localhost:50771/session/33dfd08f7f7df264a2a00bd875788134/screenshot'
21:10:21.374 [Forwarding screenshot on session 33dfd08f7f7df264a2a00bd875788134 to remote] DEBUG org.asynchttpclient.netty.request.NettyRequestSender - Using open Channel [id: 0x784fbdf6, L:/127.0.0.1:51358 - R:localhost/127.0.0.1:50771] for GET '/session/33dfd08f7f7df264a2a00bd875788134/screenshot'
21:10:21.487 [AsyncHttpClient-1-8] DEBUG org.asynchttpclient.netty.handler.HttpHandler - 

Request DefaultFullHttpRequest(decodeResult: success, version: HTTP/1.1, content: EmptyByteBufBE)
GET /session/33dfd08f7f7df264a2a00bd875788134/screenshot HTTP/1.1
User-Agent: selenium/4.1.2 (java windows)
Cache-Control: no-cache
Content-Type: application/json; charset=utf-8
host: localhost:50771
accept: */*

Response DefaultHttpResponse(decodeResult: success, version: HTTP/1.1)
HTTP/1.1 200 OK
Content-Type: application/json; charset=utf-8
cache-control: no-cache
content-length: 68516

21:10:21.487 [AsyncHttpClient-1-8] DEBUG org.asynchttpclient.netty.channel.ChannelManager - Adding key: http://localhost:50771 for channel [id: 0x784fbdf6, L:/127.0.0.1:51358 - R:localhost/127.0.0.1:50771]
21:10:21.498 [main] DEBUG net.serenitybdd.core.photography.Darkroom - Send negative for processing for target\site\serenity\45fc441e94f300f23177357e43601bda22cb4376d9a9b0e7934baf646e618fb1.png
21:10:21.498 [main] DEBUG net.thucydides.core.steps.StepInterceptor - STEP DONE: inputPassword
21:10:21.505 [main] DEBUG net.thucydides.core.steps.StepInterceptor - STARTING STEP: SearchStep.iHasLoginInKompas - clickLoginButton
21:10:21.514 [Forwarding findElement on session 33dfd08f7f7df264a2a00bd875788134 to remote] DEBUG org.asynchttpclient.netty.request.NettyRequestSender - Using pooled Channel '[id: 0x784fbdf6, L:/127.0.0.1:51358 - R:localhost/127.0.0.1:50771]' for 'POST' to 'http://localhost:50771/session/33dfd08f7f7df264a2a00bd875788134/element'
21:10:21.514 [Forwarding findElement on session 33dfd08f7f7df264a2a00bd875788134 to remote] DEBUG org.asynchttpclient.netty.request.NettyRequestSender - Using open Channel [id: 0x784fbdf6, L:/127.0.0.1:51358 - R:localhost/127.0.0.1:50771] for POST '/session/33dfd08f7f7df264a2a00bd875788134/element'
21:10:21.524 [AsyncHttpClient-1-8] DEBUG org.asynchttpclient.netty.handler.HttpHandler - 

Request DefaultHttpRequest(decodeResult: success, version: HTTP/1.1)
POST /session/33dfd08f7f7df264a2a00bd875788134/element HTTP/1.1
User-Agent: selenium/4.1.2 (java windows)
Content-Length: 70
Content-Type: application/json; charset=utf-8
host: localhost:50771
accept: */*

Response DefaultHttpResponse(decodeResult: success, version: HTTP/1.1)
HTTP/1.1 200 OK
Content-Type: application/json; charset=utf-8
cache-control: no-cache
content-length: 88

21:10:21.524 [AsyncHttpClient-1-8] DEBUG org.asynchttpclient.netty.channel.ChannelManager - Adding key: http://localhost:50771 for channel [id: 0x784fbdf6, L:/127.0.0.1:51358 - R:localhost/127.0.0.1:50771]
21:10:21.529 [Forwarding getElementTagName on session 33dfd08f7f7df264a2a00bd875788134 to remote] DEBUG org.asynchttpclient.netty.request.NettyRequestSender - Using pooled Channel '[id: 0x784fbdf6, L:/127.0.0.1:51358 - R:localhost/127.0.0.1:50771]' for 'GET' to 'http://localhost:50771/session/33dfd08f7f7df264a2a00bd875788134/element/290bf03a-2ef8-49c4-8840-8496eea907c0/name'
21:10:21.530 [Forwarding getElementTagName on session 33dfd08f7f7df264a2a00bd875788134 to remote] DEBUG org.asynchttpclient.netty.request.NettyRequestSender - Using open Channel [id: 0x784fbdf6, L:/127.0.0.1:51358 - R:localhost/127.0.0.1:50771] for GET '/session/33dfd08f7f7df264a2a00bd875788134/element/290bf03a-2ef8-49c4-8840-8496eea907c0/name'
21:10:21.538 [AsyncHttpClient-1-8] DEBUG org.asynchttpclient.netty.handler.HttpHandler - 

Request DefaultFullHttpRequest(decodeResult: success, version: HTTP/1.1, content: EmptyByteBufBE)
GET /session/33dfd08f7f7df264a2a00bd875788134/element/290bf03a-2ef8-49c4-8840-8496eea907c0/name HTTP/1.1
User-Agent: selenium/4.1.2 (java windows)
Cache-Control: no-cache
Content-Type: application/json; charset=utf-8
host: localhost:50771
accept: */*

Response DefaultHttpResponse(decodeResult: success, version: HTTP/1.1)
HTTP/1.1 200 OK
Content-Type: application/json; charset=utf-8
cache-control: no-cache
content-length: 17

21:10:21.538 [AsyncHttpClient-1-8] DEBUG org.asynchttpclient.netty.channel.ChannelManager - Adding key: http://localhost:50771 for channel [id: 0x784fbdf6, L:/127.0.0.1:51358 - R:localhost/127.0.0.1:50771]
21:10:21.548 [Forwarding getElementTagName on session 33dfd08f7f7df264a2a00bd875788134 to remote] DEBUG org.asynchttpclient.netty.request.NettyRequestSender - Using pooled Channel '[id: 0x784fbdf6, L:/127.0.0.1:51358 - R:localhost/127.0.0.1:50771]' for 'GET' to 'http://localhost:50771/session/33dfd08f7f7df264a2a00bd875788134/element/290bf03a-2ef8-49c4-8840-8496eea907c0/name'
21:10:21.548 [Forwarding getElementTagName on session 33dfd08f7f7df264a2a00bd875788134 to remote] DEBUG org.asynchttpclient.netty.request.NettyRequestSender - Using open Channel [id: 0x784fbdf6, L:/127.0.0.1:51358 - R:localhost/127.0.0.1:50771] for GET '/session/33dfd08f7f7df264a2a00bd875788134/element/290bf03a-2ef8-49c4-8840-8496eea907c0/name'
21:10:21.573 [AsyncHttpClient-1-8] DEBUG org.asynchttpclient.netty.handler.HttpHandler - 

Request DefaultFullHttpRequest(decodeResult: success, version: HTTP/1.1, content: EmptyByteBufBE)
GET /session/33dfd08f7f7df264a2a00bd875788134/element/290bf03a-2ef8-49c4-8840-8496eea907c0/name HTTP/1.1
User-Agent: selenium/4.1.2 (java windows)
Cache-Control: no-cache
Content-Type: application/json; charset=utf-8
host: localhost:50771
accept: */*

Response DefaultHttpResponse(decodeResult: success, version: HTTP/1.1)
HTTP/1.1 200 OK
Content-Type: application/json; charset=utf-8
cache-control: no-cache
content-length: 17

21:10:21.575 [AsyncHttpClient-1-8] DEBUG org.asynchttpclient.netty.channel.ChannelManager - Adding key: http://localhost:50771 for channel [id: 0x784fbdf6, L:/127.0.0.1:51358 - R:localhost/127.0.0.1:50771]
21:10:21.578 [Forwarding isElementEnabled on session 33dfd08f7f7df264a2a00bd875788134 to remote] DEBUG org.asynchttpclient.netty.request.NettyRequestSender - Using pooled Channel '[id: 0x784fbdf6, L:/127.0.0.1:51358 - R:localhost/127.0.0.1:50771]' for 'GET' to 'http://localhost:50771/session/33dfd08f7f7df264a2a00bd875788134/element/290bf03a-2ef8-49c4-8840-8496eea907c0/enabled'
21:10:21.578 [Forwarding isElementEnabled on session 33dfd08f7f7df264a2a00bd875788134 to remote] DEBUG org.asynchttpclient.netty.request.NettyRequestSender - Using open Channel [id: 0x784fbdf6, L:/127.0.0.1:51358 - R:localhost/127.0.0.1:50771] for GET '/session/33dfd08f7f7df264a2a00bd875788134/element/290bf03a-2ef8-49c4-8840-8496eea907c0/enabled'
21:10:21.587 [AsyncHttpClient-1-8] DEBUG org.asynchttpclient.netty.handler.HttpHandler - 

Request DefaultFullHttpRequest(decodeResult: success, version: HTTP/1.1, content: EmptyByteBufBE)
GET /session/33dfd08f7f7df264a2a00bd875788134/element/290bf03a-2ef8-49c4-8840-8496eea907c0/enabled HTTP/1.1
User-Agent: selenium/4.1.2 (java windows)
Cache-Control: no-cache
Content-Type: application/json; charset=utf-8
host: localhost:50771
accept: */*

Response DefaultHttpResponse(decodeResult: success, version: HTTP/1.1)
HTTP/1.1 200 OK
Content-Type: application/json; charset=utf-8
cache-control: no-cache
content-length: 14

21:10:21.587 [AsyncHttpClient-1-8] DEBUG org.asynchttpclient.netty.channel.ChannelManager - Adding key: http://localhost:50771 for channel [id: 0x784fbdf6, L:/127.0.0.1:51358 - R:localhost/127.0.0.1:50771]
21:10:21.590 [Forwarding isElementEnabled on session 33dfd08f7f7df264a2a00bd875788134 to remote] DEBUG org.asynchttpclient.netty.request.NettyRequestSender - Using pooled Channel '[id: 0x784fbdf6, L:/127.0.0.1:51358 - R:localhost/127.0.0.1:50771]' for 'GET' to 'http://localhost:50771/session/33dfd08f7f7df264a2a00bd875788134/element/290bf03a-2ef8-49c4-8840-8496eea907c0/enabled'
21:10:21.590 [Forwarding isElementEnabled on session 33dfd08f7f7df264a2a00bd875788134 to remote] DEBUG org.asynchttpclient.netty.request.NettyRequestSender - Using open Channel [id: 0x784fbdf6, L:/127.0.0.1:51358 - R:localhost/127.0.0.1:50771] for GET '/session/33dfd08f7f7df264a2a00bd875788134/element/290bf03a-2ef8-49c4-8840-8496eea907c0/enabled'
21:10:21.599 [AsyncHttpClient-1-8] DEBUG org.asynchttpclient.netty.handler.HttpHandler - 

Request DefaultFullHttpRequest(decodeResult: success, version: HTTP/1.1, content: EmptyByteBufBE)
GET /session/33dfd08f7f7df264a2a00bd875788134/element/290bf03a-2ef8-49c4-8840-8496eea907c0/enabled HTTP/1.1
User-Agent: selenium/4.1.2 (java windows)
Cache-Control: no-cache
Content-Type: application/json; charset=utf-8
host: localhost:50771
accept: */*

Response DefaultHttpResponse(decodeResult: success, version: HTTP/1.1)
HTTP/1.1 200 OK
Content-Type: application/json; charset=utf-8
cache-control: no-cache
content-length: 14

21:10:21.600 [AsyncHttpClient-1-8] DEBUG org.asynchttpclient.netty.channel.ChannelManager - Adding key: http://localhost:50771 for channel [id: 0x784fbdf6, L:/127.0.0.1:51358 - R:localhost/127.0.0.1:50771]
21:10:21.603 [Forwarding findElement on session 33dfd08f7f7df264a2a00bd875788134 to remote] DEBUG org.asynchttpclient.netty.request.NettyRequestSender - Using pooled Channel '[id: 0x784fbdf6, L:/127.0.0.1:51358 - R:localhost/127.0.0.1:50771]' for 'POST' to 'http://localhost:50771/session/33dfd08f7f7df264a2a00bd875788134/element'
21:10:21.603 [Forwarding findElement on session 33dfd08f7f7df264a2a00bd875788134 to remote] DEBUG org.asynchttpclient.netty.request.NettyRequestSender - Using open Channel [id: 0x784fbdf6, L:/127.0.0.1:51358 - R:localhost/127.0.0.1:50771] for POST '/session/33dfd08f7f7df264a2a00bd875788134/element'
21:10:21.610 [AsyncHttpClient-1-8] DEBUG org.asynchttpclient.netty.handler.HttpHandler - 

Request DefaultHttpRequest(decodeResult: success, version: HTTP/1.1)
POST /session/33dfd08f7f7df264a2a00bd875788134/element HTTP/1.1
User-Agent: selenium/4.1.2 (java windows)
Content-Length: 70
Content-Type: application/json; charset=utf-8
host: localhost:50771
accept: */*

Response DefaultHttpResponse(decodeResult: success, version: HTTP/1.1)
HTTP/1.1 200 OK
Content-Type: application/json; charset=utf-8
cache-control: no-cache
content-length: 88

21:10:21.613 [AsyncHttpClient-1-8] DEBUG org.asynchttpclient.netty.channel.ChannelManager - Adding key: http://localhost:50771 for channel [id: 0x784fbdf6, L:/127.0.0.1:51358 - R:localhost/127.0.0.1:50771]
21:10:21.613 [Forwarding clickElement on session 33dfd08f7f7df264a2a00bd875788134 to remote] DEBUG org.asynchttpclient.netty.request.NettyRequestSender - Using pooled Channel '[id: 0x784fbdf6, L:/127.0.0.1:51358 - R:localhost/127.0.0.1:50771]' for 'POST' to 'http://localhost:50771/session/33dfd08f7f7df264a2a00bd875788134/element/290bf03a-2ef8-49c4-8840-8496eea907c0/click'
21:10:21.613 [Forwarding clickElement on session 33dfd08f7f7df264a2a00bd875788134 to remote] DEBUG org.asynchttpclient.netty.request.NettyRequestSender - Using open Channel [id: 0x784fbdf6, L:/127.0.0.1:51358 - R:localhost/127.0.0.1:50771] for POST '/session/33dfd08f7f7df264a2a00bd875788134/element/290bf03a-2ef8-49c4-8840-8496eea907c0/click'
21:10:21.979 [AsyncHttpClient-1-1] DEBUG org.asynchttpclient.netty.channel.DefaultChannelPool - Entry count for : http://localhost:51359 : 1
21:10:22.530 [AsyncHttpClient-1-8] DEBUG org.asynchttpclient.netty.handler.HttpHandler - 

Request DefaultHttpRequest(decodeResult: success, version: HTTP/1.1)
POST /session/33dfd08f7f7df264a2a00bd875788134/element/290bf03a-2ef8-49c4-8840-8496eea907c0/click HTTP/1.1
User-Agent: selenium/4.1.2 (java windows)
Content-Length: 50
Content-Type: application/json; charset=utf-8
host: localhost:50771
accept: */*

Response DefaultHttpResponse(decodeResult: success, version: HTTP/1.1)
HTTP/1.1 200 OK
Content-Type: application/json; charset=utf-8
cache-control: no-cache
content-length: 14

21:10:22.530 [AsyncHttpClient-1-8] DEBUG org.asynchttpclient.netty.channel.ChannelManager - Adding key: http://localhost:50771 for channel [id: 0x784fbdf6, L:/127.0.0.1:51358 - R:localhost/127.0.0.1:50771]
21:10:22.537 [Forwarding screenshot on session 33dfd08f7f7df264a2a00bd875788134 to remote] DEBUG org.asynchttpclient.netty.request.NettyRequestSender - Using pooled Channel '[id: 0x784fbdf6, L:/127.0.0.1:51358 - R:localhost/127.0.0.1:50771]' for 'GET' to 'http://localhost:50771/session/33dfd08f7f7df264a2a00bd875788134/screenshot'
21:10:22.537 [Forwarding screenshot on session 33dfd08f7f7df264a2a00bd875788134 to remote] DEBUG org.asynchttpclient.netty.request.NettyRequestSender - Using open Channel [id: 0x784fbdf6, L:/127.0.0.1:51358 - R:localhost/127.0.0.1:50771] for GET '/session/33dfd08f7f7df264a2a00bd875788134/screenshot'
21:10:22.681 [AsyncHttpClient-1-8] DEBUG org.asynchttpclient.netty.handler.HttpHandler - 

Request DefaultFullHttpRequest(decodeResult: success, version: HTTP/1.1, content: EmptyByteBufBE)
GET /session/33dfd08f7f7df264a2a00bd875788134/screenshot HTTP/1.1
User-Agent: selenium/4.1.2 (java windows)
Cache-Control: no-cache
Content-Type: application/json; charset=utf-8
host: localhost:50771
accept: */*

Response DefaultHttpResponse(decodeResult: success, version: HTTP/1.1)
HTTP/1.1 200 OK
Content-Type: application/json; charset=utf-8
cache-control: no-cache
content-length: 22912

21:10:22.681 [AsyncHttpClient-1-8] DEBUG org.asynchttpclient.netty.channel.ChannelManager - Adding key: http://localhost:50771 for channel [id: 0x784fbdf6, L:/127.0.0.1:51358 - R:localhost/127.0.0.1:50771]
21:10:22.684 [main] DEBUG net.serenitybdd.core.photography.Darkroom - Send negative for processing for target\site\serenity\0d9f3359a7e8db5ef0268d1119d810e0b76c5916c21a230bd8b3996c934b1cd3.png
21:10:22.684 [main] DEBUG net.thucydides.core.steps.StepInterceptor - STEP DONE: clickLoginButton
21:10:22.685 [Darkroom Processing Line] DEBUG net.serenitybdd.core.photography.DarkroomProcessingLine - Processing screenshot image in /var/screenshots/screenshot-5785363696247017130
21:10:22.685 [Darkroom Processing Line] DEBUG net.serenitybdd.core.photography.DarkroomProcessingLine - Saving screenshot to target\site\serenity\0d9f3359a7e8db5ef0268d1119d810e0b76c5916c21a230bd8b3996c934b1cd3.png
21:10:22.688 [Forwarding findElement on session 33dfd08f7f7df264a2a00bd875788134 to remote] DEBUG org.asynchttpclient.netty.request.NettyRequestSender - Using pooled Channel '[id: 0x784fbdf6, L:/127.0.0.1:51358 - R:localhost/127.0.0.1:50771]' for 'POST' to 'http://localhost:50771/session/33dfd08f7f7df264a2a00bd875788134/element'
21:10:22.688 [Forwarding findElement on session 33dfd08f7f7df264a2a00bd875788134 to remote] DEBUG org.asynchttpclient.netty.request.NettyRequestSender - Using open Channel [id: 0x784fbdf6, L:/127.0.0.1:51358 - R:localhost/127.0.0.1:50771] for POST '/session/33dfd08f7f7df264a2a00bd875788134/element'
21:10:23.076 [AsyncHttpClient-1-1] DEBUG org.asynchttpclient.netty.channel.DefaultChannelPool - Entry count for : http://localhost:51359 : 1
21:10:24.176 [AsyncHttpClient-1-1] DEBUG org.asynchttpclient.netty.channel.DefaultChannelPool - Entry count for : http://localhost:51359 : 1
21:10:25.084 [AsyncHttpClient-1-8] DEBUG org.asynchttpclient.netty.handler.HttpHandler - 

Request DefaultHttpRequest(decodeResult: success, version: HTTP/1.1)
POST /session/33dfd08f7f7df264a2a00bd875788134/element HTTP/1.1
User-Agent: selenium/4.1.2 (java windows)
Content-Length: 78
Content-Type: application/json; charset=utf-8
host: localhost:50771
accept: */*

Response DefaultHttpResponse(decodeResult: success, version: HTTP/1.1)
HTTP/1.1 200 OK
Content-Type: application/json; charset=utf-8
cache-control: no-cache
content-length: 88

21:10:25.084 [AsyncHttpClient-1-8] DEBUG org.asynchttpclient.netty.channel.ChannelManager - Adding key: http://localhost:50771 for channel [id: 0x784fbdf6, L:/127.0.0.1:51358 - R:localhost/127.0.0.1:50771]
21:10:25.091 [Forwarding isElementDisplayed on session 33dfd08f7f7df264a2a00bd875788134 to remote] DEBUG org.asynchttpclient.netty.request.NettyRequestSender - Using pooled Channel '[id: 0x784fbdf6, L:/127.0.0.1:51358 - R:localhost/127.0.0.1:50771]' for 'POST' to 'http://localhost:50771/session/33dfd08f7f7df264a2a00bd875788134/execute/sync'
21:10:25.091 [Forwarding isElementDisplayed on session 33dfd08f7f7df264a2a00bd875788134 to remote] DEBUG org.asynchttpclient.netty.request.NettyRequestSender - Using open Channel [id: 0x784fbdf6, L:/127.0.0.1:51358 - R:localhost/127.0.0.1:50771] for POST '/session/33dfd08f7f7df264a2a00bd875788134/execute/sync'
21:10:25.106 [AsyncHttpClient-1-8] DEBUG org.asynchttpclient.netty.handler.HttpHandler - 

Request DefaultHttpRequest(decodeResult: success, version: HTTP/1.1)
POST /session/33dfd08f7f7df264a2a00bd875788134/execute/sync HTTP/1.1
User-Agent: selenium/4.1.2 (java windows)
Content-Length: 48780
Content-Type: application/json; charset=utf-8
host: localhost:50771
accept: */*

Response DefaultHttpResponse(decodeResult: success, version: HTTP/1.1)
HTTP/1.1 200 OK
Content-Type: application/json; charset=utf-8
cache-control: no-cache
content-length: 14

21:10:25.106 [AsyncHttpClient-1-8] DEBUG org.asynchttpclient.netty.channel.ChannelManager - Adding key: http://localhost:50771 for channel [id: 0x784fbdf6, L:/127.0.0.1:51358 - R:localhost/127.0.0.1:50771]
21:10:25.110 [Forwarding isElementDisplayed on session 33dfd08f7f7df264a2a00bd875788134 to remote] DEBUG org.asynchttpclient.netty.request.NettyRequestSender - Using pooled Channel '[id: 0x784fbdf6, L:/127.0.0.1:51358 - R:localhost/127.0.0.1:50771]' for 'POST' to 'http://localhost:50771/session/33dfd08f7f7df264a2a00bd875788134/execute/sync'
21:10:25.110 [Forwarding isElementDisplayed on session 33dfd08f7f7df264a2a00bd875788134 to remote] DEBUG org.asynchttpclient.netty.request.NettyRequestSender - Using open Channel [id: 0x784fbdf6, L:/127.0.0.1:51358 - R:localhost/127.0.0.1:50771] for POST '/session/33dfd08f7f7df264a2a00bd875788134/execute/sync'
21:10:25.121 [AsyncHttpClient-1-8] DEBUG org.asynchttpclient.netty.handler.HttpHandler - 

Request DefaultHttpRequest(decodeResult: success, version: HTTP/1.1)
POST /session/33dfd08f7f7df264a2a00bd875788134/execute/sync HTTP/1.1
User-Agent: selenium/4.1.2 (java windows)
Content-Length: 48780
Content-Type: application/json; charset=utf-8
host: localhost:50771
accept: */*

Response DefaultHttpResponse(decodeResult: success, version: HTTP/1.1)
HTTP/1.1 200 OK
Content-Type: application/json; charset=utf-8
cache-control: no-cache
content-length: 14

21:10:25.121 [AsyncHttpClient-1-8] DEBUG org.asynchttpclient.netty.channel.ChannelManager - Adding key: http://localhost:50771 for channel [id: 0x784fbdf6, L:/127.0.0.1:51358 - R:localhost/127.0.0.1:50771]
  &amp#27;[32mGiven &amp#27;[0m&amp#27;[32mI has login in kompas&amp#27;[0m         &amp#27;[90m# starter.stepdefinitions.SearchStep.iHasLoginInKompas()&amp#27;[0m
21:10:25.126 [Forwarding screenshot on session 33dfd08f7f7df264a2a00bd875788134 to remote] DEBUG org.asynchttpclient.netty.request.NettyRequestSender - Using pooled Channel '[id: 0x784fbdf6, L:/127.0.0.1:51358 - R:localhost/127.0.0.1:50771]' for 'GET' to 'http://localhost:50771/session/33dfd08f7f7df264a2a00bd875788134/screenshot'
21:10:25.126 [Forwarding screenshot on session 33dfd08f7f7df264a2a00bd875788134 to remote] DEBUG org.asynchttpclient.netty.request.NettyRequestSender - Using open Channel [id: 0x784fbdf6, L:/127.0.0.1:51358 - R:localhost/127.0.0.1:50771] for GET '/session/33dfd08f7f7df264a2a00bd875788134/screenshot'
21:10:25.237 [AsyncHttpClient-1-8] DEBUG org.asynchttpclient.netty.handler.HttpHandler - 

Request DefaultFullHttpRequest(decodeResult: success, version: HTTP/1.1, content: EmptyByteBufBE)
GET /session/33dfd08f7f7df264a2a00bd875788134/screenshot HTTP/1.1
User-Agent: selenium/4.1.2 (java windows)
Cache-Control: no-cache
Content-Type: application/json; charset=utf-8
host: localhost:50771
accept: */*

Response DefaultHttpResponse(decodeResult: success, version: HTTP/1.1)
HTTP/1.1 200 OK
Content-Type: application/json; charset=utf-8
cache-control: no-cache
content-length: 51412

21:10:25.237 [AsyncHttpClient-1-8] DEBUG org.asynchttpclient.netty.channel.ChannelManager - Adding key: http://localhost:50771 for channel [id: 0x784fbdf6, L:/127.0.0.1:51358 - R:localhost/127.0.0.1:50771]
21:10:25.237 [main] DEBUG net.serenitybdd.core.photography.Darkroom - Send negative for processing for target\site\serenity\19a98dd5a84deb232b83fde8b161daf3a3482126e042272d3c72fc570629d96a.png
21:10:25.237 [Forwarding findElement on session 33dfd08f7f7df264a2a00bd875788134 to remote] DEBUG org.asynchttpclient.netty.request.NettyRequestSender - Using pooled Channel '[id: 0x784fbdf6, L:/127.0.0.1:51358 - R:localhost/127.0.0.1:50771]' for 'POST' to 'http://localhost:50771/session/33dfd08f7f7df264a2a00bd875788134/element'
21:10:25.237 [Forwarding findElement on session 33dfd08f7f7df264a2a00bd875788134 to remote] DEBUG org.asynchttpclient.netty.request.NettyRequestSender - Using open Channel [id: 0x784fbdf6, L:/127.0.0.1:51358 - R:localhost/127.0.0.1:50771] for POST '/session/33dfd08f7f7df264a2a00bd875788134/element'
21:10:25.284 [AsyncHttpClient-1-1] DEBUG org.asynchttpclient.netty.channel.DefaultChannelPool - Entry count for : http://localhost:51359 : 1
21:10:26.379 [AsyncHttpClient-1-1] DEBUG org.asynchttpclient.netty.channel.DefaultChannelPool - Entry count for : http://localhost:51359 : 1
21:10:27.481 [AsyncHttpClient-1-1] DEBUG org.asynchttpclient.netty.channel.DefaultChannelPool - Entry count for : http://localhost:51359 : 1
21:10:27.695 [AsyncHttpClient-1-8] DEBUG org.asynchttpclient.netty.handler.HttpHandler - 

Request DefaultHttpRequest(decodeResult: success, version: HTTP/1.1)
POST /session/33dfd08f7f7df264a2a00bd875788134/element HTTP/1.1
User-Agent: selenium/4.1.2 (java windows)
Content-Length: 181
Content-Type: application/json; charset=utf-8
host: localhost:50771
accept: */*

Response DefaultHttpResponse(decodeResult: success, version: HTTP/1.1)
HTTP/1.1 200 OK
Content-Type: application/json; charset=utf-8
cache-control: no-cache
content-length: 88

21:10:27.695 [AsyncHttpClient-1-8] DEBUG org.asynchttpclient.netty.channel.ChannelManager - Adding key: http://localhost:50771 for channel [id: 0x784fbdf6, L:/127.0.0.1:51358 - R:localhost/127.0.0.1:50771]
21:10:27.701 [Forwarding isElementDisplayed on session 33dfd08f7f7df264a2a00bd875788134 to remote] DEBUG org.asynchttpclient.netty.request.NettyRequestSender - Using pooled Channel '[id: 0x784fbdf6, L:/127.0.0.1:51358 - R:localhost/127.0.0.1:50771]' for 'POST' to 'http://localhost:50771/session/33dfd08f7f7df264a2a00bd875788134/execute/sync'
21:10:27.701 [Forwarding isElementDisplayed on session 33dfd08f7f7df264a2a00bd875788134 to remote] DEBUG org.asynchttpclient.netty.request.NettyRequestSender - Using open Channel [id: 0x784fbdf6, L:/127.0.0.1:51358 - R:localhost/127.0.0.1:50771] for POST '/session/33dfd08f7f7df264a2a00bd875788134/execute/sync'
21:10:27.715 [AsyncHttpClient-1-8] DEBUG org.asynchttpclient.netty.handler.HttpHandler - 

Request DefaultHttpRequest(decodeResult: success, version: HTTP/1.1)
POST /session/33dfd08f7f7df264a2a00bd875788134/execute/sync HTTP/1.1
User-Agent: selenium/4.1.2 (java windows)
Content-Length: 48780
Content-Type: application/json; charset=utf-8
host: localhost:50771
accept: */*

Response DefaultHttpResponse(decodeResult: success, version: HTTP/1.1)
HTTP/1.1 200 OK
Content-Type: application/json; charset=utf-8
cache-control: no-cache
content-length: 14

21:10:27.716 [AsyncHttpClient-1-8] DEBUG org.asynchttpclient.netty.channel.ChannelManager - Adding key: http://localhost:50771 for channel [id: 0x784fbdf6, L:/127.0.0.1:51358 - R:localhost/127.0.0.1:50771]
21:10:27.718 [Forwarding getElementTagName on session 33dfd08f7f7df264a2a00bd875788134 to remote] DEBUG org.asynchttpclient.netty.request.NettyRequestSender - Using pooled Channel '[id: 0x784fbdf6, L:/127.0.0.1:51358 - R:localhost/127.0.0.1:50771]' for 'GET' to 'http://localhost:50771/session/33dfd08f7f7df264a2a00bd875788134/element/54ae91ff-178b-424e-92dc-a42862bd897b/name'
21:10:27.718 [Forwarding getElementTagName on session 33dfd08f7f7df264a2a00bd875788134 to remote] DEBUG org.asynchttpclient.netty.request.NettyRequestSender - Using open Channel [id: 0x784fbdf6, L:/127.0.0.1:51358 - R:localhost/127.0.0.1:50771] for GET '/session/33dfd08f7f7df264a2a00bd875788134/element/54ae91ff-178b-424e-92dc-a42862bd897b/name'
21:10:27.726 [AsyncHttpClient-1-8] DEBUG org.asynchttpclient.netty.handler.HttpHandler - 

Request DefaultFullHttpRequest(decodeResult: success, version: HTTP/1.1, content: EmptyByteBufBE)
GET /session/33dfd08f7f7df264a2a00bd875788134/element/54ae91ff-178b-424e-92dc-a42862bd897b/name HTTP/1.1
User-Agent: selenium/4.1.2 (java windows)
Cache-Control: no-cache
Content-Type: application/json; charset=utf-8
host: localhost:50771
accept: */*

Response DefaultHttpResponse(decodeResult: success, version: HTTP/1.1)
HTTP/1.1 200 OK
Content-Type: application/json; charset=utf-8
cache-control: no-cache
content-length: 15

21:10:27.726 [AsyncHttpClient-1-8] DEBUG org.asynchttpclient.netty.channel.ChannelManager - Adding key: http://localhost:50771 for channel [id: 0x784fbdf6, L:/127.0.0.1:51358 - R:localhost/127.0.0.1:50771]
21:10:27.728 [Forwarding getElementTagName on session 33dfd08f7f7df264a2a00bd875788134 to remote] DEBUG org.asynchttpclient.netty.request.NettyRequestSender - Using pooled Channel '[id: 0x784fbdf6, L:/127.0.0.1:51358 - R:localhost/127.0.0.1:50771]' for 'GET' to 'http://localhost:50771/session/33dfd08f7f7df264a2a00bd875788134/element/54ae91ff-178b-424e-92dc-a42862bd897b/name'
21:10:27.728 [Forwarding getElementTagName on session 33dfd08f7f7df264a2a00bd875788134 to remote] DEBUG org.asynchttpclient.netty.request.NettyRequestSender - Using open Channel [id: 0x784fbdf6, L:/127.0.0.1:51358 - R:localhost/127.0.0.1:50771] for GET '/session/33dfd08f7f7df264a2a00bd875788134/element/54ae91ff-178b-424e-92dc-a42862bd897b/name'
21:10:27.735 [AsyncHttpClient-1-8] DEBUG org.asynchttpclient.netty.handler.HttpHandler - 

Request DefaultFullHttpRequest(decodeResult: success, version: HTTP/1.1, content: EmptyByteBufBE)
GET /session/33dfd08f7f7df264a2a00bd875788134/element/54ae91ff-178b-424e-92dc-a42862bd897b/name HTTP/1.1
User-Agent: selenium/4.1.2 (java windows)
Cache-Control: no-cache
Content-Type: application/json; charset=utf-8
host: localhost:50771
accept: */*

Response DefaultHttpResponse(decodeResult: success, version: HTTP/1.1)
HTTP/1.1 200 OK
Content-Type: application/json; charset=utf-8
cache-control: no-cache
content-length: 15

21:10:27.736 [AsyncHttpClient-1-8] DEBUG org.asynchttpclient.netty.channel.ChannelManager - Adding key: http://localhost:50771 for channel [id: 0x784fbdf6, L:/127.0.0.1:51358 - R:localhost/127.0.0.1:50771]
21:10:27.737 [Forwarding clickElement on session 33dfd08f7f7df264a2a00bd875788134 to remote] DEBUG org.asynchttpclient.netty.request.NettyRequestSender - Using pooled Channel '[id: 0x784fbdf6, L:/127.0.0.1:51358 - R:localhost/127.0.0.1:50771]' for 'POST' to 'http://localhost:50771/session/33dfd08f7f7df264a2a00bd875788134/element/54ae91ff-178b-424e-92dc-a42862bd897b/click'
21:10:27.737 [Forwarding clickElement on session 33dfd08f7f7df264a2a00bd875788134 to remote] DEBUG org.asynchttpclient.netty.request.NettyRequestSender - Using open Channel [id: 0x784fbdf6, L:/127.0.0.1:51358 - R:localhost/127.0.0.1:50771] for POST '/session/33dfd08f7f7df264a2a00bd875788134/element/54ae91ff-178b-424e-92dc-a42862bd897b/click'
21:10:28.584 [AsyncHttpClient-1-1] DEBUG org.asynchttpclient.netty.channel.DefaultChannelPool - Entry count for : http://localhost:51359 : 1
21:10:29.676 [AsyncHttpClient-1-1] DEBUG org.asynchttpclient.netty.channel.DefaultChannelPool - Entry count for : http://localhost:51359 : 1
21:10:30.654 [AsyncHttpClient-1-8] DEBUG org.asynchttpclient.netty.handler.HttpHandler - 

Request DefaultHttpRequest(decodeResult: success, version: HTTP/1.1)
POST /session/33dfd08f7f7df264a2a00bd875788134/element/54ae91ff-178b-424e-92dc-a42862bd897b/click HTTP/1.1
User-Agent: selenium/4.1.2 (java windows)
Content-Length: 50
Content-Type: application/json; charset=utf-8
host: localhost:50771
accept: */*

Response DefaultHttpResponse(decodeResult: success, version: HTTP/1.1)
HTTP/1.1 200 OK
Content-Type: application/json; charset=utf-8
cache-control: no-cache
content-length: 14

21:10:30.654 [AsyncHttpClient-1-8] DEBUG org.asynchttpclient.netty.channel.ChannelManager - Adding key: http://localhost:50771 for channel [id: 0x784fbdf6, L:/127.0.0.1:51358 - R:localhost/127.0.0.1:50771]
  &amp#27;[32mWhen &amp#27;[0m&amp#27;[32mI in home page kompas&amp#27;[0m          &amp#27;[90m# starter.stepdefinitions.SearchStep.iInHomePageKompas()&amp#27;[0m
21:10:30.664 [Forwarding screenshot on session 33dfd08f7f7df264a2a00bd875788134 to remote] DEBUG org.asynchttpclient.netty.request.NettyRequestSender - Using pooled Channel '[id: 0x784fbdf6, L:/127.0.0.1:51358 - R:localhost/127.0.0.1:50771]' for 'GET' to 'http://localhost:50771/session/33dfd08f7f7df264a2a00bd875788134/screenshot'
21:10:30.664 [Forwarding screenshot on session 33dfd08f7f7df264a2a00bd875788134 to remote] DEBUG org.asynchttpclient.netty.request.NettyRequestSender - Using open Channel [id: 0x784fbdf6, L:/127.0.0.1:51358 - R:localhost/127.0.0.1:50771] for GET '/session/33dfd08f7f7df264a2a00bd875788134/screenshot'
21:10:30.781 [AsyncHttpClient-1-1] DEBUG org.asynchttpclient.netty.channel.DefaultChannelPool - Entry count for : http://localhost:51359 : 1
21:10:30.841 [AsyncHttpClient-1-8] DEBUG org.asynchttpclient.netty.handler.HttpHandler - 

Request DefaultFullHttpRequest(decodeResult: success, version: HTTP/1.1, content: EmptyByteBufBE)
GET /session/33dfd08f7f7df264a2a00bd875788134/screenshot HTTP/1.1
User-Agent: selenium/4.1.2 (java windows)
Cache-Control: no-cache
Content-Type: application/json; charset=utf-8
host: localhost:50771
accept: */*

Response DefaultHttpResponse(decodeResult: success, version: HTTP/1.1)
HTTP/1.1 200 OK
Content-Type: application/json; charset=utf-8
cache-control: no-cache
content-length: 135032

21:10:30.842 [AsyncHttpClient-1-8] DEBUG org.asynchttpclient.netty.channel.ChannelManager - Adding key: http://localhost:50771 for channel [id: 0x784fbdf6, L:/127.0.0.1:51358 - R:localhost/127.0.0.1:50771]
21:10:30.852 [main] DEBUG net.serenitybdd.core.photography.Darkroom - Send negative for processing for target\site\serenity\cbfea3e8e6d1c366b4b9a34162b5bd6e2b24dd2b8bf82063daa31658aca0adeb.png
21:10:30.861 [Forwarding findElement on session 33dfd08f7f7df264a2a00bd875788134 to remote] DEBUG org.asynchttpclient.netty.request.NettyRequestSender - Using pooled Channel '[id: 0x784fbdf6, L:/127.0.0.1:51358 - R:localhost/127.0.0.1:50771]' for 'POST' to 'http://localhost:50771/session/33dfd08f7f7df264a2a00bd875788134/element'
21:10:30.861 [Forwarding findElement on session 33dfd08f7f7df264a2a00bd875788134 to remote] DEBUG org.asynchttpclient.netty.request.NettyRequestSender - Using open Channel [id: 0x784fbdf6, L:/127.0.0.1:51358 - R:localhost/127.0.0.1:50771] for POST '/session/33dfd08f7f7df264a2a00bd875788134/element'
21:10:30.875 [AsyncHttpClient-1-8] DEBUG org.asynchttpclient.netty.handler.HttpHandler - 

Request DefaultHttpRequest(decodeResult: success, version: HTTP/1.1)
POST /session/33dfd08f7f7df264a2a00bd875788134/element HTTP/1.1
User-Agent: selenium/4.1.2 (java windows)
Content-Length: 68
Content-Type: application/json; charset=utf-8
host: localhost:50771
accept: */*

Response DefaultHttpResponse(decodeResult: success, version: HTTP/1.1)
HTTP/1.1 200 OK
Content-Type: application/json; charset=utf-8
cache-control: no-cache
content-length: 88

21:10:30.875 [AsyncHttpClient-1-8] DEBUG org.asynchttpclient.netty.channel.ChannelManager - Adding key: http://localhost:50771 for channel [id: 0x784fbdf6, L:/127.0.0.1:51358 - R:localhost/127.0.0.1:50771]
21:10:30.877 [Forwarding clearElement on session 33dfd08f7f7df264a2a00bd875788134 to remote] DEBUG org.asynchttpclient.netty.request.NettyRequestSender - Using pooled Channel '[id: 0x784fbdf6, L:/127.0.0.1:51358 - R:localhost/127.0.0.1:50771]' for 'POST' to 'http://localhost:50771/session/33dfd08f7f7df264a2a00bd875788134/element/afa030e0-0102-4f0c-ab7b-55f1060be360/clear'
21:10:30.877 [Forwarding clearElement on session 33dfd08f7f7df264a2a00bd875788134 to remote] DEBUG org.asynchttpclient.netty.request.NettyRequestSender - Using open Channel [id: 0x784fbdf6, L:/127.0.0.1:51358 - R:localhost/127.0.0.1:50771] for POST '/session/33dfd08f7f7df264a2a00bd875788134/element/afa030e0-0102-4f0c-ab7b-55f1060be360/clear'
21:10:30.909 [AsyncHttpClient-1-8] DEBUG org.asynchttpclient.netty.handler.HttpHandler - 

Request DefaultHttpRequest(decodeResult: success, version: HTTP/1.1)
POST /session/33dfd08f7f7df264a2a00bd875788134/element/afa030e0-0102-4f0c-ab7b-55f1060be360/clear HTTP/1.1
User-Agent: selenium/4.1.2 (java windows)
Content-Length: 50
Content-Type: application/json; charset=utf-8
host: localhost:50771
accept: */*

Response DefaultHttpResponse(decodeResult: success, version: HTTP/1.1)
HTTP/1.1 200 OK
Content-Type: application/json; charset=utf-8
cache-control: no-cache
content-length: 14

21:10:30.909 [AsyncHttpClient-1-8] DEBUG org.asynchttpclient.netty.channel.ChannelManager - Adding key: http://localhost:50771 for channel [id: 0x784fbdf6, L:/127.0.0.1:51358 - R:localhost/127.0.0.1:50771]
21:10:30.912 [Forwarding sendKeysToElement on session 33dfd08f7f7df264a2a00bd875788134 to remote] DEBUG org.asynchttpclient.netty.request.NettyRequestSender - Using pooled Channel '[id: 0x784fbdf6, L:/127.0.0.1:51358 - R:localhost/127.0.0.1:50771]' for 'POST' to 'http://localhost:50771/session/33dfd08f7f7df264a2a00bd875788134/element/afa030e0-0102-4f0c-ab7b-55f1060be360/value'
21:10:30.912 [Forwarding sendKeysToElement on session 33dfd08f7f7df264a2a00bd875788134 to remote] DEBUG org.asynchttpclient.netty.request.NettyRequestSender - Using open Channel [id: 0x784fbdf6, L:/127.0.0.1:51358 - R:localhost/127.0.0.1:50771] for POST '/session/33dfd08f7f7df264a2a00bd875788134/element/afa030e0-0102-4f0c-ab7b-55f1060be360/value'
21:10:30.973 [AsyncHttpClient-1-8] DEBUG org.asynchttpclient.netty.handler.HttpHandler - 

Request DefaultHttpRequest(decodeResult: success, version: HTTP/1.1)
POST /session/33dfd08f7f7df264a2a00bd875788134/element/afa030e0-0102-4f0c-ab7b-55f1060be360/value HTTP/1.1
User-Agent: selenium/4.1.2 (java windows)
Content-Length: 131
Content-Type: application/json; charset=utf-8
host: localhost:50771
accept: */*

Response DefaultHttpResponse(decodeResult: success, version: HTTP/1.1)
HTTP/1.1 200 OK
Content-Type: application/json; charset=utf-8
cache-control: no-cache
content-length: 14

21:10:30.973 [AsyncHttpClient-1-8] DEBUG org.asynchttpclient.netty.channel.ChannelManager - Adding key: http://localhost:50771 for channel [id: 0x784fbdf6, L:/127.0.0.1:51358 - R:localhost/127.0.0.1:50771]
  &amp#27;[32mAnd &amp#27;[0m&amp#27;[32mI input news&amp#27;[0m                    &amp#27;[90m# starter.stepdefinitions.SearchStep.iInputNews()&amp#27;[0m
21:10:30.981 [Forwarding screenshot on session 33dfd08f7f7df264a2a00bd875788134 to remote] DEBUG org.asynchttpclient.netty.request.NettyRequestSender - Using pooled Channel '[id: 0x784fbdf6, L:/127.0.0.1:51358 - R:localhost/127.0.0.1:50771]' for 'GET' to 'http://localhost:50771/session/33dfd08f7f7df264a2a00bd875788134/screenshot'
21:10:30.981 [Forwarding screenshot on session 33dfd08f7f7df264a2a00bd875788134 to remote] DEBUG org.asynchttpclient.netty.request.NettyRequestSender - Using open Channel [id: 0x784fbdf6, L:/127.0.0.1:51358 - R:localhost/127.0.0.1:50771] for GET '/session/33dfd08f7f7df264a2a00bd875788134/screenshot'
21:10:31.255 [AsyncHttpClient-1-8] DEBUG org.asynchttpclient.netty.handler.HttpHandler - 

Request DefaultFullHttpRequest(decodeResult: success, version: HTTP/1.1, content: EmptyByteBufBE)
GET /session/33dfd08f7f7df264a2a00bd875788134/screenshot HTTP/1.1
User-Agent: selenium/4.1.2 (java windows)
Cache-Control: no-cache
Content-Type: application/json; charset=utf-8
host: localhost:50771
accept: */*

Response DefaultHttpResponse(decodeResult: success, version: HTTP/1.1)
HTTP/1.1 200 OK
Content-Type: application/json; charset=utf-8
cache-control: no-cache
content-length: 134536

21:10:31.255 [AsyncHttpClient-1-8] DEBUG org.asynchttpclient.netty.channel.ChannelManager - Adding key: http://localhost:50771 for channel [id: 0x784fbdf6, L:/127.0.0.1:51358 - R:localhost/127.0.0.1:50771]
21:10:31.273 [main] DEBUG net.serenitybdd.core.photography.Darkroom - Send negative for processing for target\site\serenity\84c7a9a79bfdd63f845aa719b5fff7f52473c2be67fb61e11778c86982cf8356.png
21:10:31.278 [Forwarding findElement on session 33dfd08f7f7df264a2a00bd875788134 to remote] DEBUG org.asynchttpclient.netty.request.NettyRequestSender - Using pooled Channel '[id: 0x784fbdf6, L:/127.0.0.1:51358 - R:localhost/127.0.0.1:50771]' for 'POST' to 'http://localhost:50771/session/33dfd08f7f7df264a2a00bd875788134/element'
21:10:31.278 [Forwarding findElement on session 33dfd08f7f7df264a2a00bd875788134 to remote] DEBUG org.asynchttpclient.netty.request.NettyRequestSender - Using open Channel [id: 0x784fbdf6, L:/127.0.0.1:51358 - R:localhost/127.0.0.1:50771] for POST '/session/33dfd08f7f7df264a2a00bd875788134/element'
21:10:31.291 [AsyncHttpClient-1-8] DEBUG org.asynchttpclient.netty.handler.HttpHandler - 

Request DefaultHttpRequest(decodeResult: success, version: HTTP/1.1)
POST /session/33dfd08f7f7df264a2a00bd875788134/element HTTP/1.1
User-Agent: selenium/4.1.2 (java windows)
Content-Length: 70
Content-Type: application/json; charset=utf-8
host: localhost:50771
accept: */*

Response DefaultHttpResponse(decodeResult: success, version: HTTP/1.1)
HTTP/1.1 200 OK
Content-Type: application/json; charset=utf-8
cache-control: no-cache
content-length: 88

21:10:31.291 [AsyncHttpClient-1-8] DEBUG org.asynchttpclient.netty.channel.ChannelManager - Adding key: http://localhost:50771 for channel [id: 0x784fbdf6, L:/127.0.0.1:51358 - R:localhost/127.0.0.1:50771]
21:10:31.293 [Forwarding getElementTagName on session 33dfd08f7f7df264a2a00bd875788134 to remote] DEBUG org.asynchttpclient.netty.request.NettyRequestSender - Using pooled Channel '[id: 0x784fbdf6, L:/127.0.0.1:51358 - R:localhost/127.0.0.1:50771]' for 'GET' to 'http://localhost:50771/session/33dfd08f7f7df264a2a00bd875788134/element/91300fe0-1839-4c4b-8e62-de4b11e79aa4/name'
21:10:31.293 [Forwarding getElementTagName on session 33dfd08f7f7df264a2a00bd875788134 to remote] DEBUG org.asynchttpclient.netty.request.NettyRequestSender - Using open Channel [id: 0x784fbdf6, L:/127.0.0.1:51358 - R:localhost/127.0.0.1:50771] for GET '/session/33dfd08f7f7df264a2a00bd875788134/element/91300fe0-1839-4c4b-8e62-de4b11e79aa4/name'
21:10:31.299 [AsyncHttpClient-1-8] DEBUG org.asynchttpclient.netty.handler.HttpHandler - 

Request DefaultFullHttpRequest(decodeResult: success, version: HTTP/1.1, content: EmptyByteBufBE)
GET /session/33dfd08f7f7df264a2a00bd875788134/element/91300fe0-1839-4c4b-8e62-de4b11e79aa4/name HTTP/1.1
User-Agent: selenium/4.1.2 (java windows)
Cache-Control: no-cache
Content-Type: application/json; charset=utf-8
host: localhost:50771
accept: */*

Response DefaultHttpResponse(decodeResult: success, version: HTTP/1.1)
HTTP/1.1 200 OK
Content-Type: application/json; charset=utf-8
cache-control: no-cache
content-length: 17

21:10:31.299 [AsyncHttpClient-1-8] DEBUG org.asynchttpclient.netty.channel.ChannelManager - Adding key: http://localhost:50771 for channel [id: 0x784fbdf6, L:/127.0.0.1:51358 - R:localhost/127.0.0.1:50771]
21:10:31.301 [Forwarding getElementTagName on session 33dfd08f7f7df264a2a00bd875788134 to remote] DEBUG org.asynchttpclient.netty.request.NettyRequestSender - Using pooled Channel '[id: 0x784fbdf6, L:/127.0.0.1:51358 - R:localhost/127.0.0.1:50771]' for 'GET' to 'http://localhost:50771/session/33dfd08f7f7df264a2a00bd875788134/element/91300fe0-1839-4c4b-8e62-de4b11e79aa4/name'
21:10:31.301 [Forwarding getElementTagName on session 33dfd08f7f7df264a2a00bd875788134 to remote] DEBUG org.asynchttpclient.netty.request.NettyRequestSender - Using open Channel [id: 0x784fbdf6, L:/127.0.0.1:51358 - R:localhost/127.0.0.1:50771] for GET '/session/33dfd08f7f7df264a2a00bd875788134/element/91300fe0-1839-4c4b-8e62-de4b11e79aa4/name'
21:10:31.305 [AsyncHttpClient-1-8] DEBUG org.asynchttpclient.netty.handler.HttpHandler - 

Request DefaultFullHttpRequest(decodeResult: success, version: HTTP/1.1, content: EmptyByteBufBE)
GET /session/33dfd08f7f7df264a2a00bd875788134/element/91300fe0-1839-4c4b-8e62-de4b11e79aa4/name HTTP/1.1
User-Agent: selenium/4.1.2 (java windows)
Cache-Control: no-cache
Content-Type: application/json; charset=utf-8
host: localhost:50771
accept: */*

Response DefaultHttpResponse(decodeResult: success, version: HTTP/1.1)
HTTP/1.1 200 OK
Content-Type: application/json; charset=utf-8
cache-control: no-cache
content-length: 17

21:10:31.305 [AsyncHttpClient-1-8] DEBUG org.asynchttpclient.netty.channel.ChannelManager - Adding key: http://localhost:50771 for channel [id: 0x784fbdf6, L:/127.0.0.1:51358 - R:localhost/127.0.0.1:50771]
21:10:31.308 [Forwarding isElementEnabled on session 33dfd08f7f7df264a2a00bd875788134 to remote] DEBUG org.asynchttpclient.netty.request.NettyRequestSender - Using pooled Channel '[id: 0x784fbdf6, L:/127.0.0.1:51358 - R:localhost/127.0.0.1:50771]' for 'GET' to 'http://localhost:50771/session/33dfd08f7f7df264a2a00bd875788134/element/91300fe0-1839-4c4b-8e62-de4b11e79aa4/enabled'
21:10:31.308 [Forwarding isElementEnabled on session 33dfd08f7f7df264a2a00bd875788134 to remote] DEBUG org.asynchttpclient.netty.request.NettyRequestSender - Using open Channel [id: 0x784fbdf6, L:/127.0.0.1:51358 - R:localhost/127.0.0.1:50771] for GET '/session/33dfd08f7f7df264a2a00bd875788134/element/91300fe0-1839-4c4b-8e62-de4b11e79aa4/enabled'
21:10:31.321 [AsyncHttpClient-1-8] DEBUG org.asynchttpclient.netty.handler.HttpHandler - 

Request DefaultFullHttpRequest(decodeResult: success, version: HTTP/1.1, content: EmptyByteBufBE)
GET /session/33dfd08f7f7df264a2a00bd875788134/element/91300fe0-1839-4c4b-8e62-de4b11e79aa4/enabled HTTP/1.1
User-Agent: selenium/4.1.2 (java windows)
Cache-Control: no-cache
Content-Type: application/json; charset=utf-8
host: localhost:50771
accept: */*

Response DefaultHttpResponse(decodeResult: success, version: HTTP/1.1)
HTTP/1.1 200 OK
Content-Type: application/json; charset=utf-8
cache-control: no-cache
content-length: 14

21:10:31.321 [AsyncHttpClient-1-8] DEBUG org.asynchttpclient.netty.channel.ChannelManager - Adding key: http://localhost:50771 for channel [id: 0x784fbdf6, L:/127.0.0.1:51358 - R:localhost/127.0.0.1:50771]
21:10:31.323 [Forwarding isElementEnabled on session 33dfd08f7f7df264a2a00bd875788134 to remote] DEBUG org.asynchttpclient.netty.request.NettyRequestSender - Using pooled Channel '[id: 0x784fbdf6, L:/127.0.0.1:51358 - R:localhost/127.0.0.1:50771]' for 'GET' to 'http://localhost:50771/session/33dfd08f7f7df264a2a00bd875788134/element/91300fe0-1839-4c4b-8e62-de4b11e79aa4/enabled'
21:10:31.323 [Forwarding isElementEnabled on session 33dfd08f7f7df264a2a00bd875788134 to remote] DEBUG org.asynchttpclient.netty.request.NettyRequestSender - Using open Channel [id: 0x784fbdf6, L:/127.0.0.1:51358 - R:localhost/127.0.0.1:50771] for GET '/session/33dfd08f7f7df264a2a00bd875788134/element/91300fe0-1839-4c4b-8e62-de4b11e79aa4/enabled'
21:10:31.337 [AsyncHttpClient-1-8] DEBUG org.asynchttpclient.netty.handler.HttpHandler - 

Request DefaultFullHttpRequest(decodeResult: success, version: HTTP/1.1, content: EmptyByteBufBE)
GET /session/33dfd08f7f7df264a2a00bd875788134/element/91300fe0-1839-4c4b-8e62-de4b11e79aa4/enabled HTTP/1.1
User-Agent: selenium/4.1.2 (java windows)
Cache-Control: no-cache
Content-Type: application/json; charset=utf-8
host: localhost:50771
accept: */*

Response DefaultHttpResponse(decodeResult: success, version: HTTP/1.1)
HTTP/1.1 200 OK
Content-Type: application/json; charset=utf-8
cache-control: no-cache
content-length: 14

21:10:31.338 [AsyncHttpClient-1-8] DEBUG org.asynchttpclient.netty.channel.ChannelManager - Adding key: http://localhost:50771 for channel [id: 0x784fbdf6, L:/127.0.0.1:51358 - R:localhost/127.0.0.1:50771]
21:10:31.340 [Forwarding findElement on session 33dfd08f7f7df264a2a00bd875788134 to remote] DEBUG org.asynchttpclient.netty.request.NettyRequestSender - Using pooled Channel '[id: 0x784fbdf6, L:/127.0.0.1:51358 - R:localhost/127.0.0.1:50771]' for 'POST' to 'http://localhost:50771/session/33dfd08f7f7df264a2a00bd875788134/element'
21:10:31.340 [Forwarding findElement on session 33dfd08f7f7df264a2a00bd875788134 to remote] DEBUG org.asynchttpclient.netty.request.NettyRequestSender - Using open Channel [id: 0x784fbdf6, L:/127.0.0.1:51358 - R:localhost/127.0.0.1:50771] for POST '/session/33dfd08f7f7df264a2a00bd875788134/element'
21:10:31.355 [AsyncHttpClient-1-8] DEBUG org.asynchttpclient.netty.handler.HttpHandler - 

Request DefaultHttpRequest(decodeResult: success, version: HTTP/1.1)
POST /session/33dfd08f7f7df264a2a00bd875788134/element HTTP/1.1
User-Agent: selenium/4.1.2 (java windows)
Content-Length: 70
Content-Type: application/json; charset=utf-8
host: localhost:50771
accept: */*

Response DefaultHttpResponse(decodeResult: success, version: HTTP/1.1)
HTTP/1.1 200 OK
Content-Type: application/json; charset=utf-8
cache-control: no-cache
content-length: 88

21:10:31.356 [AsyncHttpClient-1-8] DEBUG org.asynchttpclient.netty.channel.ChannelManager - Adding key: http://localhost:50771 for channel [id: 0x784fbdf6, L:/127.0.0.1:51358 - R:localhost/127.0.0.1:50771]
21:10:31.357 [Forwarding clickElement on session 33dfd08f7f7df264a2a00bd875788134 to remote] DEBUG org.asynchttpclient.netty.request.NettyRequestSender - Using pooled Channel '[id: 0x784fbdf6, L:/127.0.0.1:51358 - R:localhost/127.0.0.1:50771]' for 'POST' to 'http://localhost:50771/session/33dfd08f7f7df264a2a00bd875788134/element/91300fe0-1839-4c4b-8e62-de4b11e79aa4/click'
21:10:31.357 [Forwarding clickElement on session 33dfd08f7f7df264a2a00bd875788134 to remote] DEBUG org.asynchttpclient.netty.request.NettyRequestSender - Using open Channel [id: 0x784fbdf6, L:/127.0.0.1:51358 - R:localhost/127.0.0.1:50771] for POST '/session/33dfd08f7f7df264a2a00bd875788134/element/91300fe0-1839-4c4b-8e62-de4b11e79aa4/click'
21:10:31.882 [AsyncHttpClient-1-1] DEBUG org.asynchttpclient.netty.channel.DefaultChannelPool - Entry count for : http://localhost:51359 : 1
21:10:32.981 [AsyncHttpClient-1-1] DEBUG org.asynchttpclient.netty.channel.DefaultChannelPool - Entry count for : http://localhost:51359 : 1
21:10:34.091 [AsyncHttpClient-1-1] DEBUG org.asynchttpclient.netty.channel.DefaultChannelPool - Entry count for : http://localhost:51359 : 1
21:10:34.870 [AsyncHttpClient-1-8] DEBUG org.asynchttpclient.netty.handler.HttpHandler - 

Request DefaultHttpRequest(decodeResult: success, version: HTTP/1.1)
POST /session/33dfd08f7f7df264a2a00bd875788134/element/91300fe0-1839-4c4b-8e62-de4b11e79aa4/click HTTP/1.1
User-Agent: selenium/4.1.2 (java windows)
Content-Length: 50
Content-Type: application/json; charset=utf-8
host: localhost:50771
accept: */*

Response DefaultHttpResponse(decodeResult: success, version: HTTP/1.1)
HTTP/1.1 200 OK
Content-Type: application/json; charset=utf-8
cache-control: no-cache
content-length: 14

21:10:34.870 [AsyncHttpClient-1-8] DEBUG org.asynchttpclient.netty.channel.ChannelManager - Adding key: http://localhost:50771 for channel [id: 0x784fbdf6, L:/127.0.0.1:51358 - R:localhost/127.0.0.1:50771]
  &amp#27;[32mAnd &amp#27;[0m&amp#27;[32mI clik button Search&amp#27;[0m            &amp#27;[90m# starter.stepdefinitions.SearchStep.iClikButtonSearch()&amp#27;[0m
21:10:34.881 [Forwarding screenshot on session 33dfd08f7f7df264a2a00bd875788134 to remote] DEBUG org.asynchttpclient.netty.request.NettyRequestSender - Using pooled Channel '[id: 0x784fbdf6, L:/127.0.0.1:51358 - R:localhost/127.0.0.1:50771]' for 'GET' to 'http://localhost:50771/session/33dfd08f7f7df264a2a00bd875788134/screenshot'
21:10:34.881 [Forwarding screenshot on session 33dfd08f7f7df264a2a00bd875788134 to remote] DEBUG org.asynchttpclient.netty.request.NettyRequestSender - Using open Channel [id: 0x784fbdf6, L:/127.0.0.1:51358 - R:localhost/127.0.0.1:50771] for GET '/session/33dfd08f7f7df264a2a00bd875788134/screenshot'
21:10:35.081 [AsyncHttpClient-1-8] DEBUG org.asynchttpclient.netty.handler.HttpHandler - 

Request DefaultFullHttpRequest(decodeResult: success, version: HTTP/1.1, content: EmptyByteBufBE)
GET /session/33dfd08f7f7df264a2a00bd875788134/screenshot HTTP/1.1
User-Agent: selenium/4.1.2 (java windows)
Cache-Control: no-cache
Content-Type: application/json; charset=utf-8
host: localhost:50771
accept: */*

Response DefaultHttpResponse(decodeResult: success, version: HTTP/1.1)
HTTP/1.1 200 OK
Content-Type: application/json; charset=utf-8
cache-control: no-cache
content-length: 184084

21:10:35.082 [AsyncHttpClient-1-8] DEBUG org.asynchttpclient.netty.channel.ChannelManager - Adding key: http://localhost:50771 for channel [id: 0x784fbdf6, L:/127.0.0.1:51358 - R:localhost/127.0.0.1:50771]
21:10:35.090 [main] DEBUG net.serenitybdd.core.photography.Darkroom - Send negative for processing for target\site\serenity\ba6a531eda2a466873f86a3e3cbf0a132479a9cd59fcbd444425c24e78192216.png
21:10:35.090 [Darkroom Processing Line] DEBUG net.serenitybdd.core.photography.DarkroomProcessingLine - Processing screenshot image in /var/screenshots/screenshot-7321568470005766669
21:10:35.091 [Darkroom Processing Line] DEBUG net.serenitybdd.core.photography.DarkroomProcessingLine - Saving screenshot to target\site\serenity\ba6a531eda2a466873f86a3e3cbf0a132479a9cd59fcbd444425c24e78192216.png
21:10:35.097 [Forwarding findElement on session 33dfd08f7f7df264a2a00bd875788134 to remote] DEBUG org.asynchttpclient.netty.request.NettyRequestSender - Using pooled Channel '[id: 0x784fbdf6, L:/127.0.0.1:51358 - R:localhost/127.0.0.1:50771]' for 'POST' to 'http://localhost:50771/session/33dfd08f7f7df264a2a00bd875788134/element'
21:10:35.098 [Forwarding findElement on session 33dfd08f7f7df264a2a00bd875788134 to remote] DEBUG org.asynchttpclient.netty.request.NettyRequestSender - Using open Channel [id: 0x784fbdf6, L:/127.0.0.1:51358 - R:localhost/127.0.0.1:50771] for POST '/session/33dfd08f7f7df264a2a00bd875788134/element'
21:10:35.113 [AsyncHttpClient-1-8] DEBUG org.asynchttpclient.netty.handler.HttpHandler - 

Request DefaultHttpRequest(decodeResult: success, version: HTTP/1.1)
POST /session/33dfd08f7f7df264a2a00bd875788134/element HTTP/1.1
User-Agent: selenium/4.1.2 (java windows)
Content-Length: 188
Content-Type: application/json; charset=utf-8
host: localhost:50771
accept: */*

Response DefaultHttpResponse(decodeResult: success, version: HTTP/1.1)
HTTP/1.1 200 OK
Content-Type: application/json; charset=utf-8
cache-control: no-cache
content-length: 88

21:10:35.113 [AsyncHttpClient-1-8] DEBUG org.asynchttpclient.netty.channel.ChannelManager - Adding key: http://localhost:50771 for channel [id: 0x784fbdf6, L:/127.0.0.1:51358 - R:localhost/127.0.0.1:50771]
21:10:35.115 [Forwarding getElementTagName on session 33dfd08f7f7df264a2a00bd875788134 to remote] DEBUG org.asynchttpclient.netty.request.NettyRequestSender - Using pooled Channel '[id: 0x784fbdf6, L:/127.0.0.1:51358 - R:localhost/127.0.0.1:50771]' for 'GET' to 'http://localhost:50771/session/33dfd08f7f7df264a2a00bd875788134/element/f3f3b53a-38be-4df6-8dd6-69c13858cd39/name'
21:10:35.115 [Forwarding getElementTagName on session 33dfd08f7f7df264a2a00bd875788134 to remote] DEBUG org.asynchttpclient.netty.request.NettyRequestSender - Using open Channel [id: 0x784fbdf6, L:/127.0.0.1:51358 - R:localhost/127.0.0.1:50771] for GET '/session/33dfd08f7f7df264a2a00bd875788134/element/f3f3b53a-38be-4df6-8dd6-69c13858cd39/name'
21:10:35.122 [AsyncHttpClient-1-8] DEBUG org.asynchttpclient.netty.handler.HttpHandler - 

Request DefaultFullHttpRequest(decodeResult: success, version: HTTP/1.1, content: EmptyByteBufBE)
GET /session/33dfd08f7f7df264a2a00bd875788134/element/f3f3b53a-38be-4df6-8dd6-69c13858cd39/name HTTP/1.1
User-Agent: selenium/4.1.2 (java windows)
Cache-Control: no-cache
Content-Type: application/json; charset=utf-8
host: localhost:50771
accept: */*

Response DefaultHttpResponse(decodeResult: success, version: HTTP/1.1)
HTTP/1.1 200 OK
Content-Type: application/json; charset=utf-8
cache-control: no-cache
content-length: 15

21:10:35.122 [AsyncHttpClient-1-8] DEBUG org.asynchttpclient.netty.channel.ChannelManager - Adding key: http://localhost:50771 for channel [id: 0x784fbdf6, L:/127.0.0.1:51358 - R:localhost/127.0.0.1:50771]
21:10:35.124 [Forwarding getElementTagName on session 33dfd08f7f7df264a2a00bd875788134 to remote] DEBUG org.asynchttpclient.netty.request.NettyRequestSender - Using pooled Channel '[id: 0x784fbdf6, L:/127.0.0.1:51358 - R:localhost/127.0.0.1:50771]' for 'GET' to 'http://localhost:50771/session/33dfd08f7f7df264a2a00bd875788134/element/f3f3b53a-38be-4df6-8dd6-69c13858cd39/name'
21:10:35.124 [Forwarding getElementTagName on session 33dfd08f7f7df264a2a00bd875788134 to remote] DEBUG org.asynchttpclient.netty.request.NettyRequestSender - Using open Channel [id: 0x784fbdf6, L:/127.0.0.1:51358 - R:localhost/127.0.0.1:50771] for GET '/session/33dfd08f7f7df264a2a00bd875788134/element/f3f3b53a-38be-4df6-8dd6-69c13858cd39/name'
21:10:35.131 [AsyncHttpClient-1-8] DEBUG org.asynchttpclient.netty.handler.HttpHandler - 

Request DefaultFullHttpRequest(decodeResult: success, version: HTTP/1.1, content: EmptyByteBufBE)
GET /session/33dfd08f7f7df264a2a00bd875788134/element/f3f3b53a-38be-4df6-8dd6-69c13858cd39/name HTTP/1.1
User-Agent: selenium/4.1.2 (java windows)
Cache-Control: no-cache
Content-Type: application/json; charset=utf-8
host: localhost:50771
accept: */*

Response DefaultHttpResponse(decodeResult: success, version: HTTP/1.1)
HTTP/1.1 200 OK
Content-Type: application/json; charset=utf-8
cache-control: no-cache
content-length: 15

21:10:35.131 [AsyncHttpClient-1-8] DEBUG org.asynchttpclient.netty.channel.ChannelManager - Adding key: http://localhost:50771 for channel [id: 0x784fbdf6, L:/127.0.0.1:51358 - R:localhost/127.0.0.1:50771]
21:10:35.133 [Forwarding findElement on session 33dfd08f7f7df264a2a00bd875788134 to remote] DEBUG org.asynchttpclient.netty.request.NettyRequestSender - Using pooled Channel '[id: 0x784fbdf6, L:/127.0.0.1:51358 - R:localhost/127.0.0.1:50771]' for 'POST' to 'http://localhost:50771/session/33dfd08f7f7df264a2a00bd875788134/element'
21:10:35.133 [Forwarding findElement on session 33dfd08f7f7df264a2a00bd875788134 to remote] DEBUG org.asynchttpclient.netty.request.NettyRequestSender - Using open Channel [id: 0x784fbdf6, L:/127.0.0.1:51358 - R:localhost/127.0.0.1:50771] for POST '/session/33dfd08f7f7df264a2a00bd875788134/element'
21:10:35.141 [AsyncHttpClient-1-8] DEBUG org.asynchttpclient.netty.handler.HttpHandler - 

Request DefaultHttpRequest(decodeResult: success, version: HTTP/1.1)
POST /session/33dfd08f7f7df264a2a00bd875788134/element HTTP/1.1
User-Agent: selenium/4.1.2 (java windows)
Content-Length: 188
Content-Type: application/json; charset=utf-8
host: localhost:50771
accept: */*

Response DefaultHttpResponse(decodeResult: success, version: HTTP/1.1)
HTTP/1.1 200 OK
Content-Type: application/json; charset=utf-8
cache-control: no-cache
content-length: 88

21:10:35.144 [AsyncHttpClient-1-8] DEBUG org.asynchttpclient.netty.channel.ChannelManager - Adding key: http://localhost:50771 for channel [id: 0x784fbdf6, L:/127.0.0.1:51358 - R:localhost/127.0.0.1:50771]
21:10:35.145 [Forwarding clickElement on session 33dfd08f7f7df264a2a00bd875788134 to remote] DEBUG org.asynchttpclient.netty.request.NettyRequestSender - Using pooled Channel '[id: 0x784fbdf6, L:/127.0.0.1:51358 - R:localhost/127.0.0.1:50771]' for 'POST' to 'http://localhost:50771/session/33dfd08f7f7df264a2a00bd875788134/element/f3f3b53a-38be-4df6-8dd6-69c13858cd39/click'
21:10:35.145 [Forwarding clickElement on session 33dfd08f7f7df264a2a00bd875788134 to remote] DEBUG org.asynchttpclient.netty.request.NettyRequestSender - Using open Channel [id: 0x784fbdf6, L:/127.0.0.1:51358 - R:localhost/127.0.0.1:50771] for POST '/session/33dfd08f7f7df264a2a00bd875788134/element/f3f3b53a-38be-4df6-8dd6-69c13858cd39/click'
21:10:35.177 [AsyncHttpClient-1-1] DEBUG org.asynchttpclient.netty.channel.DefaultChannelPool - Entry count for : http://localhost:51359 : 1
21:10:36.278 [AsyncHttpClient-1-1] DEBUG org.asynchttpclient.netty.channel.DefaultChannelPool - Entry count for : http://localhost:51359 : 1
21:10:37.376 [AsyncHttpClient-1-1] DEBUG org.asynchttpclient.netty.channel.DefaultChannelPool - Entry count for : http://localhost:51359 : 1
21:10:38.483 [AsyncHttpClient-1-1] DEBUG org.asynchttpclient.netty.channel.DefaultChannelPool - Entry count for : http://localhost:51359 : 1
21:10:39.579 [AsyncHttpClient-1-1] DEBUG org.asynchttpclient.netty.channel.DefaultChannelPool - Entry count for : http://localhost:51359 : 1
21:10:40.683 [AsyncHttpClient-1-1] DEBUG org.asynchttpclient.netty.channel.DefaultChannelPool - Entry count for : http://localhost:51359 : 1
21:10:41.782 [AsyncHttpClient-1-1] DEBUG org.asynchttpclient.netty.channel.DefaultChannelPool - Entry count for : http://localhost:51359 : 1
21:10:42.235 [AsyncHttpClient-1-8] DEBUG org.asynchttpclient.netty.handler.HttpHandler - 

Request DefaultHttpRequest(decodeResult: success, version: HTTP/1.1)
POST /session/33dfd08f7f7df264a2a00bd875788134/element/f3f3b53a-38be-4df6-8dd6-69c13858cd39/click HTTP/1.1
User-Agent: selenium/4.1.2 (java windows)
Content-Length: 50
Content-Type: application/json; charset=utf-8
host: localhost:50771
accept: */*

Response DefaultHttpResponse(decodeResult: success, version: HTTP/1.1)
HTTP/1.1 200 OK
Content-Type: application/json; charset=utf-8
cache-control: no-cache
content-length: 14

21:10:42.236 [AsyncHttpClient-1-8] DEBUG org.asynchttpclient.netty.channel.ChannelManager - Adding key: http://localhost:50771 for channel [id: 0x784fbdf6, L:/127.0.0.1:51358 - R:localhost/127.0.0.1:50771]
  &amp#27;[32mAnd &amp#27;[0m&amp#27;[32mI click news in the second line&amp#27;[0m &amp#27;[90m# starter.stepdefinitions.SearchStep.iClickNewsInTheSecondLine()&amp#27;[0m
21:10:42.243 [Forwarding screenshot on session 33dfd08f7f7df264a2a00bd875788134 to remote] DEBUG org.asynchttpclient.netty.request.NettyRequestSender - Using pooled Channel '[id: 0x784fbdf6, L:/127.0.0.1:51358 - R:localhost/127.0.0.1:50771]' for 'GET' to 'http://localhost:50771/session/33dfd08f7f7df264a2a00bd875788134/screenshot'
21:10:42.243 [Forwarding screenshot on session 33dfd08f7f7df264a2a00bd875788134 to remote] DEBUG org.asynchttpclient.netty.request.NettyRequestSender - Using open Channel [id: 0x784fbdf6, L:/127.0.0.1:51358 - R:localhost/127.0.0.1:50771] for GET '/session/33dfd08f7f7df264a2a00bd875788134/screenshot'
21:10:42.588 [AsyncHttpClient-1-8] DEBUG org.asynchttpclient.netty.handler.HttpHandler - 

Request DefaultFullHttpRequest(decodeResult: success, version: HTTP/1.1, content: EmptyByteBufBE)
GET /session/33dfd08f7f7df264a2a00bd875788134/screenshot HTTP/1.1
User-Agent: selenium/4.1.2 (java windows)
Cache-Control: no-cache
Content-Type: application/json; charset=utf-8
host: localhost:50771
accept: */*

Response DefaultHttpResponse(decodeResult: success, version: HTTP/1.1)
HTTP/1.1 200 OK
Content-Type: application/json; charset=utf-8
cache-control: no-cache
content-length: 949564

21:10:42.618 [AsyncHttpClient-1-8] DEBUG org.asynchttpclient.netty.channel.ChannelManager - Adding key: http://localhost:50771 for channel [id: 0x784fbdf6, L:/127.0.0.1:51358 - R:localhost/127.0.0.1:50771]
21:10:42.703 [main] DEBUG net.serenitybdd.core.photography.Darkroom - Send negative for processing for target\site\serenity\af863e762e681f579f711d32ff3ba3d79ca3e822d130af3acc86d51d940af6d9.png
21:10:42.704 [Darkroom Processing Line] DEBUG net.serenitybdd.core.photography.DarkroomProcessingLine - Processing screenshot image in /var/screenshots/screenshot-1847518932832863769
21:10:42.704 [Darkroom Processing Line] DEBUG net.serenitybdd.core.photography.DarkroomProcessingLine - Saving screenshot to target\site\serenity\af863e762e681f579f711d32ff3ba3d79ca3e822d130af3acc86d51d940af6d9.png
21:10:42.709 [Forwarding findElement on session 33dfd08f7f7df264a2a00bd875788134 to remote] DEBUG org.asynchttpclient.netty.request.NettyRequestSender - Using pooled Channel '[id: 0x784fbdf6, L:/127.0.0.1:51358 - R:localhost/127.0.0.1:50771]' for 'POST' to 'http://localhost:50771/session/33dfd08f7f7df264a2a00bd875788134/element'
21:10:42.709 [Forwarding findElement on session 33dfd08f7f7df264a2a00bd875788134 to remote] DEBUG org.asynchttpclient.netty.request.NettyRequestSender - Using open Channel [id: 0x784fbdf6, L:/127.0.0.1:51358 - R:localhost/127.0.0.1:50771] for POST '/session/33dfd08f7f7df264a2a00bd875788134/element'
21:10:42.720 [AsyncHttpClient-1-8] DEBUG org.asynchttpclient.netty.handler.HttpHandler - 

Request DefaultHttpRequest(decodeResult: success, version: HTTP/1.1)
POST /session/33dfd08f7f7df264a2a00bd875788134/element HTTP/1.1
User-Agent: selenium/4.1.2 (java windows)
Content-Length: 168
Content-Type: application/json; charset=utf-8
host: localhost:50771
accept: */*

Response DefaultHttpResponse(decodeResult: success, version: HTTP/1.1)
HTTP/1.1 200 OK
Content-Type: application/json; charset=utf-8
cache-control: no-cache
content-length: 88

21:10:42.720 [AsyncHttpClient-1-8] DEBUG org.asynchttpclient.netty.channel.ChannelManager - Adding key: http://localhost:50771 for channel [id: 0x784fbdf6, L:/127.0.0.1:51358 - R:localhost/127.0.0.1:50771]
21:10:42.720 [Forwarding isElementDisplayed on session 33dfd08f7f7df264a2a00bd875788134 to remote] DEBUG org.asynchttpclient.netty.request.NettyRequestSender - Using pooled Channel '[id: 0x784fbdf6, L:/127.0.0.1:51358 - R:localhost/127.0.0.1:50771]' for 'POST' to 'http://localhost:50771/session/33dfd08f7f7df264a2a00bd875788134/execute/sync'
21:10:42.720 [Forwarding isElementDisplayed on session 33dfd08f7f7df264a2a00bd875788134 to remote] DEBUG org.asynchttpclient.netty.request.NettyRequestSender - Using open Channel [id: 0x784fbdf6, L:/127.0.0.1:51358 - R:localhost/127.0.0.1:50771] for POST '/session/33dfd08f7f7df264a2a00bd875788134/execute/sync'
21:10:42.741 [AsyncHttpClient-1-8] DEBUG org.asynchttpclient.netty.handler.HttpHandler - 

Request DefaultHttpRequest(decodeResult: success, version: HTTP/1.1)
POST /session/33dfd08f7f7df264a2a00bd875788134/execute/sync HTTP/1.1
User-Agent: selenium/4.1.2 (java windows)
Content-Length: 48780
Content-Type: application/json; charset=utf-8
host: localhost:50771
accept: */*

Response DefaultHttpResponse(decodeResult: success, version: HTTP/1.1)
HTTP/1.1 200 OK
Content-Type: application/json; charset=utf-8
cache-control: no-cache
content-length: 14

21:10:42.741 [AsyncHttpClient-1-8] DEBUG org.asynchttpclient.netty.channel.ChannelManager - Adding key: http://localhost:50771 for channel [id: 0x784fbdf6, L:/127.0.0.1:51358 - R:localhost/127.0.0.1:50771]
  &amp#27;[32mThen &amp#27;[0m&amp#27;[32mI can see the news&amp#27;[0m             &amp#27;[90m# starter.stepdefinitions.SearchStep.iCanSeeTheNews()&amp#27;[0m
21:10:42.745 [main] INFO  - 
  _____   ___   ___   _____     ___     _     ___   ___   ___   ___  
 |_   _| | __| / __| |_   _|   | _ \   /_\   / __| / __| | __| |   \ 
   | |   | _|  \__ \   | |     |  _/  / _ \  \__ \ \__ \ | _|  | |) |
   |_|   |___| |___/   |_|     |_|   /_/ \_\ |___/ |___/ |___| |___/ 

Search News Successfully
----------------------------------------------------------------------
21:10:42.747 [Driver Command Executor] DEBUG org.asynchttpclient.netty.request.NettyRequestSender - Using pooled Channel '[id: 0x784fbdf6, L:/127.0.0.1:51358 - R:localhost/127.0.0.1:50771]' for 'DELETE' to 'http://localhost:50771/session/33dfd08f7f7df264a2a00bd875788134'
21:10:42.747 [Driver Command Executor] DEBUG org.asynchttpclient.netty.request.NettyRequestSender - Using open Channel [id: 0x784fbdf6, L:/127.0.0.1:51358 - R:localhost/127.0.0.1:50771] for DELETE '/session/33dfd08f7f7df264a2a00bd875788134'
21:10:42.747 [AsyncHttpClient-1-10] DEBUG org.asynchttpclient.netty.handler.WebSocketHandler - Channel Closed: [id: 0x018092e5, L:/127.0.0.1:51366 ! R:localhost/127.0.0.1:51359] with attribute NettyResponseFuture{currentRetry=5,
	isDone=1,
	isCancelled=0,
	asyncHandler=org.asynchttpclient.ws.WebSocketUpgradeHandler@d85724,
	nettyRequest=org.asynchttpclient.netty.request.NettyRequest@1dac9db,
	future=java.util.concurrent.CompletableFuture@178f28[Completed normally],
	uri=ws://localhost:51359/devtools/browser/cbb9ac37-07ad-4319-bac3-568039e4bb50,
	keepAlive=true,
	redirectCount=0,
	timeoutsHolder=null,
	inAuth=0,
	touch=1655820618766}
21:10:42.747 [AsyncHttpClient-1-10] DEBUG org.asynchttpclient.netty.channel.ChannelManager - Closing Channel [id: 0x018092e5, L:/127.0.0.1:51366 ! R:localhost/127.0.0.1:51359] 
21:10:42.829 [AsyncHttpClient-1-9] DEBUG org.asynchttpclient.netty.handler.HttpHandler - Unexpected I/O exception on channel [id: 0xab3afe2b, L:/127.0.0.1:51365 - R:localhost/127.0.0.1:51359]
java.io.IOException: An existing connection was forcibly closed by the remote host
	at sun.nio.ch.SocketDispatcher.read0(Native Method)
	at sun.nio.ch.SocketDispatcher.read(SocketDispatcher.java:43)
	at sun.nio.ch.IOUtil.readIntoNativeBuffer(IOUtil.java:223)
	at sun.nio.ch.IOUtil.read(IOUtil.java:192)
	at sun.nio.ch.SocketChannelImpl.read(SocketChannelImpl.java:378)
	at io.netty.buffer.PooledByteBuf.setBytes(PooledByteBuf.java:258)
	at io.netty.buffer.AbstractByteBuf.writeBytes(AbstractByteBuf.java:1132)
	at io.netty.channel.socket.nio.NioSocketChannel.doReadBytes(NioSocketChannel.java:350)
	at io.netty.channel.nio.AbstractNioByteChannel$NioByteUnsafe.read(AbstractNioByteChannel.java:151)
	at io.netty.channel.nio.NioEventLoop.processSelectedKey(NioEventLoop.java:722)
	at io.netty.channel.nio.NioEventLoop.processSelectedKeysOptimized(NioEventLoop.java:658)
	at io.netty.channel.nio.NioEventLoop.processSelectedKeys(NioEventLoop.java:584)
	at io.netty.channel.nio.NioEventLoop.run(NioEventLoop.java:496)
	at io.netty.util.concurrent.SingleThreadEventExecutor$4.run(SingleThreadEventExecutor.java:986)
	at io.netty.util.internal.ThreadExecutorMap$2.run(ThreadExecutorMap.java:74)
	at io.netty.util.concurrent.FastThreadLocalRunnable.run(FastThreadLocalRunnable.java:30)
	at java.lang.Thread.run(Thread.java:750)
21:10:42.829 [AsyncHttpClient-1-9] DEBUG org.asynchttpclient.netty.channel.ChannelManager - Closing Channel [id: 0xab3afe2b, L:/127.0.0.1:51365 - R:localhost/127.0.0.1:51359] 
21:10:42.829 [AsyncHttpClient-1-9] DEBUG org.asynchttpclient.netty.handler.HttpHandler - Channel Closed: [id: 0xab3afe2b, L:/127.0.0.1:51365 ! R:localhost/127.0.0.1:51359] with attribute DISCARD
21:10:42.876 [AsyncHttpClient-1-1] DEBUG org.asynchttpclient.netty.channel.DefaultChannelPool - Entry count for : http://localhost:51359 : 1
21:10:42.876 [AsyncHttpClient-1-1] DEBUG org.asynchttpclient.netty.channel.DefaultChannelPool - Adding Candidate expired Channel [id: 0xab3afe2b, L:/127.0.0.1:51365 ! R:localhost/127.0.0.1:51359] isIdleTimeoutExpired=false isRemotelyClosed=true isTtlExpired=false
21:10:42.876 [AsyncHttpClient-1-1] DEBUG org.asynchttpclient.netty.channel.DefaultChannelPool - Closing Idle Channel [id: 0xab3afe2b, L:/127.0.0.1:51365 ! R:localhost/127.0.0.1:51359]
21:10:42.876 [AsyncHttpClient-1-1] DEBUG org.asynchttpclient.netty.channel.DefaultChannelPool - Closed 1 connections out of 1 in 0 ms
21:10:43.070 [AsyncHttpClient-1-8] DEBUG org.asynchttpclient.netty.handler.HttpHandler - 

Request DefaultFullHttpRequest(decodeResult: success, version: HTTP/1.1, content: EmptyByteBufBE)
DELETE /session/33dfd08f7f7df264a2a00bd875788134 HTTP/1.1
User-Agent: selenium/4.1.2 (java windows)
Content-Type: application/json; charset=utf-8
host: localhost:50771
accept: */*

Response DefaultHttpResponse(decodeResult: success, version: HTTP/1.1)
HTTP/1.1 200 OK
Content-Type: application/json; charset=utf-8
cache-control: no-cache
content-length: 14

21:10:43.070 [AsyncHttpClient-1-8] DEBUG org.asynchttpclient.netty.channel.ChannelManager - Adding key: http://localhost:50771 for channel [id: 0x784fbdf6, L:/127.0.0.1:51358 - R:localhost/127.0.0.1:50771]
21:10:43.150 [AsyncHttpClient-1-8] DEBUG org.asynchttpclient.netty.handler.HttpHandler - Channel Closed: [id: 0x784fbdf6, L:/127.0.0.1:51358 ! R:localhost/127.0.0.1:50771] with attribute DISCARD
]]></system-out>
    <system-err><![CDATA[Starting ChromeDriver 102.0.5005.61 (0e59bcc00cc4985ce39ad31c150065f159d95ad3-refs/branch-heads/5005@{#819}) on port 50771
Only local connections are allowed.
Please see https://chromedriver.chromium.org/security-considerations for suggestions on keeping ChromeDriver safe.
ChromeDriver was started successfully.
Jun 21, 2022 9:10:18 PM org.openqa.selenium.remote.ProtocolHandshake createSession
INFO: Detected dialect: W3C
Jun 21, 2022 9:10:18 PM org.openqa.selenium.devtools.CdpVersionFinder findNearestMatch
WARNING: Unable to find an exact match for CDP version 102, so returning the closest version found: a no-op implementation
Jun 21, 2022 9:10:18 PM org.openqa.selenium.devtools.CdpVersionFinder findNearestMatch
INFO: Unable to find CDP implementation matching 102.
Jun 21, 2022 9:10:18 PM org.openqa.selenium.chromium.ChromiumDriver lambda$new$3
WARNING: Unable to find version of CDP to use for . You may need to include a dependency on a specific version of the CDP using something similar to `org.seleniumhq.selenium:selenium-devtools-v86:4.1.2` where the version ("v86") matches the version of the chromium-based browser you're using and the version number of the artifact is the same as Selenium's.
]]></system-err>
  </testcase>
</testsuite>